<?xml version="1.0" encoding="UTF-8"?>
<testsuite name="JUnit Jupiter" tests="12" skipped="0" failures="0" errors="0" time="0.008" hostname="kung-fu-workstation" timestamp="2026-05-03T10:10:38">
<properties>
[...]
</properties>
<testcase name="publicChannelConstructorsRespectTransportAvailability()" classname="io_netty_incubator.netty_incubator_transport_classes_io_uring.Netty_incubator_transport_classes_io_uringTest" time="0">
<system-out><![CDATA[
unique-id: [engine:junit-jupiter]/[class:io_netty_incubator.netty_incubator_transport_classes_io_uring.Netty_incubator_transport_classes_io_uringTest]/[method:publicChannelConstructorsRespectTransportAvailability()]
display-name: publicChannelConstructorsRespectTransportAvailability()
]]></system-out>
</testcase>
<testcase name="socketChannelConfigRoundTripsPublicTransportOptionsWhenAvailable()" classname="io_netty_incubator.netty_incubator_transport_classes_io_uring.Netty_incubator_transport_classes_io_uringTest" time="0.001">
<system-out><![CDATA[
unique-id: [engine:junit-jupiter]/[class:io_netty_incubator.netty_incubator_transport_classes_io_uring.Netty_incubator_transport_classes_io_uringTest]/[method:socketChannelConfigRoundTripsPublicTransportOptionsWhenAvailable()]
display-name: socketChannelConfigRoundTripsPublicTransportOptionsWhenAvailable()
]]></system-out>
</testcase>
<testcase name="ioUringChannelOptionsAreRegisteredInTheConstantPool()" classname="io_netty_incubator.netty_incubator_transport_classes_io_uring.Netty_incubator_transport_classes_io_uringTest" time="0.002">
<system-out><![CDATA[
unique-id: [engine:junit-jupiter]/[class:io_netty_incubator.netty_incubator_transport_classes_io_uring.Netty_incubator_transport_classes_io_uringTest]/[method:ioUringChannelOptionsAreRegisteredInTheConstantPool()]
display-name: ioUringChannelOptionsAreRegisteredInTheConstantPool()
]]></system-out>
</testcase>
<testcase name="ioUringAvailabilityContractIsSelfConsistent()" classname="io_netty_incubator.netty_incubator_transport_classes_io_uring.Netty_incubator_transport_classes_io_uringTest" time="0">
<system-out><![CDATA[
unique-id: [engine:junit-jupiter]/[class:io_netty_incubator.netty_incubator_transport_classes_io_uring.Netty_incubator_transport_classes_io_uringTest]/[method:ioUringAvailabilityContractIsSelfConsistent()]
display-name: ioUringAvailabilityContractIsSelfConsistent()
]]></system-out>
</testcase>
<testcase name="eventLoopGroupConstructorRespectsTransportAvailability()" classname="io_netty_incubator.netty_incubator_transport_classes_io_uring.Netty_incubator_transport_classes_io_uringTest" time="0">
<system-out><![CDATA[
unique-id: [engine:junit-jupiter]/[class:io_netty_incubator.netty_incubator_transport_classes_io_uring.Netty_incubator_transport_classes_io_uringTest]/[method:eventLoopGroupConstructorRespectsTransportAvailability()]
display-name: eventLoopGroupConstructorRespectsTransportAvailability()
]]></system-out>
</testcase>
<testcase name="socketChannelsExchangeDataThroughBootstrapWhenAvailable()" classname="io_netty_incubator.netty_incubator_transport_classes_io_uring.Netty_incubator_transport_classes_io_uringTest" time="0">
<system-out><![CDATA[
unique-id: [engine:junit-jupiter]/[class:io_netty_incubator.netty_incubator_transport_classes_io_uring.Netty_incubator_transport_classes_io_uringTest]/[method:socketChannelsExchangeDataThroughBootstrapWhenAvailable()]
display-name: socketChannelsExchangeDataThroughBootstrapWhenAvailable()
]]></system-out>
</testcase>
<testcase name="datagramProtocolFamilyConstructorsRespectTransportAvailability()" classname="io_netty_incubator.netty_incubator_transport_classes_io_uring.Netty_incubator_transport_classes_io_uringTest" time="0">
<system-out><![CDATA[
unique-id: [engine:junit-jupiter]/[class:io_netty_incubator.netty_incubator_transport_classes_io_uring.Netty_incubator_transport_classes_io_uringTest]/[method:datagramProtocolFamilyConstructorsRespectTransportAvailability()]
display-name: datagramProtocolFamilyConstructorsRespectTransportAvailability()
]]></system-out>
</testcase>
<testcase name="datagramChannelConfigRoundTripsPublicTransportOptionsWhenAvailable()" classname="io_netty_incubator.netty_incubator_transport_classes_io_uring.Netty_incubator_transport_classes_io_uringTest" time="0.001">
<system-out><![CDATA[
unique-id: [engine:junit-jupiter]/[class:io_netty_incubator.netty_incubator_transport_classes_io_uring.Netty_incubator_transport_classes_io_uringTest]/[method:datagramChannelConfigRoundTripsPublicTransportOptionsWhenAvailable()]
display-name: datagramChannelConfigRoundTripsPublicTransportOptionsWhenAvailable()
]]></system-out>
</testcase>
<testcase name="ioUringFastOpenOptionsReuseTheSharedChannelOptionInstances()" classname="io_netty_incubator.netty_incubator_transport_classes_io_uring.Netty_incubator_transport_classes_io_uringTest" time="0.001">
<system-out><![CDATA[
unique-id: [engine:junit-jupiter]/[class:io_netty_incubator.netty_incubator_transport_classes_io_uring.Netty_incubator_transport_classes_io_uringTest]/[method:ioUringFastOpenOptionsReuseTheSharedChannelOptionInstances()]
display-name: ioUringFastOpenOptionsReuseTheSharedChannelOptionInstances()
]]></system-out>
</testcase>
<testcase name="serverSocketChannelConfigRoundTripsPublicTransportOptionsWhenAvailable()" classname="io_netty_incubator.netty_incubator_transport_classes_io_uring.Netty_incubator_transport_classes_io_uringTest" time="0">
<system-out><![CDATA[
unique-id: [engine:junit-jupiter]/[class:io_netty_incubator.netty_incubator_transport_classes_io_uring.Netty_incubator_transport_classes_io_uringTest]/[method:serverSocketChannelConfigRoundTripsPublicTransportOptionsWhenAvailable()]
display-name: serverSocketChannelConfigRoundTripsPublicTransportOptionsWhenAvailable()
]]></system-out>
</testcase>
<testcase name="tcpInfoStartsWithZeroedKernelCounters()" classname="io_netty_incubator.netty_incubator_transport_classes_io_uring.Netty_incubator_transport_classes_io_uringTest" time="0">
<system-out><![CDATA[
unique-id: [engine:junit-jupiter]/[class:io_netty_incubator.netty_incubator_transport_classes_io_uring.Netty_incubator_transport_classes_io_uringTest]/[method:tcpInfoStartsWithZeroedKernelCounters()]
display-name: tcpInfoStartsWithZeroedKernelCounters()
]]></system-out>
</testcase>
<testcase name="datagramChannelsExchangePacketsThroughBootstrapWhenAvailable()" classname="io_netty_incubator.netty_incubator_transport_classes_io_uring.Netty_incubator_transport_classes_io_uringTest" time="0">
<system-out><![CDATA[
unique-id: [engine:junit-jupiter]/[class:io_netty_incubator.netty_incubator_transport_classes_io_uring.Netty_incubator_transport_classes_io_uringTest]/[method:datagramChannelsExchangePacketsThroughBootstrapWhenAvailable()]
display-name: datagramChannelsExchangePacketsThroughBootstrapWhenAvailable()
]]></system-out>
</testcase>
<system-out><![CDATA[
unique-id: [engine:junit-jupiter]
display-name: JUnit Jupiter
]]></system-out>
</testsuite>
