<?xml version="1.0" encoding="UTF-8"?>
<testsuite name="JUnit Jupiter" tests="5" skipped="0" failures="0" errors="1" time="0" hostname="kung-fu-workstation" timestamp="2026-05-02T22:56:55">
<properties>
[...]
</properties>
<testcase name="annotatedMembersCanBeResolvedIntoResourceValuesUsingPublicContract()" classname="org_jboss_arquillian_test.arquillian_test_api.Arquillian_test_apiTest" time="0">
<error message="Accessing a URL protocol that was not enabled. The URL protocol https is supported but not enabled by default. It must be enabled by adding the --enable-url-protocols=https option to the native-image command." type="java.net.MalformedURLException"><![CDATA[java.net.MalformedURLException: Accessing a URL protocol that was not enabled. The URL protocol https is supported but not enabled by default. It must be enabled by adding the --enable-url-protocols=https option to the native-image command.
	at org.graalvm.nativeimage.builder/com.oracle.svm.core.jdk.JavaNetSubstitutions.unsupported(JavaNetSubstitutions.java:259)
	at org.graalvm.nativeimage.builder/com.oracle.svm.core.jdk.JavaNetSubstitutions.getURLStreamHandler(JavaNetSubstitutions.java:233)
	at java.base@25.0.2/java.net.URL.getURLStreamHandler(URL.java:85)
	at java.base@25.0.2/java.net.URL.<init>(URL.java:741)
	at java.base@25.0.2/java.net.URL.of(URL.java:871)
	at java.base@25.0.2/java.net.URI.toURL(URI.java:1176)
	at org_jboss_arquillian_test.arquillian_test_api.Arquillian_test_apiTest.annotatedMembersCanBeResolvedIntoResourceValuesUsingPublicContract(Arquillian_test_apiTest.java:86)
	at java.base@25.0.2/java.lang.reflect.Method.invoke(Method.java:565)
	at org.junit.platform.commons.util.ReflectionUtils.invokeMethod(ReflectionUtils.java:727)
	at org.junit.jupiter.engine.execution.MethodInvocation.proceed(MethodInvocation.java:60)
	at org.junit.jupiter.engine.execution.InvocationInterceptorChain$ValidatingInvocation.proceed(InvocationInterceptorChain.java:131)
	at org.junit.jupiter.api.AssertTimeoutPreemptively.lambda$submitTask$3(AssertTimeoutPreemptively.java:95)
	at java.base@25.0.2/java.util.concurrent.FutureTask.run(FutureTask.java:328)
	at java.base@25.0.2/java.util.concurrent.ThreadPoolExecutor.runWorker(ThreadPoolExecutor.java:1090)
	at java.base@25.0.2/java.util.concurrent.ThreadPoolExecutor$Worker.run(ThreadPoolExecutor.java:614)
	at java.base@25.0.2/java.lang.Thread.runWith(Thread.java:1487)
	at java.base@25.0.2/java.lang.Thread.run(Thread.java:1474)
	at org.graalvm.nativeimage.builder/com.oracle.svm.core.thread.PlatformThreads.threadStartRoutine(PlatformThreads.java:820)
	at org.graalvm.nativeimage.builder/com.oracle.svm.core.thread.PlatformThreads.threadStartRoutine(PlatformThreads.java:796)
]]></error>
<system-out><![CDATA[
unique-id: [engine:junit-jupiter]/[class:org_jboss_arquillian_test.arquillian_test_api.Arquillian_test_apiTest]/[method:annotatedMembersCanBeResolvedIntoResourceValuesUsingPublicContract()]
display-name: annotatedMembersCanBeResolvedIntoResourceValuesUsingPublicContract()
]]></system-out>
</testcase>
<testcase name="fieldResourceCanUseFieldTypeAsDefaultLookupKey()" classname="org_jboss_arquillian_test.arquillian_test_api.Arquillian_test_apiTest" time="0">
<system-out><![CDATA[
unique-id: [engine:junit-jupiter]/[class:org_jboss_arquillian_test.arquillian_test_api.Arquillian_test_apiTest]/[method:fieldResourceCanUseFieldTypeAsDefaultLookupKey()]
display-name: fieldResourceCanUseFieldTypeAsDefaultLookupKey()
]]></system-out>
</testcase>
<testcase name="annotationContractAdvertisesRuntimeFieldAndParameterUsage()" classname="org_jboss_arquillian_test.arquillian_test_api.Arquillian_test_apiTest" time="0">
<system-out><![CDATA[
unique-id: [engine:junit-jupiter]/[class:org_jboss_arquillian_test.arquillian_test_api.Arquillian_test_apiTest]/[method:annotationContractAdvertisesRuntimeFieldAndParameterUsage()]
display-name: annotationContractAdvertisesRuntimeFieldAndParameterUsage()
]]></system-out>
</testcase>
<testcase name="methodParametersKeepIndependentResourceLookupKeys()" classname="org_jboss_arquillian_test.arquillian_test_api.Arquillian_test_apiTest" time="0">
<system-out><![CDATA[
unique-id: [engine:junit-jupiter]/[class:org_jboss_arquillian_test.arquillian_test_api.Arquillian_test_apiTest]/[method:methodParametersKeepIndependentResourceLookupKeys()]
display-name: methodParametersKeepIndependentResourceLookupKeys()
]]></system-out>
</testcase>
<testcase name="fieldResourceCanOverrideLookupKeyWithExplicitType()" classname="org_jboss_arquillian_test.arquillian_test_api.Arquillian_test_apiTest" time="0">
<system-out><![CDATA[
unique-id: [engine:junit-jupiter]/[class:org_jboss_arquillian_test.arquillian_test_api.Arquillian_test_apiTest]/[method:fieldResourceCanOverrideLookupKeyWithExplicitType()]
display-name: fieldResourceCanOverrideLookupKeyWithExplicitType()
]]></system-out>
</testcase>
<system-out><![CDATA[
unique-id: [engine:junit-jupiter]
display-name: JUnit Jupiter
]]></system-out>
</testsuite>
