<?xml version="1.0" encoding="UTF-8"?>
<testsuite name="JUnit Jupiter" tests="10" skipped="0" failures="0" errors="0" time="0.001" hostname="kung-fu-workstation" timestamp="2026-05-03T09:28:09">
<properties>
[...]
</properties>
<testcase name="encodesStringLiteralsWithHuffmanWhenItReducesHeaderBlockSize()" classname="com_twitter.hpack.HpackTest" time="0">
<system-out><![CDATA[
unique-id: [engine:junit-jupiter]/[class:com_twitter.hpack.HpackTest]/[method:encodesStringLiteralsWithHuffmanWhenItReducesHeaderBlockSize()]
display-name: encodesStringLiteralsWithHuffmanWhenItReducesHeaderBlockSize()
]]></system-out>
</testcase>
<testcase name="encodesCustomHeadersWithoutDynamicIndexingWhenTableCapacityIsZero()" classname="com_twitter.hpack.HpackTest" time="0">
<system-out><![CDATA[
unique-id: [engine:junit-jupiter]/[class:com_twitter.hpack.HpackTest]/[method:encodesCustomHeadersWithoutDynamicIndexingWhenTableCapacityIsZero()]
display-name: encodesCustomHeadersWithoutDynamicIndexingWhenTableCapacityIsZero()
]]></system-out>
</testcase>
<testcase name="appliesDynamicTableSizeUpdatesBeforeDecodingShrunkTables()" classname="com_twitter.hpack.HpackTest" time="0">
<system-out><![CDATA[
unique-id: [engine:junit-jupiter]/[class:com_twitter.hpack.HpackTest]/[method:appliesDynamicTableSizeUpdatesBeforeDecodingShrunkTables()]
display-name: appliesDynamicTableSizeUpdatesBeforeDecodingShrunkTables()
]]></system-out>
</testcase>
<testcase name="decodesSequentialRequestHeaderBlocksUsingDynamicTable()" classname="com_twitter.hpack.HpackTest" time="0">
<system-out><![CDATA[
unique-id: [engine:junit-jupiter]/[class:com_twitter.hpack.HpackTest]/[method:decodesSequentialRequestHeaderBlocksUsingDynamicTable()]
display-name: decodesSequentialRequestHeaderBlocksUsingDynamicTable()
]]></system-out>
</testcase>
<testcase name="encodesStaticAndDynamicTableReferencesForRoundTripDecoding()" classname="com_twitter.hpack.HpackTest" time="0">
<system-out><![CDATA[
unique-id: [engine:junit-jupiter]/[class:com_twitter.hpack.HpackTest]/[method:encodesStaticAndDynamicTableReferencesForRoundTripDecoding()]
display-name: encodesStaticAndDynamicTableReferencesForRoundTripDecoding()
]]></system-out>
</testcase>
<testcase name="rejectsIllegalIndexedHeaderZero()" classname="com_twitter.hpack.HpackTest" time="0">
<system-out><![CDATA[
unique-id: [engine:junit-jupiter]/[class:com_twitter.hpack.HpackTest]/[method:rejectsIllegalIndexedHeaderZero()]
display-name: rejectsIllegalIndexedHeaderZero()
]]></system-out>
</testcase>
<testcase name="decodesHuffmanEncodedStringLiteralsFromRfcExamples()" classname="com_twitter.hpack.HpackTest" time="0">
<system-out><![CDATA[
unique-id: [engine:junit-jupiter]/[class:com_twitter.hpack.HpackTest]/[method:decodesHuffmanEncodedStringLiteralsFromRfcExamples()]
display-name: decodesHuffmanEncodedStringLiteralsFromRfcExamples()
]]></system-out>
</testcase>
<testcase name="decodesBasicHpackRepresentationsFromRfcExamples()" classname="com_twitter.hpack.HpackTest" time="0">
<system-out><![CDATA[
unique-id: [engine:junit-jupiter]/[class:com_twitter.hpack.HpackTest]/[method:decodesBasicHpackRepresentationsFromRfcExamples()]
display-name: decodesBasicHpackRepresentationsFromRfcExamples()
]]></system-out>
</testcase>
<testcase name="roundTripsSensitiveHeadersAsNeverIndexedHeaders()" classname="com_twitter.hpack.HpackTest" time="0">
<system-out><![CDATA[
unique-id: [engine:junit-jupiter]/[class:com_twitter.hpack.HpackTest]/[method:roundTripsSensitiveHeadersAsNeverIndexedHeaders()]
display-name: roundTripsSensitiveHeadersAsNeverIndexedHeaders()
]]></system-out>
</testcase>
<testcase name="reportsTruncatedHeaderBlocksWhenDecodedHeadersExceedMaximumHeaderSize()" classname="com_twitter.hpack.HpackTest" time="0">
<system-out><![CDATA[
unique-id: [engine:junit-jupiter]/[class:com_twitter.hpack.HpackTest]/[method:reportsTruncatedHeaderBlocksWhenDecodedHeadersExceedMaximumHeaderSize()]
display-name: reportsTruncatedHeaderBlocksWhenDecodedHeadersExceedMaximumHeaderSize()
]]></system-out>
</testcase>
<system-out><![CDATA[
unique-id: [engine:junit-jupiter]
display-name: JUnit Jupiter
]]></system-out>
</testsuite>
