<?xml version="1.0" encoding="UTF-8"?>
<testsuite name="JUnit Jupiter" tests="14" skipped="0" failures="0" errors="0" time="0.002" hostname="kung-fu-workstation" timestamp="2026-05-02T20:36:08">
<properties>
[...]
</properties>
<testcase name="emptyFinFrameIsImmutableFinMarker()" classname="io_netty_incubator.netty_incubator_codec_classes_quic.Netty_incubator_codec_classes_quicTest" time="0">
<system-out><![CDATA[
unique-id: [engine:junit-jupiter]/[class:io_netty_incubator.netty_incubator_codec_classes_quic.Netty_incubator_codec_classes_quicTest]/[method:emptyFinFrameIsImmutableFinMarker()]
display-name: emptyFinFrameIsImmutableFinMarker()
]]></system-out>
</testcase>
<testcase name="nativeBackedAddressAndTokenTypesRespectTransportAvailability()" classname="io_netty_incubator.netty_incubator_codec_classes_quic.Netty_incubator_codec_classes_quicTest" time="0">
<system-out><![CDATA[
unique-id: [engine:junit-jupiter]/[class:io_netty_incubator.netty_incubator_codec_classes_quic.Netty_incubator_codec_classes_quicTest]/[method:nativeBackedAddressAndTokenTypesRespectTransportAvailability()]
display-name: nativeBackedAddressAndTokenTypesRespectTransportAvailability()
]]></system-out>
</testcase>
<testcase name="quicHeaderParserExtractsVersionNegotiationHeader()" classname="io_netty_incubator.netty_incubator_codec_classes_quic.Netty_incubator_codec_classes_quicTest" time="0">
<system-out><![CDATA[
unique-id: [engine:junit-jupiter]/[class:io_netty_incubator.netty_incubator_codec_classes_quic.Netty_incubator_codec_classes_quicTest]/[method:quicHeaderParserExtractsVersionNegotiationHeader()]
display-name: quicHeaderParserExtractsVersionNegotiationHeader()
]]></system-out>
</testcase>
<testcase name="flushStrategiesApplyStrictPacketAndByteThresholds()" classname="io_netty_incubator.netty_incubator_codec_classes_quic.Netty_incubator_codec_classes_quicTest" time="0">
<system-out><![CDATA[
unique-id: [engine:junit-jupiter]/[class:io_netty_incubator.netty_incubator_codec_classes_quic.Netty_incubator_codec_classes_quicTest]/[method:flushStrategiesApplyStrictPacketAndByteThresholds()]
display-name: flushStrategiesApplyStrictPacketAndByteThresholds()
]]></system-out>
</testcase>
<testcase name="quicChannelOptionsAreRegisteredInNettyConstantPool()" classname="io_netty_incubator.netty_incubator_codec_classes_quic.Netty_incubator_codec_classes_quicTest" time="0">
<system-out><![CDATA[
unique-id: [engine:junit-jupiter]/[class:io_netty_incubator.netty_incubator_codec_classes_quic.Netty_incubator_codec_classes_quicTest]/[method:quicChannelOptionsAreRegisteredInNettyConstantPool()]
display-name: quicChannelOptionsAreRegisteredInNettyConstantPool()
]]></system-out>
</testcase>
<testcase name="quicAvailabilityContractIsSelfConsistent()" classname="io_netty_incubator.netty_incubator_codec_classes_quic.Netty_incubator_codec_classes_quicTest" time="0">
<system-out><![CDATA[
unique-id: [engine:junit-jupiter]/[class:io_netty_incubator.netty_incubator_codec_classes_quic.Netty_incubator_codec_classes_quicTest]/[method:quicAvailabilityContractIsSelfConsistent()]
display-name: quicAvailabilityContractIsSelfConsistent()
]]></system-out>
</testcase>
<testcase name="qlogConfigurationAndStreamPriorityExposeStableValueSemantics()" classname="io_netty_incubator.netty_incubator_codec_classes_quic.Netty_incubator_codec_classes_quicTest" time="0">
<system-out><![CDATA[
unique-id: [engine:junit-jupiter]/[class:io_netty_incubator.netty_incubator_codec_classes_quic.Netty_incubator_codec_classes_quicTest]/[method:qlogConfigurationAndStreamPriorityExposeStableValueSemantics()]
display-name: qlogConfigurationAndStreamPriorityExposeStableValueSemantics()
]]></system-out>
</testcase>
<testcase name="transportErrorsExposeMappingsAndNativeBackedEnumsRespectAvailability()" classname="io_netty_incubator.netty_incubator_codec_classes_quic.Netty_incubator_codec_classes_quicTest" time="0">
<system-out><![CDATA[
unique-id: [engine:junit-jupiter]/[class:io_netty_incubator.netty_incubator_codec_classes_quic.Netty_incubator_codec_classes_quicTest]/[method:transportErrorsExposeMappingsAndNativeBackedEnumsRespectAvailability()]
display-name: transportErrorsExposeMappingsAndNativeBackedEnumsRespectAvailability()
]]></system-out>
</testcase>
<testcase name="simpleEnumsExposeExpectedProtocolConstants()" classname="io_netty_incubator.netty_incubator_codec_classes_quic.Netty_incubator_codec_classes_quicTest" time="0">
<system-out><![CDATA[
unique-id: [engine:junit-jupiter]/[class:io_netty_incubator.netty_incubator_codec_classes_quic.Netty_incubator_codec_classes_quicTest]/[method:simpleEnumsExposeExpectedProtocolConstants()]
display-name: simpleEnumsExposeExpectedProtocolConstants()
]]></system-out>
</testcase>
<testcase name="nativeBackedCodecBuildersRespectTransportAvailability()" classname="io_netty_incubator.netty_incubator_codec_classes_quic.Netty_incubator_codec_classes_quicTest" time="0">
<system-out><![CDATA[
unique-id: [engine:junit-jupiter]/[class:io_netty_incubator.netty_incubator_codec_classes_quic.Netty_incubator_codec_classes_quicTest]/[method:nativeBackedCodecBuildersRespectTransportAvailability()]
display-name: nativeBackedCodecBuildersRespectTransportAvailability()
]]></system-out>
</testcase>
<testcase name="streamFrameBufferOperationsPreserveFinAndContentSemantics()" classname="io_netty_incubator.netty_incubator_codec_classes_quic.Netty_incubator_codec_classes_quicTest" time="0">
<system-out><![CDATA[
unique-id: [engine:junit-jupiter]/[class:io_netty_incubator.netty_incubator_codec_classes_quic.Netty_incubator_codec_classes_quicTest]/[method:streamFrameBufferOperationsPreserveFinAndContentSemantics()]
display-name: streamFrameBufferOperationsPreserveFinAndContentSemantics()
]]></system-out>
</testcase>
<testcase name="nativeBackedConnectionIdGeneratorsRespectTransportAvailability()" classname="io_netty_incubator.netty_incubator_codec_classes_quic.Netty_incubator_codec_classes_quicTest" time="0">
<system-out><![CDATA[
unique-id: [engine:junit-jupiter]/[class:io_netty_incubator.netty_incubator_codec_classes_quic.Netty_incubator_codec_classes_quicTest]/[method:nativeBackedConnectionIdGeneratorsRespectTransportAvailability()]
display-name: nativeBackedConnectionIdGeneratorsRespectTransportAvailability()
]]></system-out>
</testcase>
<testcase name="segmentedDatagramAllocatorNoneRejectsPacketAllocation()" classname="io_netty_incubator.netty_incubator_codec_classes_quic.Netty_incubator_codec_classes_quicTest" time="0">
<system-out><![CDATA[
unique-id: [engine:junit-jupiter]/[class:io_netty_incubator.netty_incubator_codec_classes_quic.Netty_incubator_codec_classes_quicTest]/[method:segmentedDatagramAllocatorNoneRejectsPacketAllocation()]
display-name: segmentedDatagramAllocatorNoneRejectsPacketAllocation()
]]></system-out>
</testcase>
<testcase name="streamAddressIdentifiesStreamsByTheirNumericStreamId()" classname="io_netty_incubator.netty_incubator_codec_classes_quic.Netty_incubator_codec_classes_quicTest" time="0">
<system-out><![CDATA[
unique-id: [engine:junit-jupiter]/[class:io_netty_incubator.netty_incubator_codec_classes_quic.Netty_incubator_codec_classes_quicTest]/[method:streamAddressIdentifiesStreamsByTheirNumericStreamId()]
display-name: streamAddressIdentifiesStreamsByTheirNumericStreamId()
]]></system-out>
</testcase>
<system-out><![CDATA[
unique-id: [engine:junit-jupiter]
display-name: JUnit Jupiter
]]></system-out>
</testsuite>
