<?xml version="1.0" encoding="UTF-8"?>
<testsuite name="JUnit Jupiter" tests="87" skipped="0" failures="0" errors="6" time="0.067" hostname="kung-fu-workstation" timestamp="2026-04-28T03:40:12">
<properties>
[...]
</properties>
<testcase name="setsEnumeratedAttributeThroughIntrospectionHelper(Path)" classname="ant.ant.IntrospectionHelperAnonymous11Test" time="0">
<system-out><![CDATA[
unique-id: [engine:junit-jupiter]/[class:ant.ant.IntrospectionHelperAnonymous11Test]/[method:setsEnumeratedAttributeThroughIntrospectionHelper(java.nio.file.Path)]
display-name: setsEnumeratedAttributeThroughIntrospectionHelper(Path)
]]></system-out>
</testcase>
<testcase name="executeRegistersAndRemovesProcessShutdownHook()" classname="ant.ant.ProcessDestroyerTest" time="0.002">
<system-out><![CDATA[
unique-id: [engine:junit-jupiter]/[class:ant.ant.ProcessDestroyerTest]/[method:executeRegistersAndRemovesProcessShutdownHook()]
display-name: executeRegistersAndRemovesProcessShutdownHook()
]]></system-out>
</testcase>
<testcase name="invokesPublicMainThroughApplicationClassLoader()" classname="ant.ant.ExecuteJavaTest" time="0">
<system-out><![CDATA[
unique-id: [engine:junit-jupiter]/[class:ant.ant.ExecuteJavaTest]/[method:invokesPublicMainThroughApplicationClassLoader()]
display-name: invokesPublicMainThroughApplicationClassLoader()
]]></system-out>
</testcase>
<testcase name="registersTaskDefinitionWithDefaultTaskContract()" classname="ant.ant.TaskdefTest" time="0">
<system-out><![CDATA[
unique-id: [engine:junit-jupiter]/[class:ant.ant.TaskdefTest]/[method:registersTaskDefinitionWithDefaultTaskContract()]
display-name: registersTaskDefinitionWithDefaultTaskContract()
]]></system-out>
</testcase>
<testcase name="configureInstantiatesNamedComponentsFromLegacySelectorNames()" classname="ant.ant.ModifiedSelectorTest" time="0">
<system-out><![CDATA[
unique-id: [engine:junit-jupiter]/[class:ant.ant.ModifiedSelectorTest]/[method:configureInstantiatesNamedComponentsFromLegacySelectorNames()]
display-name: configureInstantiatesNamedComponentsFromLegacySelectorNames()
]]></system-out>
</testcase>
<testcase name="findsClassWithCurrentClassLoader()" classname="ant.ant.AvailableTest" time="0">
<system-out><![CDATA[
unique-id: [engine:junit-jupiter]/[class:ant.ant.AvailableTest]/[method:findsClassWithCurrentClassLoader()]
display-name: findsClassWithCurrentClassLoader()
]]></system-out>
</testcase>
<testcase name="assemblesConfiguredFilterReaderThroughAntClassLoader()" classname="ant.ant.ChainReaderHelperTest" time="0">
<system-out><![CDATA[
unique-id: [engine:junit-jupiter]/[class:ant.ant.ChainReaderHelperTest]/[method:assemblesConfiguredFilterReaderThroughAntClassLoader()]
display-name: assemblesConfiguredFilterReaderThroughAntClassLoader()
]]></system-out>
</testcase>
<testcase name="instantiatesConfiguredJdbcDriver()" classname="ant.ant.JDBCTaskTest" time="0">
<system-out><![CDATA[
unique-id: [engine:junit-jupiter]/[class:ant.ant.JDBCTaskTest]/[method:instantiatesConfiguredJdbcDriver()]
display-name: instantiatesConfiguredJdbcDriver()
]]></system-out>
</testcase>
<testcase name="delegatesResourcesToParentBeforeAndAfterLoaderClasspath(Path)" classname="ant.ant.AntClassLoaderTest" time="0">
<system-out><![CDATA[
unique-id: [engine:junit-jupiter]/[class:ant.ant.AntClassLoaderTest]/[method:delegatesResourcesToParentBeforeAndAfterLoaderClasspath(java.nio.file.Path)]
display-name: delegatesResourcesToParentBeforeAndAfterLoaderClasspath(Path)
]]></system-out>
</testcase>
<testcase name="delegatesConstantExtractionToTheClassHelper()" classname="ant.ant.ClassConstantsTest" time="0">
<error message="Could not initialize class org.apache.tools.ant.filters.util.JavaClassHelper" type="java.lang.NoClassDefFoundError"><![CDATA[java.lang.NoClassDefFoundError: Could not initialize class org.apache.tools.ant.filters.util.JavaClassHelper
	at org.apache.tools.ant.filters.ClassConstants.read(ClassConstants.java:145)
	at ant.ant.ClassConstantsTest.readFully(ClassConstantsTest.java:28)
	at ant.ant.ClassConstantsTest.delegatesConstantExtractionToTheClassHelper(ClassConstantsTest.java:22)
	at java.base@25.0.2/java.lang.reflect.Method.invoke(Method.java:565)
	at org.junit.platform.commons.util.ReflectionUtils.invokeMethod(ReflectionUtils.java:727)
	at org.junit.jupiter.engine.execution.MethodInvocation.proceed(MethodInvocation.java:60)
	at org.junit.jupiter.engine.execution.InvocationInterceptorChain$ValidatingInvocation.proceed(InvocationInterceptorChain.java:131)
	at org.junit.jupiter.engine.extension.TimeoutExtension.intercept(TimeoutExtension.java:156)
	at org.junit.jupiter.engine.extension.TimeoutExtension.interceptTestableMethod(TimeoutExtension.java:147)
	at org.junit.jupiter.engine.extension.TimeoutExtension.interceptTestMethod(TimeoutExtension.java:86)
	at org.junit.jupiter.engine.execution.InterceptingExecutableInvoker$ReflectiveInterceptorCall.lambda$ofVoidMethod$0(InterceptingExecutableInvoker.java:103)
	at org.junit.jupiter.engine.execution.InterceptingExecutableInvoker.lambda$invoke$0(InterceptingExecutableInvoker.java:93)
	at org.junit.jupiter.engine.execution.InvocationInterceptorChain$InterceptedInvocation.proceed(InvocationInterceptorChain.java:106)
	at org.junit.jupiter.engine.execution.InvocationInterceptorChain.proceed(InvocationInterceptorChain.java:64)
	at org.junit.jupiter.engine.execution.InvocationInterceptorChain.chainAndInvoke(InvocationInterceptorChain.java:45)
	at org.junit.jupiter.engine.execution.InvocationInterceptorChain.invoke(InvocationInterceptorChain.java:37)
	at org.junit.jupiter.engine.execution.InterceptingExecutableInvoker.invoke(InterceptingExecutableInvoker.java:92)
	at org.junit.jupiter.engine.execution.InterceptingExecutableInvoker.invoke(InterceptingExecutableInvoker.java:86)
	at org.junit.jupiter.engine.descriptor.TestMethodTestDescriptor.lambda$invokeTestMethod$7(TestMethodTestDescriptor.java:217)
	at org.junit.platform.engine.support.hierarchical.ThrowableCollector.execute(ThrowableCollector.java:73)
	at org.junit.jupiter.engine.descriptor.TestMethodTestDescriptor.invokeTestMethod(TestMethodTestDescriptor.java:213)
	at org.junit.jupiter.engine.descriptor.TestMethodTestDescriptor.execute(TestMethodTestDescriptor.java:138)
	at org.junit.jupiter.engine.descriptor.TestMethodTestDescriptor.execute(TestMethodTestDescriptor.java:68)
	at org.junit.platform.engine.support.hierarchical.NodeTestTask.lambda$executeRecursively$6(NodeTestTask.java:151)
	at org.junit.platform.engine.support.hierarchical.ThrowableCollector.execute(ThrowableCollector.java:73)
	at org.junit.platform.engine.support.hierarchical.NodeTestTask.lambda$executeRecursively$8(NodeTestTask.java:141)
	at org.junit.platform.engine.support.hierarchical.Node.around(Node.java:137)
	at org.junit.platform.engine.support.hierarchical.NodeTestTask.lambda$executeRecursively$9(NodeTestTask.java:139)
	at org.junit.platform.engine.support.hierarchical.ThrowableCollector.execute(ThrowableCollector.java:73)
	at org.junit.platform.engine.support.hierarchical.NodeTestTask.executeRecursively(NodeTestTask.java:138)
	at org.junit.platform.engine.support.hierarchical.NodeTestTask.execute(NodeTestTask.java:95)
	at java.base@25.0.2/java.util.ArrayList.forEach(ArrayList.java:1604)
	at org.junit.platform.engine.support.hierarchical.SameThreadHierarchicalTestExecutorService.invokeAll(SameThreadHierarchicalTestExecutorService.java:41)
	at org.junit.platform.engine.support.hierarchical.NodeTestTask.lambda$executeRecursively$6(NodeTestTask.java:155)
	at org.junit.platform.engine.support.hierarchical.ThrowableCollector.execute(ThrowableCollector.java:73)
	at org.junit.platform.engine.support.hierarchical.NodeTestTask.lambda$executeRecursively$8(NodeTestTask.java:141)
	at org.junit.platform.engine.support.hierarchical.Node.around(Node.java:137)
	at org.junit.platform.engine.support.hierarchical.NodeTestTask.lambda$executeRecursively$9(NodeTestTask.java:139)
	at org.junit.platform.engine.support.hierarchical.ThrowableCollector.execute(ThrowableCollector.java:73)
	at org.junit.platform.engine.support.hierarchical.NodeTestTask.executeRecursively(NodeTestTask.java:138)
	at org.junit.platform.engine.support.hierarchical.NodeTestTask.execute(NodeTestTask.java:95)
	at java.base@25.0.2/java.util.ArrayList.forEach(ArrayList.java:1604)
	at org.junit.platform.engine.support.hierarchical.SameThreadHierarchicalTestExecutorService.invokeAll(SameThreadHierarchicalTestExecutorService.java:41)
	at org.junit.platform.engine.support.hierarchical.NodeTestTask.lambda$executeRecursively$6(NodeTestTask.java:155)
	at org.junit.platform.engine.support.hierarchical.ThrowableCollector.execute(ThrowableCollector.java:73)
	at org.junit.platform.engine.support.hierarchical.NodeTestTask.lambda$executeRecursively$8(NodeTestTask.java:141)
	at org.junit.platform.engine.support.hierarchical.Node.around(Node.java:137)
	at org.junit.platform.engine.support.hierarchical.NodeTestTask.lambda$executeRecursively$9(NodeTestTask.java:139)
	at org.junit.platform.engine.support.hierarchical.ThrowableCollector.execute(ThrowableCollector.java:73)
	at org.junit.platform.engine.support.hierarchical.NodeTestTask.executeRecursively(NodeTestTask.java:138)
	at org.junit.platform.engine.support.hierarchical.NodeTestTask.execute(NodeTestTask.java:95)
	at org.junit.platform.engine.support.hierarchical.SameThreadHierarchicalTestExecutorService.submit(SameThreadHierarchicalTestExecutorService.java:35)
	at org.junit.platform.engine.support.hierarchical.HierarchicalTestExecutor.execute(HierarchicalTestExecutor.java:57)
	at org.junit.platform.engine.support.hierarchical.HierarchicalTestEngine.execute(HierarchicalTestEngine.java:54)
	at org.junit.platform.launcher.core.EngineExecutionOrchestrator.execute(EngineExecutionOrchestrator.java:147)
	at org.junit.platform.launcher.core.EngineExecutionOrchestrator.execute(EngineExecutionOrchestrator.java:127)
	at org.junit.platform.launcher.core.EngineExecutionOrchestrator.execute(EngineExecutionOrchestrator.java:90)
	at org.junit.platform.launcher.core.EngineExecutionOrchestrator.lambda$execute$0(EngineExecutionOrchestrator.java:55)
	at org.junit.platform.launcher.core.EngineExecutionOrchestrator.withInterceptedStreams(EngineExecutionOrchestrator.java:102)
	at org.junit.platform.launcher.core.EngineExecutionOrchestrator.execute(EngineExecutionOrchestrator.java:54)
	at org.junit.platform.launcher.core.DefaultLauncher.execute(DefaultLauncher.java:114)
	at org.junit.platform.launcher.core.DefaultLauncher.execute(DefaultLauncher.java:95)
	at org.junit.platform.launcher.core.DefaultLauncherSession$DelegatingLauncher.execute(DefaultLauncherSession.java:91)
	at org.junit.platform.launcher.core.SessionPerRequestLauncher.execute(SessionPerRequestLauncher.java:60)
	at org.graalvm.junit.platform.NativeImageJUnitLauncher.main(NativeImageJUnitLauncher.java:132)
	at java.base@25.0.2/java.lang.invoke.LambdaForm$DMH/sa346b79c.invokeStaticInit(LambdaForm$DMH)
]]></error>
<system-out><![CDATA[
unique-id: [engine:junit-jupiter]/[class:ant.ant.ClassConstantsTest]/[method:delegatesConstantExtractionToTheClassHelper()]
display-name: delegatesConstantExtractionToTheClassHelper()
]]></system-out>
</testcase>
<testcase name="resolvesCustomProcessorWithAntClassLoader(Path)" classname="ant.ant.XSLTProcessTest" time="0">
<system-out><![CDATA[
unique-id: [engine:junit-jupiter]/[class:ant.ant.XSLTProcessTest]/[method:resolvesCustomProcessorWithAntClassLoader(java.nio.file.Path)]
display-name: resolvesCustomProcessorWithAntClassLoader(Path)
]]></system-out>
</testcase>
<testcase name="invokesKopiCompilerAdapterThroughJavacTask(Path)" classname="ant.ant.KjcTest" time="0.001">
<system-out><![CDATA[
unique-id: [engine:junit-jupiter]/[class:ant.ant.KjcTest]/[method:invokesKopiCompilerAdapterThroughJavacTask(java.nio.file.Path)]
display-name: invokesKopiCompilerAdapterThroughJavacTask(Path)
]]></system-out>
</testcase>
<testcase name="createsNestedElementByInvokingParentCreateMethod()" classname="ant.ant.IntrospectionHelperAnonymous1Test" time="0">
<system-out><![CDATA[
unique-id: [engine:junit-jupiter]/[class:ant.ant.IntrospectionHelperAnonymous1Test]/[method:createsNestedElementByInvokingParentCreateMethod()]
display-name: createsNestedElementByInvokingParentCreateMethod()
]]></system-out>
</testcase>
<testcase name="introspectsNestedElementsAttributesAndText()" classname="ant.ant.IntrospectionHelperTest" time="0">
<system-out><![CDATA[
unique-id: [engine:junit-jupiter]/[class:ant.ant.IntrospectionHelperTest]/[method:introspectsNestedElementsAttributesAndText()]
display-name: introspectsNestedElementsAttributesAndText()
]]></system-out>
</testcase>
<testcase name="attemptsToLoadConfiguredDriverWithSystemClassLoader()" classname="ant.ant.JDBCTaskTest" time="0">
<system-out><![CDATA[
unique-id: [engine:junit-jupiter]/[class:ant.ant.JDBCTaskTest]/[method:attemptsToLoadConfiguredDriverWithSystemClassLoader()]
display-name: attemptsToLoadConfiguredDriverWithSystemClassLoader()
]]></system-out>
</testcase>
<testcase name="createsDefaultJdkMatcherAfterAvailabilityProbe()" classname="ant.ant.RegexpMatcherFactoryTest" time="0">
<error message="No supported regular expression matcher found" type="org.apache.tools.ant.BuildException"><![CDATA[No supported regular expression matcher found
	at org.apache.tools.ant.util.regexp.RegexpMatcherFactory.newRegexpMatcher(RegexpMatcherFactory.java:124)
	at ant.ant.RegexpMatcherFactoryTest.createsDefaultJdkMatcherAfterAvailabilityProbe(RegexpMatcherFactoryTest.java:20)
	at java.base@25.0.2/java.lang.reflect.Method.invoke(Method.java:565)
	at org.junit.platform.commons.util.ReflectionUtils.invokeMethod(ReflectionUtils.java:727)
	at org.junit.jupiter.engine.execution.MethodInvocation.proceed(MethodInvocation.java:60)
	at org.junit.jupiter.engine.execution.InvocationInterceptorChain$ValidatingInvocation.proceed(InvocationInterceptorChain.java:131)
	at org.junit.jupiter.engine.extension.TimeoutExtension.intercept(TimeoutExtension.java:156)
	at org.junit.jupiter.engine.extension.TimeoutExtension.interceptTestableMethod(TimeoutExtension.java:147)
	at org.junit.jupiter.engine.extension.TimeoutExtension.interceptTestMethod(TimeoutExtension.java:86)
	at org.junit.jupiter.engine.execution.InterceptingExecutableInvoker$ReflectiveInterceptorCall.lambda$ofVoidMethod$0(InterceptingExecutableInvoker.java:103)
	at org.junit.jupiter.engine.execution.InterceptingExecutableInvoker.lambda$invoke$0(InterceptingExecutableInvoker.java:93)
	at org.junit.jupiter.engine.execution.InvocationInterceptorChain$InterceptedInvocation.proceed(InvocationInterceptorChain.java:106)
	at org.junit.jupiter.engine.execution.InvocationInterceptorChain.proceed(InvocationInterceptorChain.java:64)
	at org.junit.jupiter.engine.execution.InvocationInterceptorChain.chainAndInvoke(InvocationInterceptorChain.java:45)
	at org.junit.jupiter.engine.execution.InvocationInterceptorChain.invoke(InvocationInterceptorChain.java:37)
	at org.junit.jupiter.engine.execution.InterceptingExecutableInvoker.invoke(InterceptingExecutableInvoker.java:92)
	at org.junit.jupiter.engine.execution.InterceptingExecutableInvoker.invoke(InterceptingExecutableInvoker.java:86)
	at org.junit.jupiter.engine.descriptor.TestMethodTestDescriptor.lambda$invokeTestMethod$7(TestMethodTestDescriptor.java:217)
	at org.junit.platform.engine.support.hierarchical.ThrowableCollector.execute(ThrowableCollector.java:73)
	at org.junit.jupiter.engine.descriptor.TestMethodTestDescriptor.invokeTestMethod(TestMethodTestDescriptor.java:213)
	at org.junit.jupiter.engine.descriptor.TestMethodTestDescriptor.execute(TestMethodTestDescriptor.java:138)
	at org.junit.jupiter.engine.descriptor.TestMethodTestDescriptor.execute(TestMethodTestDescriptor.java:68)
	at org.junit.platform.engine.support.hierarchical.NodeTestTask.lambda$executeRecursively$6(NodeTestTask.java:151)
	at org.junit.platform.engine.support.hierarchical.ThrowableCollector.execute(ThrowableCollector.java:73)
	at org.junit.platform.engine.support.hierarchical.NodeTestTask.lambda$executeRecursively$8(NodeTestTask.java:141)
	at org.junit.platform.engine.support.hierarchical.Node.around(Node.java:137)
	at org.junit.platform.engine.support.hierarchical.NodeTestTask.lambda$executeRecursively$9(NodeTestTask.java:139)
	at org.junit.platform.engine.support.hierarchical.ThrowableCollector.execute(ThrowableCollector.java:73)
	at org.junit.platform.engine.support.hierarchical.NodeTestTask.executeRecursively(NodeTestTask.java:138)
	at org.junit.platform.engine.support.hierarchical.NodeTestTask.execute(NodeTestTask.java:95)
	at java.base@25.0.2/java.util.ArrayList.forEach(ArrayList.java:1604)
	at org.junit.platform.engine.support.hierarchical.SameThreadHierarchicalTestExecutorService.invokeAll(SameThreadHierarchicalTestExecutorService.java:41)
	at org.junit.platform.engine.support.hierarchical.NodeTestTask.lambda$executeRecursively$6(NodeTestTask.java:155)
	at org.junit.platform.engine.support.hierarchical.ThrowableCollector.execute(ThrowableCollector.java:73)
	at org.junit.platform.engine.support.hierarchical.NodeTestTask.lambda$executeRecursively$8(NodeTestTask.java:141)
	at org.junit.platform.engine.support.hierarchical.Node.around(Node.java:137)
	at org.junit.platform.engine.support.hierarchical.NodeTestTask.lambda$executeRecursively$9(NodeTestTask.java:139)
	at org.junit.platform.engine.support.hierarchical.ThrowableCollector.execute(ThrowableCollector.java:73)
	at org.junit.platform.engine.support.hierarchical.NodeTestTask.executeRecursively(NodeTestTask.java:138)
	at org.junit.platform.engine.support.hierarchical.NodeTestTask.execute(NodeTestTask.java:95)
	at java.base@25.0.2/java.util.ArrayList.forEach(ArrayList.java:1604)
	at org.junit.platform.engine.support.hierarchical.SameThreadHierarchicalTestExecutorService.invokeAll(SameThreadHierarchicalTestExecutorService.java:41)
	at org.junit.platform.engine.support.hierarchical.NodeTestTask.lambda$executeRecursively$6(NodeTestTask.java:155)
	at org.junit.platform.engine.support.hierarchical.ThrowableCollector.execute(ThrowableCollector.java:73)
	at org.junit.platform.engine.support.hierarchical.NodeTestTask.lambda$executeRecursively$8(NodeTestTask.java:141)
	at org.junit.platform.engine.support.hierarchical.Node.around(Node.java:137)
	at org.junit.platform.engine.support.hierarchical.NodeTestTask.lambda$executeRecursively$9(NodeTestTask.java:139)
	at org.junit.platform.engine.support.hierarchical.ThrowableCollector.execute(ThrowableCollector.java:73)
	at org.junit.platform.engine.support.hierarchical.NodeTestTask.executeRecursively(NodeTestTask.java:138)
	at org.junit.platform.engine.support.hierarchical.NodeTestTask.execute(NodeTestTask.java:95)
	at org.junit.platform.engine.support.hierarchical.SameThreadHierarchicalTestExecutorService.submit(SameThreadHierarchicalTestExecutorService.java:35)
	at org.junit.platform.engine.support.hierarchical.HierarchicalTestExecutor.execute(HierarchicalTestExecutor.java:57)
	at org.junit.platform.engine.support.hierarchical.HierarchicalTestEngine.execute(HierarchicalTestEngine.java:54)
	at org.junit.platform.launcher.core.EngineExecutionOrchestrator.execute(EngineExecutionOrchestrator.java:147)
	at org.junit.platform.launcher.core.EngineExecutionOrchestrator.execute(EngineExecutionOrchestrator.java:127)
	at org.junit.platform.launcher.core.EngineExecutionOrchestrator.execute(EngineExecutionOrchestrator.java:90)
	at org.junit.platform.launcher.core.EngineExecutionOrchestrator.lambda$execute$0(EngineExecutionOrchestrator.java:55)
	at org.junit.platform.launcher.core.EngineExecutionOrchestrator.withInterceptedStreams(EngineExecutionOrchestrator.java:102)
	at org.junit.platform.launcher.core.EngineExecutionOrchestrator.execute(EngineExecutionOrchestrator.java:54)
	at org.junit.platform.launcher.core.DefaultLauncher.execute(DefaultLauncher.java:114)
	at org.junit.platform.launcher.core.DefaultLauncher.execute(DefaultLauncher.java:95)
	at org.junit.platform.launcher.core.DefaultLauncherSession$DelegatingLauncher.execute(DefaultLauncherSession.java:91)
	at org.junit.platform.launcher.core.SessionPerRequestLauncher.execute(SessionPerRequestLauncher.java:60)
	at org.graalvm.junit.platform.NativeImageJUnitLauncher.main(NativeImageJUnitLauncher.java:132)
	at java.base@25.0.2/java.lang.invoke.LambdaForm$DMH/sa346b79c.invokeStaticInit(LambdaForm$DMH)
]]></error>
<system-out><![CDATA[
unique-id: [engine:junit-jupiter]/[class:ant.ant.RegexpMatcherFactoryTest]/[method:createsDefaultJdkMatcherAfterAvailabilityProbe()]
display-name: createsDefaultJdkMatcherAfterAvailabilityProbe()
]]></system-out>
</testcase>
<testcase name="findsClassWithConfiguredClasspath(Path)" classname="ant.ant.AvailableTest" time="0">
<system-out><![CDATA[
unique-id: [engine:junit-jupiter]/[class:ant.ant.AvailableTest]/[method:findsClassWithConfiguredClasspath(java.nio.file.Path)]
display-name: findsClassWithConfiguredClasspath(Path)
]]></system-out>
</testcase>
<testcase name="createsAdapterFromFullyQualifiedCompilerAdapterClassName()" classname="ant.ant.CompilerAdapterFactoryTest" time="0">
<system-out><![CDATA[
unique-id: [engine:junit-jupiter]/[class:ant.ant.CompilerAdapterFactoryTest]/[method:createsAdapterFromFullyQualifiedCompilerAdapterClassName()]
display-name: createsAdapterFromFullyQualifiedCompilerAdapterClassName()
]]></system-out>
</testcase>
<testcase name="mapsIiopInterfaceClassThroughConfiguredClassLoader()" classname="ant.ant.DefaultRmicAdapterInnerRmicFileNameMapperTest" time="0">
<system-out><![CDATA[
unique-id: [engine:junit-jupiter]/[class:ant.ant.DefaultRmicAdapterInnerRmicFileNameMapperTest]/[method:mapsIiopInterfaceClassThroughConfiguredClassLoader()]
display-name: mapsIiopInterfaceClassThroughConfiguredClassLoader()
]]></system-out>
</testcase>
<testcase name="executesSunRmicAdapterWithOutputStreamConstructor(Path)" classname="ant.ant.SunRmicTest" time="0">
<system-out><![CDATA[
unique-id: [engine:junit-jupiter]/[class:ant.ant.SunRmicTest]/[method:executesSunRmicAdapterWithOutputStreamConstructor(java.nio.file.Path)]
display-name: executesSunRmicAdapterWithOutputStreamConstructor(Path)
]]></system-out>
</testcase>
<testcase name="setsStringAttributeThroughIntrospectionHelper()" classname="ant.ant.IntrospectionHelperAnonymous5Test" time="0">
<system-out><![CDATA[
unique-id: [engine:junit-jupiter]/[class:ant.ant.IntrospectionHelperAnonymous5Test]/[method:setsStringAttributeThroughIntrospectionHelper()]
display-name: setsStringAttributeThroughIntrospectionHelper()
]]></system-out>
</testcase>
<testcase name="findsResourceWithConfiguredClasspath(Path)" classname="ant.ant.AvailableTest" time="0">
<system-out><![CDATA[
unique-id: [engine:junit-jupiter]/[class:ant.ant.AvailableTest]/[method:findsResourceWithConfiguredClasspath(java.nio.file.Path)]
display-name: findsResourceWithConfiguredClasspath(Path)
]]></system-out>
</testcase>
<testcase name="executesWebLogicRmicAdapterWithMainMethod(Path)" classname="ant.ant.WLRmicTest" time="0">
<system-out><![CDATA[
unique-id: [engine:junit-jupiter]/[class:ant.ant.WLRmicTest]/[method:executesWebLogicRmicAdapterWithMainMethod(java.nio.file.Path)]
display-name: executesWebLogicRmicAdapterWithMainMethod(Path)
]]></system-out>
</testcase>
<testcase name="resolvesConfiguredResourceThroughAntlibClassLoader()" classname="ant.ant.DefinerTest" time="0">
<system-out><![CDATA[
unique-id: [engine:junit-jupiter]/[class:ant.ant.DefinerTest]/[method:resolvesConfiguredResourceThroughAntlibClassLoader()]
display-name: resolvesConfiguredResourceThroughAntlibClassLoader()
]]></system-out>
</testcase>
<testcase name="executesKaffeRmicAdapterWithStringArrayConstructor(Path)" classname="ant.ant.KaffeRmicTest" time="0">
<system-out><![CDATA[
unique-id: [engine:junit-jupiter]/[class:ant.ant.KaffeRmicTest]/[method:executesKaffeRmicAdapterWithStringArrayConstructor(java.nio.file.Path)]
display-name: executesKaffeRmicAdapterWithStringArrayConstructor(Path)
]]></system-out>
</testcase>
<testcase name="setCompressedSizeThroughAntCompatibilityApi()" classname="ant.ant.ZipEntryTest" time="0">
<system-out><![CDATA[
unique-id: [engine:junit-jupiter]/[class:ant.ant.ZipEntryTest]/[method:setCompressedSizeThroughAntCompatibilityApi()]
display-name: setCompressedSizeThroughAntCompatibilityApi()
]]></system-out>
</testcase>
<testcase name="validatesAndExecutesProjectAwareProxyTask()" classname="ant.ant.TaskAdapterTest" time="0">
<system-out><![CDATA[
unique-id: [engine:junit-jupiter]/[class:ant.ant.TaskAdapterTest]/[method:validatesAndExecutesProjectAwareProxyTask()]
display-name: validatesAndExecutesProjectAwareProxyTask()
]]></system-out>
</testcase>
<testcase name="exposedDefineClassUsesProjectProtectionDomain(Path)" classname="ant.ant.AntClassLoader2Test" time="0">
<system-out><![CDATA[
unique-id: [engine:junit-jupiter]/[class:ant.ant.AntClassLoader2Test]/[method:exposedDefineClassUsesProjectProtectionDomain(java.nio.file.Path)]
display-name: exposedDefineClassUsesProjectProtectionDomain(Path)
]]></system-out>
</testcase>
<testcase name="addsTypedComponentWhenCreatorCreatesNestedElement()" classname="ant.ant.IntrospectionHelperAnonymous13Test" time="0">
<system-out><![CDATA[
unique-id: [engine:junit-jupiter]/[class:ant.ant.IntrospectionHelperAnonymous13Test]/[method:addsTypedComponentWhenCreatorCreatesNestedElement()]
display-name: addsTypedComponentWhenCreatorCreatesNestedElement()
]]></system-out>
</testcase>
<testcase name="resolvesCompilerFactoryClassThroughLegacyClassLiteralHelper()" classname="ant.ant.CompilerAdapterFactoryTest" time="0">
<system-out><![CDATA[
unique-id: [engine:junit-jupiter]/[class:ant.ant.CompilerAdapterFactoryTest]/[method:resolvesCompilerFactoryClassThroughLegacyClassLiteralHelper()]
display-name: resolvesCompilerFactoryClassThroughLegacyClassLiteralHelper()
]]></system-out>
</testcase>
<testcase name="loadsAndAugmentsDefaultManifestResource()" classname="ant.ant.ManifestTest" time="0">
<system-out><![CDATA[
unique-id: [engine:junit-jupiter]/[class:ant.ant.ManifestTest]/[method:loadsAndAugmentsDefaultManifestResource()]
display-name: loadsAndAugmentsDefaultManifestResource()
]]></system-out>
</testcase>
<testcase name="createsProjectAwareTypeLoadedThroughConfiguredClassLoader()" classname="ant.ant.AntTypeDefinitionTest" time="0">
<system-out><![CDATA[
unique-id: [engine:junit-jupiter]/[class:ant.ant.AntTypeDefinitionTest]/[method:createsProjectAwareTypeLoadedThroughConfiguredClassLoader()]
display-name: createsProjectAwareTypeLoadedThroughConfiguredClassLoader()
]]></system-out>
</testcase>
<testcase name="invokesPublicMainThroughProjectClassLoader()" classname="ant.ant.ExecuteJavaTest" time="0">
<system-out><![CDATA[
unique-id: [engine:junit-jupiter]/[class:ant.ant.ExecuteJavaTest]/[method:invokesPublicMainThroughProjectClassLoader()]
display-name: invokesPublicMainThroughProjectClassLoader()
]]></system-out>
</testcase>
<testcase name="addsConfiguredTypedComponentWhenCreatorStoresNestedElement()" classname="ant.ant.IntrospectionHelperAnonymous13Test" time="0">
<system-out><![CDATA[
unique-id: [engine:junit-jupiter]/[class:ant.ant.IntrospectionHelperAnonymous13Test]/[method:addsConfiguredTypedComponentWhenCreatorStoresNestedElement()]
display-name: addsConfiguredTypedComponentWhenCreatorStoresNestedElement()
]]></system-out>
</testcase>
<testcase name="exercisesClassInitializationAndClassLoading(Path)" classname="ant.ant.AntClassLoaderTest" time="0">
<error message="Classes cannot be defined at runtime by default when using ahead-of-time Native Image compilation. Tried to define class:

    fixtures.AntLoadedFixture

To make this work, you have the following options:
  1) Modify or reconfigure your application (or a third-party library) so that it does not generate classes at runtime or load them via non-built-in class loaders.
  2) If the classes must be generated, try to generate them at build time in a static initializer of a dedicated class. The generated java.lang.Class objects should be stored in static fields and the dedicated class initialized by passing '--initialize-at-build-time=&lt;class_name&gt;' as the build argument.
  3) If none of the above is applicable, use the tracing agent to run this application and collect predefined classes with 'java -agentlib:native-image-agent=config-output-dir=&lt;config-dir&gt;,experimental-class-define-support &lt;application-arguments&gt;'. Note that this is an experimental feature and that it does not guarantee success. Furthermore, the resulting classes can contain entries from the classpath that should be manually filtered out to reduce image size. The agent should be used only in cases where modifying the source of the project is not possible.
" type="com.oracle.svm.core.jdk.UnsupportedFeatureError"><![CDATA[com.oracle.svm.core.jdk.UnsupportedFeatureError: Classes cannot be defined at runtime by default when using ahead-of-time Native Image compilation. Tried to define class:

    fixtures.AntLoadedFixture

To make this work, you have the following options:
  1) Modify or reconfigure your application (or a third-party library) so that it does not generate classes at runtime or load them via non-built-in class loaders.
  2) If the classes must be generated, try to generate them at build time in a static initializer of a dedicated class. The generated java.lang.Class objects should be stored in static fields and the dedicated class initialized by passing '--initialize-at-build-time=<class_name>' as the build argument.
  3) If none of the above is applicable, use the tracing agent to run this application and collect predefined classes with 'java -agentlib:native-image-agent=config-output-dir=<config-dir>,experimental-class-define-support <application-arguments>'. Note that this is an experimental feature and that it does not guarantee success. Furthermore, the resulting classes can contain entries from the classpath that should be manually filtered out to reduce image size. The agent should be used only in cases where modifying the source of the project is not possible.

	at org.graalvm.nativeimage.shared/com.oracle.svm.shared.util.VMError.unsupportedFeature(VMError.java:122)
	at org.graalvm.nativeimage.builder/com.oracle.svm.core.hub.RuntimeClassLoading.throwNoBytecodeClasses(RuntimeClassLoading.java:167)
	at org.graalvm.nativeimage.builder/com.oracle.svm.core.hub.RuntimeClassLoading.defineClass(RuntimeClassLoading.java:148)
	at java.base@25.0.2/java.lang.ClassLoader.defineClass(ClassLoader.java:313)
	at java.base@25.0.2/java.lang.ClassLoader.defineClass(ClassLoader.java:826)
	at org.apache.tools.ant.AntClassLoader.defineClassFromData(AntClassLoader.java:1079)
	at org.apache.tools.ant.AntClassLoader.getClassFromStream(AntClassLoader.java:1111)
	at org.apache.tools.ant.AntClassLoader.findClassInComponents(AntClassLoader.java:1175)
	at org.apache.tools.ant.AntClassLoader.findClass(AntClassLoader.java:1128)
	at org.apache.tools.ant.AntClassLoader.forceLoadClass(AntClassLoader.java:629)
	at ant.ant.AntClassLoaderTest.exercisesClassInitializationAndClassLoading(AntClassLoaderTest.java:48)
	at java.base@25.0.2/java.lang.reflect.Method.invoke(Method.java:565)
	at org.junit.platform.commons.util.ReflectionUtils.invokeMethod(ReflectionUtils.java:727)
	at org.junit.jupiter.engine.execution.MethodInvocation.proceed(MethodInvocation.java:60)
	at org.junit.jupiter.engine.execution.InvocationInterceptorChain$ValidatingInvocation.proceed(InvocationInterceptorChain.java:131)
	at org.junit.jupiter.engine.extension.TimeoutExtension.intercept(TimeoutExtension.java:156)
	at org.junit.jupiter.engine.extension.TimeoutExtension.interceptTestableMethod(TimeoutExtension.java:147)
	at org.junit.jupiter.engine.extension.TimeoutExtension.interceptTestMethod(TimeoutExtension.java:86)
	at org.junit.jupiter.engine.execution.InterceptingExecutableInvoker$ReflectiveInterceptorCall.lambda$ofVoidMethod$0(InterceptingExecutableInvoker.java:103)
	at org.junit.jupiter.engine.execution.InterceptingExecutableInvoker.lambda$invoke$0(InterceptingExecutableInvoker.java:93)
	at org.junit.jupiter.engine.execution.InvocationInterceptorChain$InterceptedInvocation.proceed(InvocationInterceptorChain.java:106)
	at org.junit.jupiter.engine.execution.InvocationInterceptorChain.proceed(InvocationInterceptorChain.java:64)
	at org.junit.jupiter.engine.execution.InvocationInterceptorChain.chainAndInvoke(InvocationInterceptorChain.java:45)
	at org.junit.jupiter.engine.execution.InvocationInterceptorChain.invoke(InvocationInterceptorChain.java:37)
	at org.junit.jupiter.engine.execution.InterceptingExecutableInvoker.invoke(InterceptingExecutableInvoker.java:92)
	at org.junit.jupiter.engine.execution.InterceptingExecutableInvoker.invoke(InterceptingExecutableInvoker.java:86)
	at org.junit.jupiter.engine.descriptor.TestMethodTestDescriptor.lambda$invokeTestMethod$7(TestMethodTestDescriptor.java:217)
	at org.junit.platform.engine.support.hierarchical.ThrowableCollector.execute(ThrowableCollector.java:73)
	at org.junit.jupiter.engine.descriptor.TestMethodTestDescriptor.invokeTestMethod(TestMethodTestDescriptor.java:213)
	at org.junit.jupiter.engine.descriptor.TestMethodTestDescriptor.execute(TestMethodTestDescriptor.java:138)
	at org.junit.jupiter.engine.descriptor.TestMethodTestDescriptor.execute(TestMethodTestDescriptor.java:68)
	at org.junit.platform.engine.support.hierarchical.NodeTestTask.lambda$executeRecursively$6(NodeTestTask.java:151)
	at org.junit.platform.engine.support.hierarchical.ThrowableCollector.execute(ThrowableCollector.java:73)
	at org.junit.platform.engine.support.hierarchical.NodeTestTask.lambda$executeRecursively$8(NodeTestTask.java:141)
	at org.junit.platform.engine.support.hierarchical.Node.around(Node.java:137)
	at org.junit.platform.engine.support.hierarchical.NodeTestTask.lambda$executeRecursively$9(NodeTestTask.java:139)
	at org.junit.platform.engine.support.hierarchical.ThrowableCollector.execute(ThrowableCollector.java:73)
	at org.junit.platform.engine.support.hierarchical.NodeTestTask.executeRecursively(NodeTestTask.java:138)
	at org.junit.platform.engine.support.hierarchical.NodeTestTask.execute(NodeTestTask.java:95)
	at java.base@25.0.2/java.util.ArrayList.forEach(ArrayList.java:1604)
	at org.junit.platform.engine.support.hierarchical.SameThreadHierarchicalTestExecutorService.invokeAll(SameThreadHierarchicalTestExecutorService.java:41)
	at org.junit.platform.engine.support.hierarchical.NodeTestTask.lambda$executeRecursively$6(NodeTestTask.java:155)
	at org.junit.platform.engine.support.hierarchical.ThrowableCollector.execute(ThrowableCollector.java:73)
	at org.junit.platform.engine.support.hierarchical.NodeTestTask.lambda$executeRecursively$8(NodeTestTask.java:141)
	at org.junit.platform.engine.support.hierarchical.Node.around(Node.java:137)
	at org.junit.platform.engine.support.hierarchical.NodeTestTask.lambda$executeRecursively$9(NodeTestTask.java:139)
	at org.junit.platform.engine.support.hierarchical.ThrowableCollector.execute(ThrowableCollector.java:73)
	at org.junit.platform.engine.support.hierarchical.NodeTestTask.executeRecursively(NodeTestTask.java:138)
	at org.junit.platform.engine.support.hierarchical.NodeTestTask.execute(NodeTestTask.java:95)
	at java.base@25.0.2/java.util.ArrayList.forEach(ArrayList.java:1604)
	at org.junit.platform.engine.support.hierarchical.SameThreadHierarchicalTestExecutorService.invokeAll(SameThreadHierarchicalTestExecutorService.java:41)
	at org.junit.platform.engine.support.hierarchical.NodeTestTask.lambda$executeRecursively$6(NodeTestTask.java:155)
	at org.junit.platform.engine.support.hierarchical.ThrowableCollector.execute(ThrowableCollector.java:73)
	at org.junit.platform.engine.support.hierarchical.NodeTestTask.lambda$executeRecursively$8(NodeTestTask.java:141)
	at org.junit.platform.engine.support.hierarchical.Node.around(Node.java:137)
	at org.junit.platform.engine.support.hierarchical.NodeTestTask.lambda$executeRecursively$9(NodeTestTask.java:139)
	at org.junit.platform.engine.support.hierarchical.ThrowableCollector.execute(ThrowableCollector.java:73)
	at org.junit.platform.engine.support.hierarchical.NodeTestTask.executeRecursively(NodeTestTask.java:138)
	at org.junit.platform.engine.support.hierarchical.NodeTestTask.execute(NodeTestTask.java:95)
	at org.junit.platform.engine.support.hierarchical.SameThreadHierarchicalTestExecutorService.submit(SameThreadHierarchicalTestExecutorService.java:35)
	at org.junit.platform.engine.support.hierarchical.HierarchicalTestExecutor.execute(HierarchicalTestExecutor.java:57)
	at org.junit.platform.engine.support.hierarchical.HierarchicalTestEngine.execute(HierarchicalTestEngine.java:54)
	at org.junit.platform.launcher.core.EngineExecutionOrchestrator.execute(EngineExecutionOrchestrator.java:147)
	at org.junit.platform.launcher.core.EngineExecutionOrchestrator.execute(EngineExecutionOrchestrator.java:127)
	at org.junit.platform.launcher.core.EngineExecutionOrchestrator.execute(EngineExecutionOrchestrator.java:90)
	at org.junit.platform.launcher.core.EngineExecutionOrchestrator.lambda$execute$0(EngineExecutionOrchestrator.java:55)
	at org.junit.platform.launcher.core.EngineExecutionOrchestrator.withInterceptedStreams(EngineExecutionOrchestrator.java:102)
	at org.junit.platform.launcher.core.EngineExecutionOrchestrator.execute(EngineExecutionOrchestrator.java:54)
	at org.junit.platform.launcher.core.DefaultLauncher.execute(DefaultLauncher.java:114)
	at org.junit.platform.launcher.core.DefaultLauncher.execute(DefaultLauncher.java:95)
	at org.junit.platform.launcher.core.DefaultLauncherSession$DelegatingLauncher.execute(DefaultLauncherSession.java:91)
	at org.junit.platform.launcher.core.SessionPerRequestLauncher.execute(SessionPerRequestLauncher.java:60)
	at org.graalvm.junit.platform.NativeImageJUnitLauncher.main(NativeImageJUnitLauncher.java:132)
	at java.base@25.0.2/java.lang.invoke.LambdaForm$DMH/sa346b79c.invokeStaticInit(LambdaForm$DMH)
]]></error>
<system-out><![CDATA[
unique-id: [engine:junit-jupiter]/[class:ant.ant.AntClassLoaderTest]/[method:exercisesClassInitializationAndClassLoading(java.nio.file.Path)]
display-name: exercisesClassInitializationAndClassLoading(Path)
]]></system-out>
</testcase>
<testcase name="parsesRegisteredAsiExtraFieldFromMergedLocalFileData()" classname="ant.ant.ExtraFieldUtilsTest" time="0">
<system-out><![CDATA[
unique-id: [engine:junit-jupiter]/[class:ant.ant.ExtraFieldUtilsTest]/[method:parsesRegisteredAsiExtraFieldFromMergedLocalFileData()]
display-name: parsesRegisteredAsiExtraFieldFromMergedLocalFileData()
]]></system-out>
</testcase>
<testcase name="downloadsFileWithBasicAuthenticationHeader(Path)" classname="ant.ant.GetTest" time="0">
<system-out><![CDATA[
unique-id: [engine:junit-jupiter]/[class:ant.ant.GetTest]/[method:downloadsFileWithBasicAuthenticationHeader(java.nio.file.Path)]
display-name: downloadsFileWithBasicAuthenticationHeader(Path)
]]></system-out>
</testcase>
<testcase name="findsResourceWithCurrentClassLoader()" classname="ant.ant.AvailableTest" time="0">
<system-out><![CDATA[
unique-id: [engine:junit-jupiter]/[class:ant.ant.AvailableTest]/[method:findsResourceWithCurrentClassLoader()]
display-name: findsResourceWithCurrentClassLoader()
]]></system-out>
</testcase>
<testcase name="initializesLauncherAndPreservesExplicitNewEnvironment()" classname="ant.ant.ExecuteTest" time="0">
<system-out><![CDATA[
unique-id: [engine:junit-jupiter]/[class:ant.ant.ExecuteTest]/[method:initializesLauncherAndPreservesExplicitNewEnvironment()]
display-name: initializesLauncherAndPreservesExplicitNewEnvironment()
]]></system-out>
</testcase>
<testcase name="findsRemoteInterfaceImplementedByClass()" classname="ant.ant.RmicTest" time="0">
<system-out><![CDATA[
unique-id: [engine:junit-jupiter]/[class:ant.ant.RmicTest]/[method:findsRemoteInterfaceImplementedByClass()]
display-name: findsRemoteInterfaceImplementedByClass()
]]></system-out>
</testcase>
<testcase name="forceLoadClassDefinesFixtureWithProjectProtectionDomain(Path)" classname="ant.ant.AntClassLoader2Test" time="0">
<system-out><![CDATA[
unique-id: [engine:junit-jupiter]/[class:ant.ant.AntClassLoader2Test]/[method:forceLoadClassDefinesFixtureWithProjectProtectionDomain(java.nio.file.Path)]
display-name: forceLoadClassDefinesFixtureWithProjectProtectionDomain(Path)
]]></system-out>
</testcase>
<testcase name="definesNamedTypeWithAdapterAndAdaptToClassesLoadedByName()" classname="ant.ant.DefinerTest" time="0">
<system-out><![CDATA[
unique-id: [engine:junit-jupiter]/[class:ant.ant.DefinerTest]/[method:definesNamedTypeWithAdapterAndAdaptToClassesLoadedByName()]
display-name: definesNamedTypeWithAdapterAndAdaptToClassesLoadedByName()
]]></system-out>
</testcase>
<testcase name="createsMapperWithProjectClassLoader()" classname="ant.ant.MapperTest" time="0">
<system-out><![CDATA[
unique-id: [engine:junit-jupiter]/[class:ant.ant.MapperTest]/[method:createsMapperWithProjectClassLoader()]
display-name: createsMapperWithProjectClassLoader()
]]></system-out>
</testcase>
<testcase name="parsesExternalCatalogEntriesIntoXmlCatalog(Path)" classname="ant.ant.ApacheCatalogResolverTest" time="0">
<system-out><![CDATA[
unique-id: [engine:junit-jupiter]/[class:ant.ant.ApacheCatalogResolverTest]/[method:parsesExternalCatalogEntriesIntoXmlCatalog(java.nio.file.Path)]
display-name: parsesExternalCatalogEntriesIntoXmlCatalog(Path)
]]></system-out>
</testcase>
<testcase name="loadsHelperNamedBySystemProperty()" classname="ant.ant.ProjectHelperTest" time="0">
<system-out><![CDATA[
unique-id: [engine:junit-jupiter]/[class:ant.ant.ProjectHelperTest]/[method:loadsHelperNamedBySystemProperty()]
display-name: loadsHelperNamedBySystemProperty()
]]></system-out>
</testcase>
<testcase name="validatesPublicTaskClassWithNoArgumentConstructor()" classname="ant.ant.ProjectTest" time="0">
<system-out><![CDATA[
unique-id: [engine:junit-jupiter]/[class:ant.ant.ProjectTest]/[method:validatesPublicTaskClassWithNoArgumentConstructor()]
display-name: validatesPublicTaskClassWithNoArgumentConstructor()
]]></system-out>
</testcase>
<testcase name="setsProjectReferenceOnPlainObjectWithPublicSetter()" classname="ant.ant.ProjectTest" time="0">
<system-out><![CDATA[
unique-id: [engine:junit-jupiter]/[class:ant.ant.ProjectTest]/[method:setsProjectReferenceOnPlainObjectWithPublicSetter()]
display-name: setsProjectReferenceOnPlainObjectWithPublicSetter()
]]></system-out>
</testcase>
<testcase name="probesModernCompilerBeforeCreatingModernAdapter()" classname="ant.ant.CompilerAdapterFactoryTest" time="0">
<system-out><![CDATA[
unique-id: [engine:junit-jupiter]/[class:ant.ant.CompilerAdapterFactoryTest]/[method:probesModernCompilerBeforeCreatingModernAdapter()]
display-name: probesModernCompilerBeforeCreatingModernAdapter()
]]></system-out>
</testcase>
<testcase name="discoversHelperFromContextLoaderServiceResource()" classname="ant.ant.ProjectHelperTest" time="0">
<system-out><![CDATA[
unique-id: [engine:junit-jupiter]/[class:ant.ant.ProjectHelperTest]/[method:discoversHelperFromContextLoaderServiceResource()]
display-name: discoversHelperFromContextLoaderServiceResource()
]]></system-out>
</testcase>
<testcase name="setsPathAttributeThroughIntrospectionHelper(Path)" classname="ant.ant.IntrospectionHelperAnonymous10Test" time="0">
<system-out><![CDATA[
unique-id: [engine:junit-jupiter]/[class:ant.ant.IntrospectionHelperAnonymous10Test]/[method:setsPathAttributeThroughIntrospectionHelper(java.nio.file.Path)]
display-name: setsPathAttributeThroughIntrospectionHelper(Path)
]]></system-out>
</testcase>
<testcase name="fallsBackToClassForNameWhenContextLoaderCannotLoadHelper()" classname="ant.ant.ProjectHelperTest" time="0">
<system-out><![CDATA[
unique-id: [engine:junit-jupiter]/[class:ant.ant.ProjectHelperTest]/[method:fallsBackToClassForNameWhenContextLoaderCannotLoadHelper()]
display-name: fallsBackToClassForNameWhenContextLoaderCannotLoadHelper()
]]></system-out>
</testcase>
<testcase name="delegatesUnresolvedCatalogLookupsToTheExternalResolver(Path)" classname="ant.ant.XMLCatalogInnerExternalResolverTest" time="0">
<system-out><![CDATA[
unique-id: [engine:junit-jupiter]/[class:ant.ant.XMLCatalogInnerExternalResolverTest]/[method:delegatesUnresolvedCatalogLookupsToTheExternalResolver(java.nio.file.Path)]
display-name: delegatesUnresolvedCatalogLookupsToTheExternalResolver(Path)
]]></system-out>
</testcase>
<testcase name="updatesLastModifiedTimeThroughPublicApi(Path)" classname="ant.ant.FileUtilsTest" time="0">
<system-out><![CDATA[
unique-id: [engine:junit-jupiter]/[class:ant.ant.FileUtilsTest]/[method:updatesLastModifiedTimeThroughPublicApi(java.nio.file.Path)]
display-name: updatesLastModifiedTimeThroughPublicApi(Path)
]]></system-out>
</testcase>
<testcase name="resolvesEntityThroughReferencedCatalog(Path)" classname="ant.ant.XMLCatalogTest" time="0">
<system-out><![CDATA[
unique-id: [engine:junit-jupiter]/[class:ant.ant.XMLCatalogTest]/[method:resolvesEntityThroughReferencedCatalog(java.nio.file.Path)]
display-name: resolvesEntityThroughReferencedCatalog(Path)
]]></system-out>
</testcase>
<testcase name="appliesDefaultAntlibClassLoaderToNestedDefinitions()" classname="ant.ant.AntlibTest" time="0">
<system-out><![CDATA[
unique-id: [engine:junit-jupiter]/[class:ant.ant.AntlibTest]/[method:appliesDefaultAntlibClassLoaderToNestedDefinitions()]
display-name: appliesDefaultAntlibClassLoaderToNestedDefinitions()
]]></system-out>
</testcase>
<testcase name="createsBuiltInMapperWithApplicationClassLoader()" classname="ant.ant.MapperTest" time="0">
<system-out><![CDATA[
unique-id: [engine:junit-jupiter]/[class:ant.ant.MapperTest]/[method:createsBuiltInMapperWithApplicationClassLoader()]
display-name: createsBuiltInMapperWithApplicationClassLoader()
]]></system-out>
</testcase>
<testcase name="resolvesDeprecatedOptionalProcessors(Path)" classname="ant.ant.XSLTProcessTest" time="0">
<system-out><![CDATA[
unique-id: [engine:junit-jupiter]/[class:ant.ant.XSLTProcessTest]/[method:resolvesDeprecatedOptionalProcessors(java.nio.file.Path)]
display-name: resolvesDeprecatedOptionalProcessors(Path)
]]></system-out>
</testcase>
<testcase name="loadsPropertiesFromConfiguredClasspath(Path)" classname="ant.ant.PropertyTest" time="0">
<system-out><![CDATA[
unique-id: [engine:junit-jupiter]/[class:ant.ant.PropertyTest]/[method:loadsPropertiesFromConfiguredClasspath(java.nio.file.Path)]
display-name: loadsPropertiesFromConfiguredClasspath(Path)
]]></system-out>
</testcase>
<testcase name="registersMacroInstanceComponentFromSequentialDefinition()" classname="ant.ant.MacroDefTest" time="0">
<system-out><![CDATA[
unique-id: [engine:junit-jupiter]/[class:ant.ant.MacroDefTest]/[method:registersMacroInstanceComponentFromSequentialDefinition()]
display-name: registersMacroInstanceComponentFromSequentialDefinition()
]]></system-out>
</testcase>
<testcase name="createsNoArgumentTypeLoadedByName()" classname="ant.ant.AntTypeDefinitionTest" time="0">
<system-out><![CDATA[
unique-id: [engine:junit-jupiter]/[class:ant.ant.AntTypeDefinitionTest]/[method:createsNoArgumentTypeLoadedByName()]
display-name: createsNoArgumentTypeLoadedByName()
]]></system-out>
</testcase>
<testcase name="setsFileAttributeThroughIntrospectionHelper(Path)" classname="ant.ant.IntrospectionHelperAnonymous9Test" time="0.001">
<system-out><![CDATA[
unique-id: [engine:junit-jupiter]/[class:ant.ant.IntrospectionHelperAnonymous9Test]/[method:setsFileAttributeThroughIntrospectionHelper(java.nio.file.Path)]
display-name: setsFileAttributeThroughIntrospectionHelper(Path)
]]></system-out>
</testcase>
<testcase name="clonesAndConfiguresCopiedReferenceForSubproject(Path)" classname="ant.ant.AntTest" time="0">
<system-out><![CDATA[
unique-id: [engine:junit-jupiter]/[class:ant.ant.AntTest]/[method:clonesAndConfiguresCopiedReferenceForSubproject(java.nio.file.Path)]
display-name: clonesAndConfiguresCopiedReferenceForSubproject(Path)
]]></system-out>
</testcase>
<testcase name="invokesClassicCompilerThroughLegacyAdapter(Path)" classname="ant.ant.Javac12Test" time="0">
<system-out><![CDATA[
unique-id: [engine:junit-jupiter]/[class:ant.ant.Javac12Test]/[method:invokesClassicCompilerThroughLegacyAdapter(java.nio.file.Path)]
display-name: invokesClassicCompilerThroughLegacyAdapter(Path)
]]></system-out>
</testcase>
<testcase name="initializesFreshlyLoadedExecuteClass(Path)" classname="ant.ant.ExecuteTest" time="0">
<error message="Classes cannot be defined at runtime by default when using ahead-of-time Native Image compilation. Tried to define class:

    org.apache.tools.ant.taskdefs.Execute

To make this work, you have the following options:
  1) Modify or reconfigure your application (or a third-party library) so that it does not generate classes at runtime or load them via non-built-in class loaders.
  2) If the classes must be generated, try to generate them at build time in a static initializer of a dedicated class. The generated java.lang.Class objects should be stored in static fields and the dedicated class initialized by passing '--initialize-at-build-time=&lt;class_name&gt;' as the build argument.
  3) If none of the above is applicable, use the tracing agent to run this application and collect predefined classes with 'java -agentlib:native-image-agent=config-output-dir=&lt;config-dir&gt;,experimental-class-define-support &lt;application-arguments&gt;'. Note that this is an experimental feature and that it does not guarantee success. Furthermore, the resulting classes can contain entries from the classpath that should be manually filtered out to reduce image size. The agent should be used only in cases where modifying the source of the project is not possible.
" type="com.oracle.svm.core.jdk.UnsupportedFeatureError"><![CDATA[com.oracle.svm.core.jdk.UnsupportedFeatureError: Classes cannot be defined at runtime by default when using ahead-of-time Native Image compilation. Tried to define class:

    org.apache.tools.ant.taskdefs.Execute

To make this work, you have the following options:
  1) Modify or reconfigure your application (or a third-party library) so that it does not generate classes at runtime or load them via non-built-in class loaders.
  2) If the classes must be generated, try to generate them at build time in a static initializer of a dedicated class. The generated java.lang.Class objects should be stored in static fields and the dedicated class initialized by passing '--initialize-at-build-time=<class_name>' as the build argument.
  3) If none of the above is applicable, use the tracing agent to run this application and collect predefined classes with 'java -agentlib:native-image-agent=config-output-dir=<config-dir>,experimental-class-define-support <application-arguments>'. Note that this is an experimental feature and that it does not guarantee success. Furthermore, the resulting classes can contain entries from the classpath that should be manually filtered out to reduce image size. The agent should be used only in cases where modifying the source of the project is not possible.

	at org.graalvm.nativeimage.shared/com.oracle.svm.shared.util.VMError.unsupportedFeature(VMError.java:122)
	at org.graalvm.nativeimage.builder/com.oracle.svm.core.hub.RuntimeClassLoading.throwNoBytecodeClasses(RuntimeClassLoading.java:167)
	at org.graalvm.nativeimage.builder/com.oracle.svm.core.hub.RuntimeClassLoading.defineClass(RuntimeClassLoading.java:148)
	at java.base@25.0.2/java.lang.ClassLoader.defineClass(ClassLoader.java:313)
	at java.base@25.0.2/java.lang.ClassLoader.defineClass(ClassLoader.java:826)
	at org.apache.tools.ant.AntClassLoader.defineClassFromData(AntClassLoader.java:1079)
	at org.apache.tools.ant.AntClassLoader.getClassFromStream(AntClassLoader.java:1111)
	at org.apache.tools.ant.AntClassLoader.findClassInComponents(AntClassLoader.java:1175)
	at org.apache.tools.ant.AntClassLoader.findClass(AntClassLoader.java:1128)
	at org.apache.tools.ant.AntClassLoader.forceLoadClass(AntClassLoader.java:629)
	at ant.ant.ExecuteTest.initializesFreshlyLoadedExecuteClass(ExecuteTest.java:55)
	at java.base@25.0.2/java.lang.reflect.Method.invoke(Method.java:565)
	at org.junit.platform.commons.util.ReflectionUtils.invokeMethod(ReflectionUtils.java:727)
	at org.junit.jupiter.engine.execution.MethodInvocation.proceed(MethodInvocation.java:60)
	at org.junit.jupiter.engine.execution.InvocationInterceptorChain$ValidatingInvocation.proceed(InvocationInterceptorChain.java:131)
	at org.junit.jupiter.engine.extension.TimeoutExtension.intercept(TimeoutExtension.java:156)
	at org.junit.jupiter.engine.extension.TimeoutExtension.interceptTestableMethod(TimeoutExtension.java:147)
	at org.junit.jupiter.engine.extension.TimeoutExtension.interceptTestMethod(TimeoutExtension.java:86)
	at org.junit.jupiter.engine.execution.InterceptingExecutableInvoker$ReflectiveInterceptorCall.lambda$ofVoidMethod$0(InterceptingExecutableInvoker.java:103)
	at org.junit.jupiter.engine.execution.InterceptingExecutableInvoker.lambda$invoke$0(InterceptingExecutableInvoker.java:93)
	at org.junit.jupiter.engine.execution.InvocationInterceptorChain$InterceptedInvocation.proceed(InvocationInterceptorChain.java:106)
	at org.junit.jupiter.engine.execution.InvocationInterceptorChain.proceed(InvocationInterceptorChain.java:64)
	at org.junit.jupiter.engine.execution.InvocationInterceptorChain.chainAndInvoke(InvocationInterceptorChain.java:45)
	at org.junit.jupiter.engine.execution.InvocationInterceptorChain.invoke(InvocationInterceptorChain.java:37)
	at org.junit.jupiter.engine.execution.InterceptingExecutableInvoker.invoke(InterceptingExecutableInvoker.java:92)
	at org.junit.jupiter.engine.execution.InterceptingExecutableInvoker.invoke(InterceptingExecutableInvoker.java:86)
	at org.junit.jupiter.engine.descriptor.TestMethodTestDescriptor.lambda$invokeTestMethod$7(TestMethodTestDescriptor.java:217)
	at org.junit.platform.engine.support.hierarchical.ThrowableCollector.execute(ThrowableCollector.java:73)
	at org.junit.jupiter.engine.descriptor.TestMethodTestDescriptor.invokeTestMethod(TestMethodTestDescriptor.java:213)
	at org.junit.jupiter.engine.descriptor.TestMethodTestDescriptor.execute(TestMethodTestDescriptor.java:138)
	at org.junit.jupiter.engine.descriptor.TestMethodTestDescriptor.execute(TestMethodTestDescriptor.java:68)
	at org.junit.platform.engine.support.hierarchical.NodeTestTask.lambda$executeRecursively$6(NodeTestTask.java:151)
	at org.junit.platform.engine.support.hierarchical.ThrowableCollector.execute(ThrowableCollector.java:73)
	at org.junit.platform.engine.support.hierarchical.NodeTestTask.lambda$executeRecursively$8(NodeTestTask.java:141)
	at org.junit.platform.engine.support.hierarchical.Node.around(Node.java:137)
	at org.junit.platform.engine.support.hierarchical.NodeTestTask.lambda$executeRecursively$9(NodeTestTask.java:139)
	at org.junit.platform.engine.support.hierarchical.ThrowableCollector.execute(ThrowableCollector.java:73)
	at org.junit.platform.engine.support.hierarchical.NodeTestTask.executeRecursively(NodeTestTask.java:138)
	at org.junit.platform.engine.support.hierarchical.NodeTestTask.execute(NodeTestTask.java:95)
	at java.base@25.0.2/java.util.ArrayList.forEach(ArrayList.java:1604)
	at org.junit.platform.engine.support.hierarchical.SameThreadHierarchicalTestExecutorService.invokeAll(SameThreadHierarchicalTestExecutorService.java:41)
	at org.junit.platform.engine.support.hierarchical.NodeTestTask.lambda$executeRecursively$6(NodeTestTask.java:155)
	at org.junit.platform.engine.support.hierarchical.ThrowableCollector.execute(ThrowableCollector.java:73)
	at org.junit.platform.engine.support.hierarchical.NodeTestTask.lambda$executeRecursively$8(NodeTestTask.java:141)
	at org.junit.platform.engine.support.hierarchical.Node.around(Node.java:137)
	at org.junit.platform.engine.support.hierarchical.NodeTestTask.lambda$executeRecursively$9(NodeTestTask.java:139)
	at org.junit.platform.engine.support.hierarchical.ThrowableCollector.execute(ThrowableCollector.java:73)
	at org.junit.platform.engine.support.hierarchical.NodeTestTask.executeRecursively(NodeTestTask.java:138)
	at org.junit.platform.engine.support.hierarchical.NodeTestTask.execute(NodeTestTask.java:95)
	at java.base@25.0.2/java.util.ArrayList.forEach(ArrayList.java:1604)
	at org.junit.platform.engine.support.hierarchical.SameThreadHierarchicalTestExecutorService.invokeAll(SameThreadHierarchicalTestExecutorService.java:41)
	at org.junit.platform.engine.support.hierarchical.NodeTestTask.lambda$executeRecursively$6(NodeTestTask.java:155)
	at org.junit.platform.engine.support.hierarchical.ThrowableCollector.execute(ThrowableCollector.java:73)
	at org.junit.platform.engine.support.hierarchical.NodeTestTask.lambda$executeRecursively$8(NodeTestTask.java:141)
	at org.junit.platform.engine.support.hierarchical.Node.around(Node.java:137)
	at org.junit.platform.engine.support.hierarchical.NodeTestTask.lambda$executeRecursively$9(NodeTestTask.java:139)
	at org.junit.platform.engine.support.hierarchical.ThrowableCollector.execute(ThrowableCollector.java:73)
	at org.junit.platform.engine.support.hierarchical.NodeTestTask.executeRecursively(NodeTestTask.java:138)
	at org.junit.platform.engine.support.hierarchical.NodeTestTask.execute(NodeTestTask.java:95)
	at org.junit.platform.engine.support.hierarchical.SameThreadHierarchicalTestExecutorService.submit(SameThreadHierarchicalTestExecutorService.java:35)
	at org.junit.platform.engine.support.hierarchical.HierarchicalTestExecutor.execute(HierarchicalTestExecutor.java:57)
	at org.junit.platform.engine.support.hierarchical.HierarchicalTestEngine.execute(HierarchicalTestEngine.java:54)
	at org.junit.platform.launcher.core.EngineExecutionOrchestrator.execute(EngineExecutionOrchestrator.java:147)
	at org.junit.platform.launcher.core.EngineExecutionOrchestrator.execute(EngineExecutionOrchestrator.java:127)
	at org.junit.platform.launcher.core.EngineExecutionOrchestrator.execute(EngineExecutionOrchestrator.java:90)
	at org.junit.platform.launcher.core.EngineExecutionOrchestrator.lambda$execute$0(EngineExecutionOrchestrator.java:55)
	at org.junit.platform.launcher.core.EngineExecutionOrchestrator.withInterceptedStreams(EngineExecutionOrchestrator.java:102)
	at org.junit.platform.launcher.core.EngineExecutionOrchestrator.execute(EngineExecutionOrchestrator.java:54)
	at org.junit.platform.launcher.core.DefaultLauncher.execute(DefaultLauncher.java:114)
	at org.junit.platform.launcher.core.DefaultLauncher.execute(DefaultLauncher.java:95)
	at org.junit.platform.launcher.core.DefaultLauncherSession$DelegatingLauncher.execute(DefaultLauncherSession.java:91)
	at org.junit.platform.launcher.core.SessionPerRequestLauncher.execute(SessionPerRequestLauncher.java:60)
	at org.graalvm.junit.platform.NativeImageJUnitLauncher.main(NativeImageJUnitLauncher.java:132)
	at java.base@25.0.2/java.lang.invoke.LambdaForm$DMH/sa346b79c.invokeStaticInit(LambdaForm$DMH)
]]></error>
<system-out><![CDATA[
unique-id: [engine:junit-jupiter]/[class:ant.ant.ExecuteTest]/[method:initializesFreshlyLoadedExecuteClass(java.nio.file.Path)]
display-name: initializesFreshlyLoadedExecuteClass(Path)
]]></system-out>
</testcase>
<testcase name="createsRmicAdapterFromFullyQualifiedAdapterClassName()" classname="ant.ant.RmicAdapterFactoryTest" time="0">
<system-out><![CDATA[
unique-id: [engine:junit-jupiter]/[class:ant.ant.RmicAdapterFactoryTest]/[method:createsRmicAdapterFromFullyQualifiedAdapterClassName()]
display-name: createsRmicAdapterFromFullyQualifiedAdapterClassName()
]]></system-out>
</testcase>
<testcase name="transformsSingleFileWithDefaultTraxProcessor(Path)" classname="ant.ant.XSLTProcessTest" time="0">
<error message="Fatal error during transformation" type="org.apache.tools.ant.BuildException"><![CDATA[Fatal error during transformation
	at org.apache.tools.ant.taskdefs.XSLTProcess.process(XSLTProcess.java:543)
	at org.apache.tools.ant.taskdefs.XSLTProcess.execute(XSLTProcess.java:246)
	at ant.ant.XSLTProcessTest.transformsSingleFileWithDefaultTraxProcessor(XSLTProcessTest.java:31)
	at java.base@25.0.2/java.lang.reflect.Method.invoke(Method.java:565)
	at org.junit.platform.commons.util.ReflectionUtils.invokeMethod(ReflectionUtils.java:727)
	at org.junit.jupiter.engine.execution.MethodInvocation.proceed(MethodInvocation.java:60)
	at org.junit.jupiter.engine.execution.InvocationInterceptorChain$ValidatingInvocation.proceed(InvocationInterceptorChain.java:131)
	at org.junit.jupiter.engine.extension.TimeoutExtension.intercept(TimeoutExtension.java:156)
	at org.junit.jupiter.engine.extension.TimeoutExtension.interceptTestableMethod(TimeoutExtension.java:147)
	at org.junit.jupiter.engine.extension.TimeoutExtension.interceptTestMethod(TimeoutExtension.java:86)
	at org.junit.jupiter.engine.execution.InterceptingExecutableInvoker$ReflectiveInterceptorCall.lambda$ofVoidMethod$0(InterceptingExecutableInvoker.java:103)
	at org.junit.jupiter.engine.execution.InterceptingExecutableInvoker.lambda$invoke$0(InterceptingExecutableInvoker.java:93)
	at org.junit.jupiter.engine.execution.InvocationInterceptorChain$InterceptedInvocation.proceed(InvocationInterceptorChain.java:106)
	at org.junit.jupiter.engine.execution.InvocationInterceptorChain.proceed(InvocationInterceptorChain.java:64)
	at org.junit.jupiter.engine.execution.InvocationInterceptorChain.chainAndInvoke(InvocationInterceptorChain.java:45)
	at org.junit.jupiter.engine.execution.InvocationInterceptorChain.invoke(InvocationInterceptorChain.java:37)
	at org.junit.jupiter.engine.execution.InterceptingExecutableInvoker.invoke(InterceptingExecutableInvoker.java:92)
	at org.junit.jupiter.engine.execution.InterceptingExecutableInvoker.invoke(InterceptingExecutableInvoker.java:86)
	at org.junit.jupiter.engine.descriptor.TestMethodTestDescriptor.lambda$invokeTestMethod$7(TestMethodTestDescriptor.java:217)
	at org.junit.platform.engine.support.hierarchical.ThrowableCollector.execute(ThrowableCollector.java:73)
	at org.junit.jupiter.engine.descriptor.TestMethodTestDescriptor.invokeTestMethod(TestMethodTestDescriptor.java:213)
	at org.junit.jupiter.engine.descriptor.TestMethodTestDescriptor.execute(TestMethodTestDescriptor.java:138)
	at org.junit.jupiter.engine.descriptor.TestMethodTestDescriptor.execute(TestMethodTestDescriptor.java:68)
	at org.junit.platform.engine.support.hierarchical.NodeTestTask.lambda$executeRecursively$6(NodeTestTask.java:151)
	at org.junit.platform.engine.support.hierarchical.ThrowableCollector.execute(ThrowableCollector.java:73)
	at org.junit.platform.engine.support.hierarchical.NodeTestTask.lambda$executeRecursively$8(NodeTestTask.java:141)
	at org.junit.platform.engine.support.hierarchical.Node.around(Node.java:137)
	at org.junit.platform.engine.support.hierarchical.NodeTestTask.lambda$executeRecursively$9(NodeTestTask.java:139)
	at org.junit.platform.engine.support.hierarchical.ThrowableCollector.execute(ThrowableCollector.java:73)
	at org.junit.platform.engine.support.hierarchical.NodeTestTask.executeRecursively(NodeTestTask.java:138)
	at org.junit.platform.engine.support.hierarchical.NodeTestTask.execute(NodeTestTask.java:95)
	at java.base@25.0.2/java.util.ArrayList.forEach(ArrayList.java:1604)
	at org.junit.platform.engine.support.hierarchical.SameThreadHierarchicalTestExecutorService.invokeAll(SameThreadHierarchicalTestExecutorService.java:41)
	at org.junit.platform.engine.support.hierarchical.NodeTestTask.lambda$executeRecursively$6(NodeTestTask.java:155)
	at org.junit.platform.engine.support.hierarchical.ThrowableCollector.execute(ThrowableCollector.java:73)
	at org.junit.platform.engine.support.hierarchical.NodeTestTask.lambda$executeRecursively$8(NodeTestTask.java:141)
	at org.junit.platform.engine.support.hierarchical.Node.around(Node.java:137)
	at org.junit.platform.engine.support.hierarchical.NodeTestTask.lambda$executeRecursively$9(NodeTestTask.java:139)
	at org.junit.platform.engine.support.hierarchical.ThrowableCollector.execute(ThrowableCollector.java:73)
	at org.junit.platform.engine.support.hierarchical.NodeTestTask.executeRecursively(NodeTestTask.java:138)
	at org.junit.platform.engine.support.hierarchical.NodeTestTask.execute(NodeTestTask.java:95)
	at java.base@25.0.2/java.util.ArrayList.forEach(ArrayList.java:1604)
	at org.junit.platform.engine.support.hierarchical.SameThreadHierarchicalTestExecutorService.invokeAll(SameThreadHierarchicalTestExecutorService.java:41)
	at org.junit.platform.engine.support.hierarchical.NodeTestTask.lambda$executeRecursively$6(NodeTestTask.java:155)
	at org.junit.platform.engine.support.hierarchical.ThrowableCollector.execute(ThrowableCollector.java:73)
	at org.junit.platform.engine.support.hierarchical.NodeTestTask.lambda$executeRecursively$8(NodeTestTask.java:141)
	at org.junit.platform.engine.support.hierarchical.Node.around(Node.java:137)
	at org.junit.platform.engine.support.hierarchical.NodeTestTask.lambda$executeRecursively$9(NodeTestTask.java:139)
	at org.junit.platform.engine.support.hierarchical.ThrowableCollector.execute(ThrowableCollector.java:73)
	at org.junit.platform.engine.support.hierarchical.NodeTestTask.executeRecursively(NodeTestTask.java:138)
	at org.junit.platform.engine.support.hierarchical.NodeTestTask.execute(NodeTestTask.java:95)
	at org.junit.platform.engine.support.hierarchical.SameThreadHierarchicalTestExecutorService.submit(SameThreadHierarchicalTestExecutorService.java:35)
	at org.junit.platform.engine.support.hierarchical.HierarchicalTestExecutor.execute(HierarchicalTestExecutor.java:57)
	at org.junit.platform.engine.support.hierarchical.HierarchicalTestEngine.execute(HierarchicalTestEngine.java:54)
	at org.junit.platform.launcher.core.EngineExecutionOrchestrator.execute(EngineExecutionOrchestrator.java:147)
	at org.junit.platform.launcher.core.EngineExecutionOrchestrator.execute(EngineExecutionOrchestrator.java:127)
	at org.junit.platform.launcher.core.EngineExecutionOrchestrator.execute(EngineExecutionOrchestrator.java:90)
	at org.junit.platform.launcher.core.EngineExecutionOrchestrator.lambda$execute$0(EngineExecutionOrchestrator.java:55)
	at org.junit.platform.launcher.core.EngineExecutionOrchestrator.withInterceptedStreams(EngineExecutionOrchestrator.java:102)
	at org.junit.platform.launcher.core.EngineExecutionOrchestrator.execute(EngineExecutionOrchestrator.java:54)
	at org.junit.platform.launcher.core.DefaultLauncher.execute(DefaultLauncher.java:114)
	at org.junit.platform.launcher.core.DefaultLauncher.execute(DefaultLauncher.java:95)
	at org.junit.platform.launcher.core.DefaultLauncherSession$DelegatingLauncher.execute(DefaultLauncherSession.java:91)
	at org.junit.platform.launcher.core.SessionPerRequestLauncher.execute(SessionPerRequestLauncher.java:60)
	at org.graalvm.junit.platform.NativeImageJUnitLauncher.main(NativeImageJUnitLauncher.java:132)
	at java.base@25.0.2/java.lang.invoke.LambdaForm$DMH/sa346b79c.invokeStaticInit(LambdaForm$DMH)
Caused by: Fatal error during transformation
	at org.apache.tools.ant.taskdefs.optional.TraXLiaison.fatalError(TraXLiaison.java:386)
	at java.xml@25.0.2/com.sun.org.apache.xalan.internal.xsltc.trax.TransformerFactoryImpl.newTemplates(TransformerFactoryImpl.java:1080)
	at org.apache.tools.ant.taskdefs.optional.TraXLiaison.readTemplates(TraXLiaison.java:247)
	at org.apache.tools.ant.taskdefs.optional.TraXLiaison.createTransformer(TraXLiaison.java:265)
	at org.apache.tools.ant.taskdefs.optional.TraXLiaison.transform(TraXLiaison.java:163)
	at org.apache.tools.ant.taskdefs.XSLTProcess.process(XSLTProcess.java:532)
	... 65 more
Caused by: javax.xml.transform.TransformerConfigurationException: java.lang.NullPointerException
	at java.xml@25.0.2/com.sun.org.apache.xalan.internal.xsltc.trax.TransformerFactoryImpl.newTemplates(TransformerFactoryImpl.java:1067)
	... 69 more
Caused by: java.lang.NullPointerException
	at java.xml@25.0.2/com.sun.org.apache.xalan.internal.xsltc.compiler.util.ErrorMsg.getFileName(ErrorMsg.java:263)
	at java.xml@25.0.2/com.sun.org.apache.xalan.internal.xsltc.compiler.util.ErrorMsg.<init>(ErrorMsg.java:236)
	at java.xml@25.0.2/com.sun.org.apache.xalan.internal.xsltc.compiler.Parser.makeInstance(Parser.java:955)
	at java.xml@25.0.2/com.sun.org.apache.xalan.internal.xsltc.compiler.Parser.startElement(Parser.java:1267)
	at java.xml@25.0.2/com.sun.org.apache.xerces.internal.parsers.AbstractSAXParser.startElement(AbstractSAXParser.java:519)
	at java.xml@25.0.2/com.sun.org.apache.xerces.internal.impl.XMLNSDocumentScannerImpl.scanStartElement(XMLNSDocumentScannerImpl.java:376)
	at java.xml@25.0.2/com.sun.org.apache.xerces.internal.impl.XMLNSDocumentScannerImpl$NSContentDriver.scanRootElementHook(XMLNSDocumentScannerImpl.java:615)
	at java.xml@25.0.2/com.sun.org.apache.xerces.internal.impl.XMLDocumentFragmentScannerImpl$FragmentContentDriver.next(XMLDocumentFragmentScannerImpl.java:3089)
	at java.xml@25.0.2/com.sun.org.apache.xerces.internal.impl.XMLDocumentScannerImpl$PrologDriver.next(XMLDocumentScannerImpl.java:866)
	at java.xml@25.0.2/com.sun.org.apache.xerces.internal.impl.XMLDocumentScannerImpl.next(XMLDocumentScannerImpl.java:635)
	at java.xml@25.0.2/com.sun.org.apache.xerces.internal.impl.XMLNSDocumentScannerImpl.next(XMLNSDocumentScannerImpl.java:113)
	at java.xml@25.0.2/com.sun.org.apache.xerces.internal.impl.XMLDocumentFragmentScannerImpl.scanDocument(XMLDocumentFragmentScannerImpl.java:551)
	at java.xml@25.0.2/com.sun.org.apache.xerces.internal.parsers.XML11Configuration.parse(XML11Configuration.java:890)
	at java.xml@25.0.2/com.sun.org.apache.xerces.internal.parsers.XML11Configuration.parse(XML11Configuration.java:826)
	at java.xml@25.0.2/com.sun.org.apache.xerces.internal.parsers.XMLParser.parse(XMLParser.java:137)
	at java.xml@25.0.2/com.sun.org.apache.xerces.internal.parsers.AbstractSAXParser.parse(AbstractSAXParser.java:1225)
	at java.xml@25.0.2/com.sun.org.apache.xerces.internal.jaxp.SAXParserImpl$JAXPSAXParser.parse(SAXParserImpl.java:629)
	at java.xml@25.0.2/com.sun.org.apache.xalan.internal.xsltc.compiler.Parser.parse(Parser.java:437)
	at java.xml@25.0.2/com.sun.org.apache.xalan.internal.xsltc.compiler.XSLTC.compile(XSLTC.java:485)
	at java.xml@25.0.2/com.sun.org.apache.xalan.internal.xsltc.compiler.XSLTC.compile(XSLTC.java:579)
	at java.xml@25.0.2/com.sun.org.apache.xalan.internal.xsltc.trax.TransformerFactoryImpl.newTemplates(TransformerFactoryImpl.java:1026)
	... 69 more
--- Nested Exception ---
Fatal error during transformation
	at org.apache.tools.ant.taskdefs.optional.TraXLiaison.fatalError(TraXLiaison.java:386)
	at java.xml@25.0.2/com.sun.org.apache.xalan.internal.xsltc.trax.TransformerFactoryImpl.newTemplates(TransformerFactoryImpl.java:1080)
	at org.apache.tools.ant.taskdefs.optional.TraXLiaison.readTemplates(TraXLiaison.java:247)
	at org.apache.tools.ant.taskdefs.optional.TraXLiaison.createTransformer(TraXLiaison.java:265)
	at org.apache.tools.ant.taskdefs.optional.TraXLiaison.transform(TraXLiaison.java:163)
	at org.apache.tools.ant.taskdefs.XSLTProcess.process(XSLTProcess.java:532)
	at org.apache.tools.ant.taskdefs.XSLTProcess.execute(XSLTProcess.java:246)
	at ant.ant.XSLTProcessTest.transformsSingleFileWithDefaultTraxProcessor(XSLTProcessTest.java:31)
	at java.base@25.0.2/java.lang.reflect.Method.invoke(Method.java:565)
	at org.junit.platform.commons.util.ReflectionUtils.invokeMethod(ReflectionUtils.java:727)
	at org.junit.jupiter.engine.execution.MethodInvocation.proceed(MethodInvocation.java:60)
	at org.junit.jupiter.engine.execution.InvocationInterceptorChain$ValidatingInvocation.proceed(InvocationInterceptorChain.java:131)
	at org.junit.jupiter.engine.extension.TimeoutExtension.intercept(TimeoutExtension.java:156)
	at org.junit.jupiter.engine.extension.TimeoutExtension.interceptTestableMethod(TimeoutExtension.java:147)
	at org.junit.jupiter.engine.extension.TimeoutExtension.interceptTestMethod(TimeoutExtension.java:86)
	at org.junit.jupiter.engine.execution.InterceptingExecutableInvoker$ReflectiveInterceptorCall.lambda$ofVoidMethod$0(InterceptingExecutableInvoker.java:103)
	at org.junit.jupiter.engine.execution.InterceptingExecutableInvoker.lambda$invoke$0(InterceptingExecutableInvoker.java:93)
	at org.junit.jupiter.engine.execution.InvocationInterceptorChain$InterceptedInvocation.proceed(InvocationInterceptorChain.java:106)
	at org.junit.jupiter.engine.execution.InvocationInterceptorChain.proceed(InvocationInterceptorChain.java:64)
	at org.junit.jupiter.engine.execution.InvocationInterceptorChain.chainAndInvoke(InvocationInterceptorChain.java:45)
	at org.junit.jupiter.engine.execution.InvocationInterceptorChain.invoke(InvocationInterceptorChain.java:37)
	at org.junit.jupiter.engine.execution.InterceptingExecutableInvoker.invoke(InterceptingExecutableInvoker.java:92)
	at org.junit.jupiter.engine.execution.InterceptingExecutableInvoker.invoke(InterceptingExecutableInvoker.java:86)
	at org.junit.jupiter.engine.descriptor.TestMethodTestDescriptor.lambda$invokeTestMethod$7(TestMethodTestDescriptor.java:217)
	at org.junit.platform.engine.support.hierarchical.ThrowableCollector.execute(ThrowableCollector.java:73)
	at org.junit.jupiter.engine.descriptor.TestMethodTestDescriptor.invokeTestMethod(TestMethodTestDescriptor.java:213)
	at org.junit.jupiter.engine.descriptor.TestMethodTestDescriptor.execute(TestMethodTestDescriptor.java:138)
	at org.junit.jupiter.engine.descriptor.TestMethodTestDescriptor.execute(TestMethodTestDescriptor.java:68)
	at org.junit.platform.engine.support.hierarchical.NodeTestTask.lambda$executeRecursively$6(NodeTestTask.java:151)
	at org.junit.platform.engine.support.hierarchical.ThrowableCollector.execute(ThrowableCollector.java:73)
	at org.junit.platform.engine.support.hierarchical.NodeTestTask.lambda$executeRecursively$8(NodeTestTask.java:141)
	at org.junit.platform.engine.support.hierarchical.Node.around(Node.java:137)
	at org.junit.platform.engine.support.hierarchical.NodeTestTask.lambda$executeRecursively$9(NodeTestTask.java:139)
	at org.junit.platform.engine.support.hierarchical.ThrowableCollector.execute(ThrowableCollector.java:73)
	at org.junit.platform.engine.support.hierarchical.NodeTestTask.executeRecursively(NodeTestTask.java:138)
	at org.junit.platform.engine.support.hierarchical.NodeTestTask.execute(NodeTestTask.java:95)
	at java.base@25.0.2/java.util.ArrayList.forEach(ArrayList.java:1604)
	at org.junit.platform.engine.support.hierarchical.SameThreadHierarchicalTestExecutorService.invokeAll(SameThreadHierarchicalTestExecutorService.java:41)
	at org.junit.platform.engine.support.hierarchical.NodeTestTask.lambda$executeRecursively$6(NodeTestTask.java:155)
	at org.junit.platform.engine.support.hierarchical.ThrowableCollector.execute(ThrowableCollector.java:73)
	at org.junit.platform.engine.support.hierarchical.NodeTestTask.lambda$executeRecursively$8(NodeTestTask.java:141)
	at org.junit.platform.engine.support.hierarchical.Node.around(Node.java:137)
	at org.junit.platform.engine.support.hierarchical.NodeTestTask.lambda$executeRecursively$9(NodeTestTask.java:139)
	at org.junit.platform.engine.support.hierarchical.ThrowableCollector.execute(ThrowableCollector.java:73)
	at org.junit.platform.engine.support.hierarchical.NodeTestTask.executeRecursively(NodeTestTask.java:138)
	at org.junit.platform.engine.support.hierarchical.NodeTestTask.execute(NodeTestTask.java:95)
	at java.base@25.0.2/java.util.ArrayList.forEach(ArrayList.java:1604)
	at org.junit.platform.engine.support.hierarchical.SameThreadHierarchicalTestExecutorService.invokeAll(SameThreadHierarchicalTestExecutorService.java:41)
	at org.junit.platform.engine.support.hierarchical.NodeTestTask.lambda$executeRecursively$6(NodeTestTask.java:155)
	at org.junit.platform.engine.support.hierarchical.ThrowableCollector.execute(ThrowableCollector.java:73)
	at org.junit.platform.engine.support.hierarchical.NodeTestTask.lambda$executeRecursively$8(NodeTestTask.java:141)
	at org.junit.platform.engine.support.hierarchical.Node.around(Node.java:137)
	at org.junit.platform.engine.support.hierarchical.NodeTestTask.lambda$executeRecursively$9(NodeTestTask.java:139)
	at org.junit.platform.engine.support.hierarchical.ThrowableCollector.execute(ThrowableCollector.java:73)
	at org.junit.platform.engine.support.hierarchical.NodeTestTask.executeRecursively(NodeTestTask.java:138)
	at org.junit.platform.engine.support.hierarchical.NodeTestTask.execute(NodeTestTask.java:95)
	at org.junit.platform.engine.support.hierarchical.SameThreadHierarchicalTestExecutorService.submit(SameThreadHierarchicalTestExecutorService.java:35)
	at org.junit.platform.engine.support.hierarchical.HierarchicalTestExecutor.execute(HierarchicalTestExecutor.java:57)
	at org.junit.platform.engine.support.hierarchical.HierarchicalTestEngine.execute(HierarchicalTestEngine.java:54)
	at org.junit.platform.launcher.core.EngineExecutionOrchestrator.execute(EngineExecutionOrchestrator.java:147)
	at org.junit.platform.launcher.core.EngineExecutionOrchestrator.execute(EngineExecutionOrchestrator.java:127)
	at org.junit.platform.launcher.core.EngineExecutionOrchestrator.execute(EngineExecutionOrchestrator.java:90)
	at org.junit.platform.launcher.core.EngineExecutionOrchestrator.lambda$execute$0(EngineExecutionOrchestrator.java:55)
	at org.junit.platform.launcher.core.EngineExecutionOrchestrator.withInterceptedStreams(EngineExecutionOrchestrator.java:102)
	at org.junit.platform.launcher.core.EngineExecutionOrchestrator.execute(EngineExecutionOrchestrator.java:54)
	at org.junit.platform.launcher.core.DefaultLauncher.execute(DefaultLauncher.java:114)
	at org.junit.platform.launcher.core.DefaultLauncher.execute(DefaultLauncher.java:95)
	at org.junit.platform.launcher.core.DefaultLauncherSession$DelegatingLauncher.execute(DefaultLauncherSession.java:91)
	at org.junit.platform.launcher.core.SessionPerRequestLauncher.execute(SessionPerRequestLauncher.java:60)
	at org.graalvm.junit.platform.NativeImageJUnitLauncher.main(NativeImageJUnitLauncher.java:132)
	at java.base@25.0.2/java.lang.invoke.LambdaForm$DMH/sa346b79c.invokeStaticInit(LambdaForm$DMH)
Caused by: javax.xml.transform.TransformerConfigurationException: java.lang.NullPointerException
	at java.xml@25.0.2/com.sun.org.apache.xalan.internal.xsltc.trax.TransformerFactoryImpl.newTemplates(TransformerFactoryImpl.java:1067)
	... 69 more
Caused by: java.lang.NullPointerException
	at java.xml@25.0.2/com.sun.org.apache.xalan.internal.xsltc.compiler.util.ErrorMsg.getFileName(ErrorMsg.java:263)
	at java.xml@25.0.2/com.sun.org.apache.xalan.internal.xsltc.compiler.util.ErrorMsg.<init>(ErrorMsg.java:236)
	at java.xml@25.0.2/com.sun.org.apache.xalan.internal.xsltc.compiler.Parser.makeInstance(Parser.java:955)
	at java.xml@25.0.2/com.sun.org.apache.xalan.internal.xsltc.compiler.Parser.startElement(Parser.java:1267)
	at java.xml@25.0.2/com.sun.org.apache.xerces.internal.parsers.AbstractSAXParser.startElement(AbstractSAXParser.java:519)
	at java.xml@25.0.2/com.sun.org.apache.xerces.internal.impl.XMLNSDocumentScannerImpl.scanStartElement(XMLNSDocumentScannerImpl.java:376)
	at java.xml@25.0.2/com.sun.org.apache.xerces.internal.impl.XMLNSDocumentScannerImpl$NSContentDriver.scanRootElementHook(XMLNSDocumentScannerImpl.java:615)
	at java.xml@25.0.2/com.sun.org.apache.xerces.internal.impl.XMLDocumentFragmentScannerImpl$FragmentContentDriver.next(XMLDocumentFragmentScannerImpl.java:3089)
	at java.xml@25.0.2/com.sun.org.apache.xerces.internal.impl.XMLDocumentScannerImpl$PrologDriver.next(XMLDocumentScannerImpl.java:866)
	at java.xml@25.0.2/com.sun.org.apache.xerces.internal.impl.XMLDocumentScannerImpl.next(XMLDocumentScannerImpl.java:635)
	at java.xml@25.0.2/com.sun.org.apache.xerces.internal.impl.XMLNSDocumentScannerImpl.next(XMLNSDocumentScannerImpl.java:113)
	at java.xml@25.0.2/com.sun.org.apache.xerces.internal.impl.XMLDocumentFragmentScannerImpl.scanDocument(XMLDocumentFragmentScannerImpl.java:551)
	at java.xml@25.0.2/com.sun.org.apache.xerces.internal.parsers.XML11Configuration.parse(XML11Configuration.java:890)
[...]
]]></system-out>
</testcase>
<testcase name="reportsImplementationVersionsTaskAvailabilityAndRuntimeEnvironment(Path)" classname="ant.ant.DiagnosticsTest" time="0.001">
<system-out><![CDATA[
unique-id: [engine:junit-jupiter]/[class:ant.ant.DiagnosticsTest]/[method:reportsImplementationVersionsTaskAvailabilityAndRuntimeEnvironment(java.nio.file.Path)]
display-name: reportsImplementationVersionsTaskAvailabilityAndRuntimeEnvironment(Path)
]]></system-out>
</testcase>
<testcase name="compilesSourceFileThroughModernCompilerAdapter(Path)" classname="ant.ant.Javac13Test" time="0.001">
<error message="Error starting modern compiler" type="org.apache.tools.ant.BuildException"><![CDATA[Error starting modern compiler
	at org.apache.tools.ant.taskdefs.compilers.Javac13.execute(Javac13.java:106)
	at org.apache.tools.ant.taskdefs.Javac.compile(Javac.java:976)
	at org.apache.tools.ant.taskdefs.Javac.execute(Javac.java:799)
	at ant.ant.Javac13Test.compilesSourceFileThroughModernCompilerAdapter(Javac13Test.java:33)
	at java.base@25.0.2/java.lang.reflect.Method.invoke(Method.java:565)
	at org.junit.platform.commons.util.ReflectionUtils.invokeMethod(ReflectionUtils.java:727)
	at org.junit.jupiter.engine.execution.MethodInvocation.proceed(MethodInvocation.java:60)
	at org.junit.jupiter.engine.execution.InvocationInterceptorChain$ValidatingInvocation.proceed(InvocationInterceptorChain.java:131)
	at org.junit.jupiter.engine.extension.TimeoutExtension.intercept(TimeoutExtension.java:156)
	at org.junit.jupiter.engine.extension.TimeoutExtension.interceptTestableMethod(TimeoutExtension.java:147)
	at org.junit.jupiter.engine.extension.TimeoutExtension.interceptTestMethod(TimeoutExtension.java:86)
	at org.junit.jupiter.engine.execution.InterceptingExecutableInvoker$ReflectiveInterceptorCall.lambda$ofVoidMethod$0(InterceptingExecutableInvoker.java:103)
	at org.junit.jupiter.engine.execution.InterceptingExecutableInvoker.lambda$invoke$0(InterceptingExecutableInvoker.java:93)
	at org.junit.jupiter.engine.execution.InvocationInterceptorChain$InterceptedInvocation.proceed(InvocationInterceptorChain.java:106)
	at org.junit.jupiter.engine.execution.InvocationInterceptorChain.proceed(InvocationInterceptorChain.java:64)
	at org.junit.jupiter.engine.execution.InvocationInterceptorChain.chainAndInvoke(InvocationInterceptorChain.java:45)
	at org.junit.jupiter.engine.execution.InvocationInterceptorChain.invoke(InvocationInterceptorChain.java:37)
	at org.junit.jupiter.engine.execution.InterceptingExecutableInvoker.invoke(InterceptingExecutableInvoker.java:92)
	at org.junit.jupiter.engine.execution.InterceptingExecutableInvoker.invoke(InterceptingExecutableInvoker.java:86)
	at org.junit.jupiter.engine.descriptor.TestMethodTestDescriptor.lambda$invokeTestMethod$7(TestMethodTestDescriptor.java:217)
	at org.junit.platform.engine.support.hierarchical.ThrowableCollector.execute(ThrowableCollector.java:73)
	at org.junit.jupiter.engine.descriptor.TestMethodTestDescriptor.invokeTestMethod(TestMethodTestDescriptor.java:213)
	at org.junit.jupiter.engine.descriptor.TestMethodTestDescriptor.execute(TestMethodTestDescriptor.java:138)
	at org.junit.jupiter.engine.descriptor.TestMethodTestDescriptor.execute(TestMethodTestDescriptor.java:68)
	at org.junit.platform.engine.support.hierarchical.NodeTestTask.lambda$executeRecursively$6(NodeTestTask.java:151)
	at org.junit.platform.engine.support.hierarchical.ThrowableCollector.execute(ThrowableCollector.java:73)
	at org.junit.platform.engine.support.hierarchical.NodeTestTask.lambda$executeRecursively$8(NodeTestTask.java:141)
	at org.junit.platform.engine.support.hierarchical.Node.around(Node.java:137)
	at org.junit.platform.engine.support.hierarchical.NodeTestTask.lambda$executeRecursively$9(NodeTestTask.java:139)
	at org.junit.platform.engine.support.hierarchical.ThrowableCollector.execute(ThrowableCollector.java:73)
	at org.junit.platform.engine.support.hierarchical.NodeTestTask.executeRecursively(NodeTestTask.java:138)
	at org.junit.platform.engine.support.hierarchical.NodeTestTask.execute(NodeTestTask.java:95)
	at java.base@25.0.2/java.util.ArrayList.forEach(ArrayList.java:1604)
	at org.junit.platform.engine.support.hierarchical.SameThreadHierarchicalTestExecutorService.invokeAll(SameThreadHierarchicalTestExecutorService.java:41)
	at org.junit.platform.engine.support.hierarchical.NodeTestTask.lambda$executeRecursively$6(NodeTestTask.java:155)
	at org.junit.platform.engine.support.hierarchical.ThrowableCollector.execute(ThrowableCollector.java:73)
	at org.junit.platform.engine.support.hierarchical.NodeTestTask.lambda$executeRecursively$8(NodeTestTask.java:141)
	at org.junit.platform.engine.support.hierarchical.Node.around(Node.java:137)
	at org.junit.platform.engine.support.hierarchical.NodeTestTask.lambda$executeRecursively$9(NodeTestTask.java:139)
	at org.junit.platform.engine.support.hierarchical.ThrowableCollector.execute(ThrowableCollector.java:73)
	at org.junit.platform.engine.support.hierarchical.NodeTestTask.executeRecursively(NodeTestTask.java:138)
	at org.junit.platform.engine.support.hierarchical.NodeTestTask.execute(NodeTestTask.java:95)
	at java.base@25.0.2/java.util.ArrayList.forEach(ArrayList.java:1604)
	at org.junit.platform.engine.support.hierarchical.SameThreadHierarchicalTestExecutorService.invokeAll(SameThreadHierarchicalTestExecutorService.java:41)
	at org.junit.platform.engine.support.hierarchical.NodeTestTask.lambda$executeRecursively$6(NodeTestTask.java:155)
	at org.junit.platform.engine.support.hierarchical.ThrowableCollector.execute(ThrowableCollector.java:73)
	at org.junit.platform.engine.support.hierarchical.NodeTestTask.lambda$executeRecursively$8(NodeTestTask.java:141)
	at org.junit.platform.engine.support.hierarchical.Node.around(Node.java:137)
	at org.junit.platform.engine.support.hierarchical.NodeTestTask.lambda$executeRecursively$9(NodeTestTask.java:139)
	at org.junit.platform.engine.support.hierarchical.ThrowableCollector.execute(ThrowableCollector.java:73)
	at org.junit.platform.engine.support.hierarchical.NodeTestTask.executeRecursively(NodeTestTask.java:138)
	at org.junit.platform.engine.support.hierarchical.NodeTestTask.execute(NodeTestTask.java:95)
	at org.junit.platform.engine.support.hierarchical.SameThreadHierarchicalTestExecutorService.submit(SameThreadHierarchicalTestExecutorService.java:35)
	at org.junit.platform.engine.support.hierarchical.HierarchicalTestExecutor.execute(HierarchicalTestExecutor.java:57)
	at org.junit.platform.engine.support.hierarchical.HierarchicalTestEngine.execute(HierarchicalTestEngine.java:54)
	at org.junit.platform.launcher.core.EngineExecutionOrchestrator.execute(EngineExecutionOrchestrator.java:147)
	at org.junit.platform.launcher.core.EngineExecutionOrchestrator.execute(EngineExecutionOrchestrator.java:127)
	at org.junit.platform.launcher.core.EngineExecutionOrchestrator.execute(EngineExecutionOrchestrator.java:90)
	at org.junit.platform.launcher.core.EngineExecutionOrchestrator.lambda$execute$0(EngineExecutionOrchestrator.java:55)
	at org.junit.platform.launcher.core.EngineExecutionOrchestrator.withInterceptedStreams(EngineExecutionOrchestrator.java:102)
	at org.junit.platform.launcher.core.EngineExecutionOrchestrator.execute(EngineExecutionOrchestrator.java:54)
	at org.junit.platform.launcher.core.DefaultLauncher.execute(DefaultLauncher.java:114)
	at org.junit.platform.launcher.core.DefaultLauncher.execute(DefaultLauncher.java:95)
	at org.junit.platform.launcher.core.DefaultLauncherSession$DelegatingLauncher.execute(DefaultLauncherSession.java:91)
	at org.junit.platform.launcher.core.SessionPerRequestLauncher.execute(SessionPerRequestLauncher.java:60)
	at org.graalvm.junit.platform.NativeImageJUnitLauncher.main(NativeImageJUnitLauncher.java:132)
	at java.base@25.0.2/java.lang.invoke.LambdaForm$DMH/sa346b79c.invokeStaticInit(LambdaForm$DMH)
Caused by: java.lang.reflect.InvocationTargetException
	at java.base@25.0.2/java.lang.reflect.Method.invoke(Method.java:565)
	at org.apache.tools.ant.taskdefs.compilers.Javac13.execute(Javac13.java:98)
	... 66 more
Caused by: java.lang.ExceptionInInitializerError
	at jdk.compiler@25.0.2/com.sun.tools.javac.file.BaseFileManager.createLocations(BaseFileManager.java:126)
	at jdk.compiler@25.0.2/com.sun.tools.javac.file.BaseFileManager.<init>(BaseFileManager.java:82)
	at jdk.compiler@25.0.2/com.sun.tools.javac.file.JavacFileManager.<init>(JavacFileManager.java:161)
	at jdk.compiler@25.0.2/com.sun.tools.javac.file.JavacFileManager.lambda$preRegister$0(JavacFileManager.java:152)
	at jdk.compiler@25.0.2/com.sun.tools.javac.util.Context.get(Context.java:149)
	at jdk.compiler@25.0.2/com.sun.tools.javac.util.Context.get(Context.java:186)
	at jdk.compiler@25.0.2/com.sun.tools.javac.main.Main.compile(Main.java:262)
	at jdk.compiler@25.0.2/com.sun.tools.javac.main.Main.compile(Main.java:178)
	at jdk.compiler@25.0.2/com.sun.tools.javac.Main.compile(Main.java:66)
	... 68 more
Caused by: java.lang.NullPointerException
	at java.base@25.0.2/java.util.Objects.requireNonNull(Objects.java:220)
	at java.base@25.0.2/sun.nio.fs.UnixFileSystem.getPath(UnixFileSystem.java:257)
	at jdk.compiler@25.0.2/com.sun.tools.javac.file.Locations.<clinit>(Locations.java:139)
	... 77 more
--- Nested Exception ---
java.lang.reflect.InvocationTargetException
	at java.base@25.0.2/java.lang.reflect.Method.invoke(Method.java:565)
	at org.apache.tools.ant.taskdefs.compilers.Javac13.execute(Javac13.java:98)
	at org.apache.tools.ant.taskdefs.Javac.compile(Javac.java:976)
	at org.apache.tools.ant.taskdefs.Javac.execute(Javac.java:799)
	at ant.ant.Javac13Test.compilesSourceFileThroughModernCompilerAdapter(Javac13Test.java:33)
	at java.base@25.0.2/java.lang.reflect.Method.invoke(Method.java:565)
	at org.junit.platform.commons.util.ReflectionUtils.invokeMethod(ReflectionUtils.java:727)
	at org.junit.jupiter.engine.execution.MethodInvocation.proceed(MethodInvocation.java:60)
	at org.junit.jupiter.engine.execution.InvocationInterceptorChain$ValidatingInvocation.proceed(InvocationInterceptorChain.java:131)
	at org.junit.jupiter.engine.extension.TimeoutExtension.intercept(TimeoutExtension.java:156)
	at org.junit.jupiter.engine.extension.TimeoutExtension.interceptTestableMethod(TimeoutExtension.java:147)
	at org.junit.jupiter.engine.extension.TimeoutExtension.interceptTestMethod(TimeoutExtension.java:86)
	at org.junit.jupiter.engine.execution.InterceptingExecutableInvoker$ReflectiveInterceptorCall.lambda$ofVoidMethod$0(InterceptingExecutableInvoker.java:103)
	at org.junit.jupiter.engine.execution.InterceptingExecutableInvoker.lambda$invoke$0(InterceptingExecutableInvoker.java:93)
	at org.junit.jupiter.engine.execution.InvocationInterceptorChain$InterceptedInvocation.proceed(InvocationInterceptorChain.java:106)
	at org.junit.jupiter.engine.execution.InvocationInterceptorChain.proceed(InvocationInterceptorChain.java:64)
	at org.junit.jupiter.engine.execution.InvocationInterceptorChain.chainAndInvoke(InvocationInterceptorChain.java:45)
	at org.junit.jupiter.engine.execution.InvocationInterceptorChain.invoke(InvocationInterceptorChain.java:37)
	at org.junit.jupiter.engine.execution.InterceptingExecutableInvoker.invoke(InterceptingExecutableInvoker.java:92)
	at org.junit.jupiter.engine.execution.InterceptingExecutableInvoker.invoke(InterceptingExecutableInvoker.java:86)
	at org.junit.jupiter.engine.descriptor.TestMethodTestDescriptor.lambda$invokeTestMethod$7(TestMethodTestDescriptor.java:217)
	at org.junit.platform.engine.support.hierarchical.ThrowableCollector.execute(ThrowableCollector.java:73)
	at org.junit.jupiter.engine.descriptor.TestMethodTestDescriptor.invokeTestMethod(TestMethodTestDescriptor.java:213)
	at org.junit.jupiter.engine.descriptor.TestMethodTestDescriptor.execute(TestMethodTestDescriptor.java:138)
	at org.junit.jupiter.engine.descriptor.TestMethodTestDescriptor.execute(TestMethodTestDescriptor.java:68)
	at org.junit.platform.engine.support.hierarchical.NodeTestTask.lambda$executeRecursively$6(NodeTestTask.java:151)
	at org.junit.platform.engine.support.hierarchical.ThrowableCollector.execute(ThrowableCollector.java:73)
	at org.junit.platform.engine.support.hierarchical.NodeTestTask.lambda$executeRecursively$8(NodeTestTask.java:141)
	at org.junit.platform.engine.support.hierarchical.Node.around(Node.java:137)
	at org.junit.platform.engine.support.hierarchical.NodeTestTask.lambda$executeRecursively$9(NodeTestTask.java:139)
	at org.junit.platform.engine.support.hierarchical.ThrowableCollector.execute(ThrowableCollector.java:73)
	at org.junit.platform.engine.support.hierarchical.NodeTestTask.executeRecursively(NodeTestTask.java:138)
	at org.junit.platform.engine.support.hierarchical.NodeTestTask.execute(NodeTestTask.java:95)
	at java.base@25.0.2/java.util.ArrayList.forEach(ArrayList.java:1604)
	at org.junit.platform.engine.support.hierarchical.SameThreadHierarchicalTestExecutorService.invokeAll(SameThreadHierarchicalTestExecutorService.java:41)
	at org.junit.platform.engine.support.hierarchical.NodeTestTask.lambda$executeRecursively$6(NodeTestTask.java:155)
	at org.junit.platform.engine.support.hierarchical.ThrowableCollector.execute(ThrowableCollector.java:73)
	at org.junit.platform.engine.support.hierarchical.NodeTestTask.lambda$executeRecursively$8(NodeTestTask.java:141)
	at org.junit.platform.engine.support.hierarchical.Node.around(Node.java:137)
	at org.junit.platform.engine.support.hierarchical.NodeTestTask.lambda$executeRecursively$9(NodeTestTask.java:139)
	at org.junit.platform.engine.support.hierarchical.ThrowableCollector.execute(ThrowableCollector.java:73)
	at org.junit.platform.engine.support.hierarchical.NodeTestTask.executeRecursively(NodeTestTask.java:138)
	at org.junit.platform.engine.support.hierarchical.NodeTestTask.execute(NodeTestTask.java:95)
	at java.base@25.0.2/java.util.ArrayList.forEach(ArrayList.java:1604)
	at org.junit.platform.engine.support.hierarchical.SameThreadHierarchicalTestExecutorService.invokeAll(SameThreadHierarchicalTestExecutorService.java:41)
	at org.junit.platform.engine.support.hierarchical.NodeTestTask.lambda$executeRecursively$6(NodeTestTask.java:155)
	at org.junit.platform.engine.support.hierarchical.ThrowableCollector.execute(ThrowableCollector.java:73)
	at org.junit.platform.engine.support.hierarchical.NodeTestTask.lambda$executeRecursively$8(NodeTestTask.java:141)
	at org.junit.platform.engine.support.hierarchical.Node.around(Node.java:137)
	at org.junit.platform.engine.support.hierarchical.NodeTestTask.lambda$executeRecursively$9(NodeTestTask.java:139)
	at org.junit.platform.engine.support.hierarchical.ThrowableCollector.execute(ThrowableCollector.java:73)
	at org.junit.platform.engine.support.hierarchical.NodeTestTask.executeRecursively(NodeTestTask.java:138)
	at org.junit.platform.engine.support.hierarchical.NodeTestTask.execute(NodeTestTask.java:95)
	at org.junit.platform.engine.support.hierarchical.SameThreadHierarchicalTestExecutorService.submit(SameThreadHierarchicalTestExecutorService.java:35)
	at org.junit.platform.engine.support.hierarchical.HierarchicalTestExecutor.execute(HierarchicalTestExecutor.java:57)
	at org.junit.platform.engine.support.hierarchical.HierarchicalTestEngine.execute(HierarchicalTestEngine.java:54)
	at org.junit.platform.launcher.core.EngineExecutionOrchestrator.execute(EngineExecutionOrchestrator.java:147)
	at org.junit.platform.launcher.core.EngineExecutionOrchestrator.execute(EngineExecutionOrchestrator.java:127)
	at org.junit.platform.launcher.core.EngineExecutionOrchestrator.execute(EngineExecutionOrchestrator.java:90)
	at org.junit.platform.launcher.core.EngineExecutionOrchestrator.lambda$execute$0(EngineExecutionOrchestrator.java:55)
	at org.junit.platform.launcher.core.EngineExecutionOrchestrator.withInterceptedStreams(EngineExecutionOrchestrator.java:102)
	at org.junit.platform.launcher.core.EngineExecutionOrchestrator.execute(EngineExecutionOrchestrator.java:54)
	at org.junit.platform.launcher.core.DefaultLauncher.execute(DefaultLauncher.java:114)
	at org.junit.platform.launcher.core.DefaultLauncher.execute(DefaultLauncher.java:95)
	at org.junit.platform.launcher.core.DefaultLauncherSession$DelegatingLauncher.execute(DefaultLauncherSession.java:91)
	at org.junit.platform.launcher.core.SessionPerRequestLauncher.execute(SessionPerRequestLauncher.java:60)
	at org.graalvm.junit.platform.NativeImageJUnitLauncher.main(NativeImageJUnitLauncher.java:132)
	at java.base@25.0.2/java.lang.invoke.LambdaForm$DMH/sa346b79c.invokeStaticInit(LambdaForm$DMH)
Caused by: java.lang.ExceptionInInitializerError
	at jdk.compiler@25.0.2/com.sun.tools.javac.file.BaseFileManager.createLocations(BaseFileManager.java:126)
	at jdk.compiler@25.0.2/com.sun.tools.javac.file.BaseFileManager.<init>(BaseFileManager.java:82)
	at jdk.compiler@25.0.2/com.sun.tools.javac.file.JavacFileManager.<init>(JavacFileManager.java:161)
	at jdk.compiler@25.0.2/com.sun.tools.javac.file.JavacFileManager.lambda$preRegister$0(JavacFileManager.java:152)
	at jdk.compiler@25.0.2/com.sun.tools.javac.util.Context.get(Context.java:149)
	at jdk.compiler@25.0.2/com.sun.tools.javac.util.Context.get(Context.java:186)
	at jdk.compiler@25.0.2/com.sun.tools.javac.main.Main.compile(Main.java:262)
	at jdk.compiler@25.0.2/com.sun.tools.javac.main.Main.compile(Main.java:178)
	at jdk.compiler@25.0.2/com.sun.tools.javac.Main.compile(Main.java:66)
	... 68 more
Caused by: java.lang.NullPointerException
	at java.base@25.0.2/java.util.Objects.requireNonNull(Objects.java:220)
	at java.base@25.0.2/sun.nio.fs.UnixFileSystem.getPath(UnixFileSystem.java:257)
	at jdk.compiler@25.0.2/com.sun.tools.javac.file.Locations.<clinit>(Locations.java:139)
	... 77 more
]]></error>
<system-out><![CDATA[
unique-id: [engine:junit-jupiter]/[class:ant.ant.Javac13Test]/[method:compilesSourceFileThroughModernCompilerAdapter(java.nio.file.Path)]
display-name: compilesSourceFileThroughModernCompilerAdapter(Path)
]]></system-out>
</testcase>
<testcase name="usesOwnClassLoaderWhenResourceLookupHasNoClassLoader()" classname="ant.ant.LoaderUtilsTest" time="0">
<system-out><![CDATA[
unique-id: [engine:junit-jupiter]/[class:ant.ant.LoaderUtilsTest]/[method:usesOwnClassLoaderWhenResourceLookupHasNoClassLoader()]
display-name: usesOwnClassLoaderWhenResourceLookupHasNoClassLoader()
]]></system-out>
</testcase>
<testcase name="checksSystemServiceResourceWhenContextLoaderHasNoServiceResource()" classname="ant.ant.ProjectHelperTest" time="0">
<system-out><![CDATA[
unique-id: [engine:junit-jupiter]/[class:ant.ant.ProjectHelperTest]/[method:checksSystemServiceResourceWhenContextLoaderHasNoServiceResource()]
display-name: checksSystemServiceResourceWhenContextLoaderHasNoServiceResource()
]]></system-out>
</testcase>
<testcase name="writesDefinitionsForReferenceTypesAndEnumeratedAttributes(Path)" classname="ant.ant.AntStructureTest" time="0">
<system-out><![CDATA[
unique-id: [engine:junit-jupiter]/[class:ant.ant.AntStructureTest]/[method:writesDefinitionsForReferenceTypesAndEnumeratedAttributes(java.nio.file.Path)]
display-name: writesDefinitionsForReferenceTypesAndEnumeratedAttributes(Path)
]]></system-out>
</testcase>
<testcase name="interpretsExitStatusUsingCurrentOperatingSystemConventions()" classname="ant.ant.ExecuteTest" time="0">
<system-out><![CDATA[
unique-id: [engine:junit-jupiter]/[class:ant.ant.ExecuteTest]/[method:interpretsExitStatusUsingCurrentOperatingSystemConventions()]
display-name: interpretsExitStatusUsingCurrentOperatingSystemConventions()
]]></system-out>
</testcase>
<testcase name="createsInstanceWithProvidedClassLoader()" classname="ant.ant.ClasspathUtilsTest" time="0">
<system-out><![CDATA[
unique-id: [engine:junit-jupiter]/[class:ant.ant.ClasspathUtilsTest]/[method:createsInstanceWithProvidedClassLoader()]
display-name: createsInstanceWithProvidedClassLoader()
]]></system-out>
</testcase>
<system-out><![CDATA[
unique-id: [engine:junit-jupiter]
display-name: JUnit Jupiter
]]></system-out>
</testsuite>
