<?xml version="1.0" encoding="UTF-8"?>
<testsuite name="JUnit Jupiter" tests="8" skipped="0" failures="0" errors="0" time="0.011" hostname="kung-fu-workstation" timestamp="2026-05-03T14:12:12">
<properties>
[...]
</properties>
<testcase name="invokesPublicZeroArgumentGetter()" classname="com_graphql_java.graphql_java.PropertyFetchingImplTest" time="0">
<system-out><![CDATA[
unique-id: [engine:junit-jupiter]/[class:com_graphql_java.graphql_java.PropertyFetchingImplTest]/[method:invokesPublicZeroArgumentGetter()]
display-name: invokesPublicZeroArgumentGetter()
]]></system-out>
</testcase>
<testcase name="paginatedQuery()" classname="graphql.GraphQlTests" time="0.001">
<system-out><![CDATA[
unique-id: [engine:junit-jupiter]/[class:graphql.GraphQlTests]/[method:paginatedQuery()]
display-name: paginatedQuery()
]]></system-out>
</testcase>
<testcase name="invokesPublicGetterWithDataFetchingEnvironmentArgument()" classname="com_graphql_java.graphql_java.PropertyFetchingImplTest" time="0">
<system-out><![CDATA[
unique-id: [engine:junit-jupiter]/[class:com_graphql_java.graphql_java.PropertyFetchingImplTest]/[method:invokesPublicGetterWithDataFetchingEnvironmentArgument()]
display-name: invokesPublicGetterWithDataFetchingEnvironmentArgument()
]]></system-out>
</testcase>
<testcase name="readsAndCachesPublicField()" classname="com_graphql_java.graphql_java.PropertyFetchingImplTest" time="0">
<system-out><![CDATA[
unique-id: [engine:junit-jupiter]/[class:com_graphql_java.graphql_java.PropertyFetchingImplTest]/[method:readsAndCachesPublicField()]
display-name: readsAndCachesPublicField()
]]></system-out>
</testcase>
<testcase name="greetingQuery()" classname="graphql.GraphQlTests" time="0">
<system-out><![CDATA[
unique-id: [engine:junit-jupiter]/[class:graphql.GraphQlTests]/[method:greetingQuery()]
display-name: greetingQuery()
]]></system-out>
</testcase>
<testcase name="introspectionQuery()" classname="graphql.GraphQlTests" time="0.007">
<system-out><![CDATA[
unique-id: [engine:junit-jupiter]/[class:graphql.GraphQlTests]/[method:introspectionQuery()]
display-name: introspectionQuery()
]]></system-out>
</testcase>
<testcase name="readsAndCachesPrivateFieldViaSetAccessibleLookup()" classname="com_graphql_java.graphql_java.PropertyFetchingImplTest" time="0">
<system-out><![CDATA[
unique-id: [engine:junit-jupiter]/[class:com_graphql_java.graphql_java.PropertyFetchingImplTest]/[method:readsAndCachesPrivateFieldViaSetAccessibleLookup()]
display-name: readsAndCachesPrivateFieldViaSetAccessibleLookup()
]]></system-out>
</testcase>
<testcase name="invokesPrivateGetterViaSetAccessibleLookup()" classname="com_graphql_java.graphql_java.PropertyFetchingImplTest" time="0">
<system-out><![CDATA[
unique-id: [engine:junit-jupiter]/[class:com_graphql_java.graphql_java.PropertyFetchingImplTest]/[method:invokesPrivateGetterViaSetAccessibleLookup()]
display-name: invokesPrivateGetterViaSetAccessibleLookup()
]]></system-out>
</testcase>
<system-out><![CDATA[
unique-id: [engine:junit-jupiter]
display-name: JUnit Jupiter
]]></system-out>
</testsuite>
