<?xml version="1.0" encoding="UTF-8"?>
<testsuite name="JUnit Vintage" tests="166" skipped="0" failures="0" errors="18" time="5.025" hostname="kung-fu-workstation" timestamp="2026-05-03T11:53:25">
<properties>
[...]
</properties>
<testcase name="testParserSupportAliasEnums" classname="com.google.protobuf.util.JsonFormatTest" time="0">
<system-out><![CDATA[
unique-id: [engine:junit-vintage]/[runner:com.google.protobuf.util.JsonFormatTest]/[test:testParserSupportAliasEnums(com.google.protobuf.util.JsonFormatTest)]
display-name: testParserSupportAliasEnums
]]></system-out>
</testcase>
<testcase name="testSubstract" classname="com_google_protobuf.protobuf_java_util.FieldMaskUtilTest" time="0">
<system-out><![CDATA[
unique-id: [engine:junit-vintage]/[runner:com_google_protobuf.protobuf_java_util.FieldMaskUtilTest]/[test:testSubstract(com_google_protobuf.protobuf_java_util.FieldMaskUtilTest)]
display-name: testSubstract
]]></system-out>
</testcase>
<testcase name="testParserRejectInvalidBase64" classname="com.google.protobuf.util.JsonFormatTest" time="0">
<system-out><![CDATA[
unique-id: [engine:junit-vintage]/[runner:com.google.protobuf.util.JsonFormatTest]/[test:testParserRejectInvalidBase64(com.google.protobuf.util.JsonFormatTest)]
display-name: testParserRejectInvalidBase64
]]></system-out>
</testcase>
<testcase name="testPrintingEnumsAsIntsChainedAfterIncludingDefaultValueFields" classname="com.google.protobuf.util.JsonFormatTest" time="0">
<system-out><![CDATA[
unique-id: [engine:junit-vintage]/[runner:com.google.protobuf.util.JsonFormatTest]/[test:testPrintingEnumsAsIntsChainedAfterIncludingDefaultValueFields(com.google.protobuf.util.JsonFormatTest)]
display-name: testPrintingEnumsAsIntsChainedAfterIncludingDefaultValueFields
]]></system-out>
</testcase>
<testcase name="testTimestampMergeError" classname="com.google.protobuf.util.JsonFormatTest" time="0">
<error message="Cannot reflectively invoke method 'public final synchronized java.lang.Throwable[] java.lang.Throwable.getSuppressed()'.

The matching metadata element in the 'reflection' section of 'reachability-metadata.json' is:

    {
      &quot;type&quot;: &quot;java.lang.Throwable&quot;,
      &quot;methods&quot;: [
        {
          &quot;name&quot;: &quot;getSuppressed&quot;,
          &quot;parameterTypes&quot;: []
        }
      ]
    }

The 'reachability-metadata.json' file should be located in 'META-INF/native-image/&lt;group-id&gt;/&lt;artifact-id&gt;/' of your project. For further help, see https://www.graalvm.org/latest/reference-manual/native-image/metadata/#reflection" type="org.graalvm.nativeimage.MissingReflectionRegistrationError"><![CDATA[org.graalvm.nativeimage.MissingReflectionRegistrationError: Cannot reflectively invoke method 'public final synchronized java.lang.Throwable[] java.lang.Throwable.getSuppressed()'.

The matching metadata element in the 'reflection' section of 'reachability-metadata.json' is:

    {
      "type": "java.lang.Throwable",
      "methods": [
        {
          "name": "getSuppressed",
          "parameterTypes": []
        }
      ]
    }

The 'reachability-metadata.json' file should be located in 'META-INF/native-image/<group-id>/<artifact-id>/' of your project. For further help, see https://www.graalvm.org/latest/reference-manual/native-image/metadata/#reflection
	at org.graalvm.nativeimage.builder/com.oracle.svm.core.reflect.MissingReflectionRegistrationUtils.reportInvokedExecutable(MissingReflectionRegistrationUtils.java:120)
	at java.base@25.0.2/java.lang.reflect.Method.acquireMethodAccessor(Method.java:151)
	at java.base@25.0.2/java.lang.reflect.Method.invoke(Method.java:562)
	at com.google.common.truth.Platform.getSuppressed(Platform.java:62)
	at com.google.common.truth.StackTraceCleaner.clean(StackTraceCleaner.java:150)
	at com.google.common.truth.StackTraceCleaner.cleanStackTrace(StackTraceCleaner.java:46)
	at com.google.common.truth.Platform.cleanStackTrace(Platform.java:73)
	at com.google.common.truth.Platform.inferDescription(Platform.java:93)
	at com.google.common.truth.FailureMetadata.description(FailureMetadata.java:229)
	at com.google.common.truth.FailureMetadata.failEqualityCheck(FailureMetadata.java:178)
	at com.google.common.truth.Subject.failEqualityCheck(Subject.java:862)
	at com.google.common.truth.Subject.standardIsEqualTo(Subject.java:175)
	at com.google.common.truth.Subject.isEqualTo(Subject.java:169)
	at com.google.protobuf.util.JsonFormatTest.testTimestampMergeError(JsonFormatTest.java:896)
	at java.base@25.0.2/java.lang.reflect.Method.invoke(Method.java:565)
	at org.junit.runners.model.FrameworkMethod$1.runReflectiveCall(FrameworkMethod.java:59)
	at org.junit.internal.runners.model.ReflectiveCallable.run(ReflectiveCallable.java:12)
	at org.junit.runners.model.FrameworkMethod.invokeExplosively(FrameworkMethod.java:56)
	at org.junit.internal.runners.statements.InvokeMethod.evaluate(InvokeMethod.java:17)
	at org.junit.runners.ParentRunner$3.evaluate(ParentRunner.java:306)
	at org.junit.runners.BlockJUnit4ClassRunner$1.evaluate(BlockJUnit4ClassRunner.java:100)
	at org.junit.runners.ParentRunner.runLeaf(ParentRunner.java:366)
	at org.junit.runners.BlockJUnit4ClassRunner.runChild(BlockJUnit4ClassRunner.java:103)
	at org.junit.runners.BlockJUnit4ClassRunner.runChild(BlockJUnit4ClassRunner.java:63)
	at org.junit.runners.ParentRunner$4.run(ParentRunner.java:331)
	at org.junit.runners.ParentRunner$1.schedule(ParentRunner.java:79)
	at org.junit.runners.ParentRunner.runChildren(ParentRunner.java:329)
	at org.junit.runners.ParentRunner.access$100(ParentRunner.java:66)
	at org.junit.runners.ParentRunner$2.evaluate(ParentRunner.java:293)
	at org.junit.internal.runners.statements.RunBefores.evaluate(RunBefores.java:26)
	at org.junit.internal.runners.statements.RunAfters.evaluate(RunAfters.java:27)
	at org.junit.runners.ParentRunner$3.evaluate(ParentRunner.java:306)
	at org.junit.runners.ParentRunner.run(ParentRunner.java:413)
	at org.junit.runner.JUnitCore.run(JUnitCore.java:137)
	at org.junit.runner.JUnitCore.run(JUnitCore.java:115)
	at org.junit.vintage.engine.execution.RunnerExecutor.execute(RunnerExecutor.java:42)
	at org.junit.vintage.engine.VintageTestEngine.executeAllChildren(VintageTestEngine.java:80)
	at org.junit.vintage.engine.VintageTestEngine.execute(VintageTestEngine.java:72)
	at org.junit.platform.launcher.core.EngineExecutionOrchestrator.execute(EngineExecutionOrchestrator.java:147)
	at org.junit.platform.launcher.core.EngineExecutionOrchestrator.execute(EngineExecutionOrchestrator.java:127)
	at org.junit.platform.launcher.core.EngineExecutionOrchestrator.execute(EngineExecutionOrchestrator.java:90)
	at org.junit.platform.launcher.core.EngineExecutionOrchestrator.lambda$execute$0(EngineExecutionOrchestrator.java:55)
	at org.junit.platform.launcher.core.EngineExecutionOrchestrator.withInterceptedStreams(EngineExecutionOrchestrator.java:102)
	at org.junit.platform.launcher.core.EngineExecutionOrchestrator.execute(EngineExecutionOrchestrator.java:54)
	at org.junit.platform.launcher.core.DefaultLauncher.execute(DefaultLauncher.java:114)
	at org.junit.platform.launcher.core.DefaultLauncher.execute(DefaultLauncher.java:95)
	at org.junit.platform.launcher.core.DefaultLauncherSession$DelegatingLauncher.execute(DefaultLauncherSession.java:91)
	at org.junit.platform.launcher.core.SessionPerRequestLauncher.execute(SessionPerRequestLauncher.java:60)
	at org.graalvm.junit.platform.NativeImageJUnitLauncher.main(NativeImageJUnitLauncher.java:132)
	at java.base@25.0.2/java.lang.invoke.LambdaForm$DMH/sa346b79c.invokeStaticInit(LambdaForm$DMH)
]]></error>
<system-out><![CDATA[
unique-id: [engine:junit-vintage]/[runner:com.google.protobuf.util.JsonFormatTest]/[test:testTimestampMergeError(com.google.protobuf.util.JsonFormatTest)]
display-name: testTimestampMergeError
]]></system-out>
</testcase>
<testcase name="testMinMaxAreValid" classname="com.google.protobuf.util.TimestampsTest" time="0">
<system-out><![CDATA[
unique-id: [engine:junit-vintage]/[runner:com.google.protobuf.util.TimestampsTest]/[test:testMinMaxAreValid(com.google.protobuf.util.TimestampsTest)]
display-name: testMinMaxAreValid
]]></system-out>
</testcase>
<testcase name="testMerge" classname="com.google.protobuf.util.FieldMaskTreeTest" time="0.008">
<system-out><![CDATA[
unique-id: [engine:junit-vintage]/[runner:com.google.protobuf.util.FieldMaskTreeTest]/[test:testMerge(com.google.protobuf.util.FieldMaskTreeTest)]
display-name: testMerge
]]></system-out>
</testcase>
<testcase name="testNullFirstInDuplicateOneof" classname="com.google.protobuf.util.JsonFormatTest" time="0">
<error message="Generated message class &quot;com.google.protobuf.NullValue&quot; missing method &quot;valueOf&quot;." type="com.google.protobuf.InvalidProtocolBufferException"><![CDATA[com.google.protobuf.InvalidProtocolBufferException: Generated message class "com.google.protobuf.NullValue" missing method "valueOf".
	at com.google.protobuf.util.JsonFormat$ParserImpl.merge(JsonFormat.java:1343)
	at com.google.protobuf.util.JsonFormat$Parser.merge(JsonFormat.java:472)
	at com.google.protobuf.util.JsonFormatTest.mergeFromJson(JsonFormatTest.java:167)
	at com.google.protobuf.util.JsonFormatTest.testNullFirstInDuplicateOneof(JsonFormatTest.java:538)
	at java.base@25.0.2/java.lang.reflect.Method.invoke(Method.java:565)
	at org.junit.runners.model.FrameworkMethod$1.runReflectiveCall(FrameworkMethod.java:59)
	at org.junit.internal.runners.model.ReflectiveCallable.run(ReflectiveCallable.java:12)
	at org.junit.runners.model.FrameworkMethod.invokeExplosively(FrameworkMethod.java:56)
	at org.junit.internal.runners.statements.InvokeMethod.evaluate(InvokeMethod.java:17)
	at org.junit.runners.ParentRunner$3.evaluate(ParentRunner.java:306)
	at org.junit.runners.BlockJUnit4ClassRunner$1.evaluate(BlockJUnit4ClassRunner.java:100)
	at org.junit.runners.ParentRunner.runLeaf(ParentRunner.java:366)
	at org.junit.runners.BlockJUnit4ClassRunner.runChild(BlockJUnit4ClassRunner.java:103)
	at org.junit.runners.BlockJUnit4ClassRunner.runChild(BlockJUnit4ClassRunner.java:63)
	at org.junit.runners.ParentRunner$4.run(ParentRunner.java:331)
	at org.junit.runners.ParentRunner$1.schedule(ParentRunner.java:79)
	at org.junit.runners.ParentRunner.runChildren(ParentRunner.java:329)
	at org.junit.runners.ParentRunner.access$100(ParentRunner.java:66)
	at org.junit.runners.ParentRunner$2.evaluate(ParentRunner.java:293)
	at org.junit.internal.runners.statements.RunBefores.evaluate(RunBefores.java:26)
	at org.junit.internal.runners.statements.RunAfters.evaluate(RunAfters.java:27)
	at org.junit.runners.ParentRunner$3.evaluate(ParentRunner.java:306)
	at org.junit.runners.ParentRunner.run(ParentRunner.java:413)
	at org.junit.runner.JUnitCore.run(JUnitCore.java:137)
	at org.junit.runner.JUnitCore.run(JUnitCore.java:115)
	at org.junit.vintage.engine.execution.RunnerExecutor.execute(RunnerExecutor.java:42)
	at org.junit.vintage.engine.VintageTestEngine.executeAllChildren(VintageTestEngine.java:80)
	at org.junit.vintage.engine.VintageTestEngine.execute(VintageTestEngine.java:72)
	at org.junit.platform.launcher.core.EngineExecutionOrchestrator.execute(EngineExecutionOrchestrator.java:147)
	at org.junit.platform.launcher.core.EngineExecutionOrchestrator.execute(EngineExecutionOrchestrator.java:127)
	at org.junit.platform.launcher.core.EngineExecutionOrchestrator.execute(EngineExecutionOrchestrator.java:90)
	at org.junit.platform.launcher.core.EngineExecutionOrchestrator.lambda$execute$0(EngineExecutionOrchestrator.java:55)
	at org.junit.platform.launcher.core.EngineExecutionOrchestrator.withInterceptedStreams(EngineExecutionOrchestrator.java:102)
	at org.junit.platform.launcher.core.EngineExecutionOrchestrator.execute(EngineExecutionOrchestrator.java:54)
	at org.junit.platform.launcher.core.DefaultLauncher.execute(DefaultLauncher.java:114)
	at org.junit.platform.launcher.core.DefaultLauncher.execute(DefaultLauncher.java:95)
	at org.junit.platform.launcher.core.DefaultLauncherSession$DelegatingLauncher.execute(DefaultLauncherSession.java:91)
	at org.junit.platform.launcher.core.SessionPerRequestLauncher.execute(SessionPerRequestLauncher.java:60)
	at org.graalvm.junit.platform.NativeImageJUnitLauncher.main(NativeImageJUnitLauncher.java:132)
	at java.base@25.0.2/java.lang.invoke.LambdaForm$DMH/sa346b79c.invokeStaticInit(LambdaForm$DMH)
Caused by: java.lang.IllegalStateException: Generated message class "com.google.protobuf.NullValue" missing method "valueOf".
	at com.google.protobuf.GeneratedMessageV3.getMethodOrDie(GeneratedMessageV3.java:1998)
	at com.google.protobuf.GeneratedMessageV3.access$1000(GeneratedMessageV3.java:79)
	at com.google.protobuf.GeneratedMessageV3$FieldAccessorTable$SingularEnumFieldAccessor.<init>(GeneratedMessageV3.java:2897)
	at com.google.protobuf.GeneratedMessageV3$FieldAccessorTable.ensureFieldAccessorsInitialized(GeneratedMessageV3.java:2129)
	at com_google_protobuf.protobuf_java_util.JsonTestProto$TestOneof$Builder.internalGetFieldAccessorTable(JsonTestProto.java:6623)
	at com.google.protobuf.GeneratedMessageV3$Builder.hasField(GeneratedMessageV3.java:731)
	at com.google.protobuf.util.JsonFormat$ParserImpl.mergeField(JsonFormat.java:1652)
	at com.google.protobuf.util.JsonFormat$ParserImpl.mergeMessage(JsonFormat.java:1500)
	at com.google.protobuf.util.JsonFormat$ParserImpl.merge(JsonFormat.java:1458)
	at com.google.protobuf.util.JsonFormat$ParserImpl.merge(JsonFormat.java:1340)
	... 39 more
Caused by: java.lang.NoSuchMethodException: com.google.protobuf.NullValue.valueOf(com.google.protobuf.Descriptors$EnumValueDescriptor)
	at java.base@25.0.2/java.lang.Class.checkMethod(DynamicHub.java:1670)
	at java.base@25.0.2/java.lang.Class.getMethod(DynamicHub.java:1650)
	at com.google.protobuf.GeneratedMessageV3.getMethodOrDie(GeneratedMessageV3.java:1995)
	... 48 more
]]></error>
<system-out><![CDATA[
unique-id: [engine:junit-vintage]/[runner:com.google.protobuf.util.JsonFormatTest]/[test:testNullFirstInDuplicateOneof(com.google.protobuf.util.JsonFormatTest)]
display-name: testNullFirstInDuplicateOneof
]]></system-out>
</testcase>
<testcase name="testMerge" classname="com_google_protobuf.protobuf_java_util.FieldMaskUtilTest" time="0">
<system-out><![CDATA[
unique-id: [engine:junit-vintage]/[runner:com_google_protobuf.protobuf_java_util.FieldMaskUtilTest]/[test:testMerge(com_google_protobuf.protobuf_java_util.FieldMaskUtilTest)]
display-name: testMerge
]]></system-out>
</testcase>
<testcase name="testInvalidMaxMillisecondsOverflow" classname="com.google.protobuf.util.TimestampsTest" time="0">
<system-out><![CDATA[
unique-id: [engine:junit-vintage]/[runner:com.google.protobuf.util.TimestampsTest]/[test:testInvalidMaxMillisecondsOverflow(com.google.protobuf.util.TimestampsTest)]
display-name: testInvalidMaxMillisecondsOverflow
]]></system-out>
</testcase>
<testcase name="testFromStringList" classname="com_google_protobuf.protobuf_java_util.FieldMaskUtilTest" time="0">
<system-out><![CDATA[
unique-id: [engine:junit-vintage]/[runner:com_google_protobuf.protobuf_java_util.FieldMaskUtilTest]/[test:testFromStringList(com_google_protobuf.protobuf_java_util.FieldMaskUtilTest)]
display-name: testFromStringList
]]></system-out>
</testcase>
<testcase name="testParserAcceptNull" classname="com.google.protobuf.util.JsonFormatTest" time="0">
<system-out><![CDATA[
unique-id: [engine:junit-vintage]/[runner:com.google.protobuf.util.JsonFormatTest]/[test:testParserAcceptNull(com.google.protobuf.util.JsonFormatTest)]
display-name: testParserAcceptNull
]]></system-out>
</testcase>
<testcase name="testIsValid_false" classname="com.google.protobuf.util.DurationsTest" time="0">
<system-out><![CDATA[
unique-id: [engine:junit-vintage]/[runner:com.google.protobuf.util.DurationsTest]/[test:testIsValid_false(com.google.protobuf.util.DurationsTest)]
display-name: testIsValid_false
]]></system-out>
</testcase>
<testcase name="testTimestampInvalidFormatDateTooLarge" classname="com.google.protobuf.util.TimestampsTest" time="0">
<system-out><![CDATA[
unique-id: [engine:junit-vintage]/[runner:com.google.protobuf.util.TimestampsTest]/[test:testTimestampInvalidFormatDateTooLarge(com.google.protobuf.util.TimestampsTest)]
display-name: testTimestampInvalidFormatDateTooLarge
]]></system-out>
</testcase>
<testcase name="testCheckNotNegative" classname="com.google.protobuf.util.DurationsTest" time="0">
<system-out><![CDATA[
unique-id: [engine:junit-vintage]/[runner:com.google.protobuf.util.DurationsTest]/[test:testCheckNotNegative(com.google.protobuf.util.DurationsTest)]
display-name: testCheckNotNegative
]]></system-out>
</testcase>
<testcase name="testTimestampInvalidOffset" classname="com.google.protobuf.util.TimestampsTest" time="0">
<system-out><![CDATA[
unique-id: [engine:junit-vintage]/[runner:com.google.protobuf.util.TimestampsTest]/[test:testTimestampInvalidOffset(com.google.protobuf.util.TimestampsTest)]
display-name: testTimestampInvalidOffset
]]></system-out>
</testcase>
<testcase name="testRejectFractionalUnsignedInt64" classname="com.google.protobuf.util.JsonFormatTest" time="0">
<system-out><![CDATA[
unique-id: [engine:junit-vintage]/[runner:com.google.protobuf.util.JsonFormatTest]/[test:testRejectFractionalUnsignedInt64(com.google.protobuf.util.JsonFormatTest)]
display-name: testRejectFractionalUnsignedInt64
]]></system-out>
</testcase>
<testcase name="testFromSqlTimestampSubMillisecondPrecision" classname="com.google.protobuf.util.TimestampsTest" time="0">
<system-out><![CDATA[
unique-id: [engine:junit-vintage]/[runner:com.google.protobuf.util.TimestampsTest]/[test:testFromSqlTimestampSubMillisecondPrecision(com.google.protobuf.util.TimestampsTest)]
display-name: testFromSqlTimestampSubMillisecondPrecision
]]></system-out>
</testcase>
<testcase name="testStaticFactories" classname="com.google.protobuf.util.DurationsTest" time="0">
<system-out><![CDATA[
unique-id: [engine:junit-vintage]/[runner:com.google.protobuf.util.DurationsTest]/[test:testStaticFactories(com.google.protobuf.util.DurationsTest)]
display-name: testStaticFactories
]]></system-out>
</testcase>
<testcase name="testHtmlEscape" classname="com.google.protobuf.util.JsonFormatTest" time="0">
<system-out><![CDATA[
unique-id: [engine:junit-vintage]/[runner:com.google.protobuf.util.JsonFormatTest]/[test:testHtmlEscape(com.google.protobuf.util.JsonFormatTest)]
display-name: testHtmlEscape
]]></system-out>
</testcase>
<testcase name="testAdd" classname="com.google.protobuf.util.DurationsTest" time="0">
<system-out><![CDATA[
unique-id: [engine:junit-vintage]/[runner:com.google.protobuf.util.DurationsTest]/[test:testAdd(com.google.protobuf.util.DurationsTest)]
display-name: testAdd
]]></system-out>
</testcase>
<testcase name="testJsonObjectForPrimitiveField" classname="com.google.protobuf.util.JsonFormatTest" time="0">
<system-out><![CDATA[
unique-id: [engine:junit-vintage]/[runner:com.google.protobuf.util.JsonFormatTest]/[test:testJsonObjectForPrimitiveField(com.google.protobuf.util.JsonFormatTest)]
display-name: testJsonObjectForPrimitiveField
]]></system-out>
</testcase>
<testcase name="testConvertFromMillisBelowTimestampMaxLimit" classname="com.google.protobuf.util.TimestampsTest" time="0">
<system-out><![CDATA[
unique-id: [engine:junit-vintage]/[runner:com.google.protobuf.util.TimestampsTest]/[test:testConvertFromMillisBelowTimestampMaxLimit(com.google.protobuf.util.TimestampsTest)]
display-name: testConvertFromMillisBelowTimestampMaxLimit
]]></system-out>
</testcase>
<testcase name="testOmittingInsignificantWhiteSpace" classname="com.google.protobuf.util.JsonFormatTest" time="0">
<system-out><![CDATA[
unique-id: [engine:junit-vintage]/[runner:com.google.protobuf.util.JsonFormatTest]/[test:testOmittingInsignificantWhiteSpace(com.google.protobuf.util.JsonFormatTest)]
display-name: testOmittingInsignificantWhiteSpace
]]></system-out>
</testcase>
<testcase name="test3pair_constructsObject" classname="com_google_protobuf.protobuf_java_util.StructsTest" time="0">
<error message="Generated message class &quot;com.google.protobuf.Struct&quot; missing method &quot;getDefaultInstance&quot;." type="com.google.protobuf.InvalidProtocolBufferException"><![CDATA[com.google.protobuf.InvalidProtocolBufferException: Generated message class "com.google.protobuf.Struct" missing method "getDefaultInstance".
	at com.google.protobuf.util.JsonFormat$ParserImpl.merge(JsonFormat.java:1343)
	at com.google.protobuf.util.JsonFormat$Parser.merge(JsonFormat.java:472)
	at com_google_protobuf.protobuf_java_util.StructsTest.test3pair_constructsObject(StructsTest.java:36)
	at java.base@25.0.2/java.lang.reflect.Method.invoke(Method.java:565)
	at org.junit.runners.model.FrameworkMethod$1.runReflectiveCall(FrameworkMethod.java:59)
	at org.junit.internal.runners.model.ReflectiveCallable.run(ReflectiveCallable.java:12)
	at org.junit.runners.model.FrameworkMethod.invokeExplosively(FrameworkMethod.java:56)
	at org.junit.internal.runners.statements.InvokeMethod.evaluate(InvokeMethod.java:17)
	at org.junit.runners.ParentRunner$3.evaluate(ParentRunner.java:306)
	at org.junit.runners.BlockJUnit4ClassRunner$1.evaluate(BlockJUnit4ClassRunner.java:100)
	at org.junit.runners.ParentRunner.runLeaf(ParentRunner.java:366)
	at org.junit.runners.BlockJUnit4ClassRunner.runChild(BlockJUnit4ClassRunner.java:103)
	at org.junit.runners.BlockJUnit4ClassRunner.runChild(BlockJUnit4ClassRunner.java:63)
	at org.junit.runners.ParentRunner$4.run(ParentRunner.java:331)
	at org.junit.runners.ParentRunner$1.schedule(ParentRunner.java:79)
	at org.junit.runners.ParentRunner.runChildren(ParentRunner.java:329)
	at org.junit.runners.ParentRunner.access$100(ParentRunner.java:66)
	at org.junit.runners.ParentRunner$2.evaluate(ParentRunner.java:293)
	at org.junit.runners.ParentRunner$3.evaluate(ParentRunner.java:306)
	at org.junit.runners.ParentRunner.run(ParentRunner.java:413)
	at org.junit.runner.JUnitCore.run(JUnitCore.java:137)
	at org.junit.runner.JUnitCore.run(JUnitCore.java:115)
	at org.junit.vintage.engine.execution.RunnerExecutor.execute(RunnerExecutor.java:42)
	at org.junit.vintage.engine.VintageTestEngine.executeAllChildren(VintageTestEngine.java:80)
	at org.junit.vintage.engine.VintageTestEngine.execute(VintageTestEngine.java:72)
	at org.junit.platform.launcher.core.EngineExecutionOrchestrator.execute(EngineExecutionOrchestrator.java:147)
	at org.junit.platform.launcher.core.EngineExecutionOrchestrator.execute(EngineExecutionOrchestrator.java:127)
	at org.junit.platform.launcher.core.EngineExecutionOrchestrator.execute(EngineExecutionOrchestrator.java:90)
	at org.junit.platform.launcher.core.EngineExecutionOrchestrator.lambda$execute$0(EngineExecutionOrchestrator.java:55)
	at org.junit.platform.launcher.core.EngineExecutionOrchestrator.withInterceptedStreams(EngineExecutionOrchestrator.java:102)
	at org.junit.platform.launcher.core.EngineExecutionOrchestrator.execute(EngineExecutionOrchestrator.java:54)
	at org.junit.platform.launcher.core.DefaultLauncher.execute(DefaultLauncher.java:114)
	at org.junit.platform.launcher.core.DefaultLauncher.execute(DefaultLauncher.java:95)
	at org.junit.platform.launcher.core.DefaultLauncherSession$DelegatingLauncher.execute(DefaultLauncherSession.java:91)
	at org.junit.platform.launcher.core.SessionPerRequestLauncher.execute(SessionPerRequestLauncher.java:60)
	at org.graalvm.junit.platform.NativeImageJUnitLauncher.main(NativeImageJUnitLauncher.java:132)
	at java.base@25.0.2/java.lang.invoke.LambdaForm$DMH/sa346b79c.invokeStaticInit(LambdaForm$DMH)
Caused by: java.lang.IllegalStateException: Generated message class "com.google.protobuf.Struct" missing method "getDefaultInstance".
	at com.google.protobuf.GeneratedMessageV3.getMethodOrDie(GeneratedMessageV3.java:1998)
	at com.google.protobuf.GeneratedMessageV3.access$1000(GeneratedMessageV3.java:79)
	at com.google.protobuf.GeneratedMessageV3$FieldAccessorTable$MapFieldAccessor.<init>(GeneratedMessageV3.java:2757)
	at com.google.protobuf.GeneratedMessageV3$FieldAccessorTable.ensureFieldAccessorsInitialized(GeneratedMessageV3.java:2105)
	at com.google.protobuf.Struct$Builder.internalGetFieldAccessorTable(Struct.java:338)
	at com.google.protobuf.GeneratedMessageV3$Builder.newBuilderForField(GeneratedMessageV3.java:706)
	at com.google.protobuf.util.JsonFormat$ParserImpl.mergeMapField(JsonFormat.java:1690)
	at com.google.protobuf.util.JsonFormat$ParserImpl.mergeStruct(JsonFormat.java:1591)
	at com.google.protobuf.util.JsonFormat$ParserImpl.access$2500(JsonFormat.java:1299)
	at com.google.protobuf.util.JsonFormat$ParserImpl$6.merge(JsonFormat.java:1424)
	at com.google.protobuf.util.JsonFormat$ParserImpl.merge(JsonFormat.java:1455)
	at com.google.protobuf.util.JsonFormat$ParserImpl.merge(JsonFormat.java:1340)
	... 36 more
Caused by: java.lang.NoSuchMethodException: com.google.protobuf.Struct.getDefaultInstance()
	at java.base@25.0.2/java.lang.Class.checkMethod(DynamicHub.java:1670)
	at java.base@25.0.2/java.lang.Class.getMethod(DynamicHub.java:1650)
	at com.google.protobuf.GeneratedMessageV3.getMethodOrDie(GeneratedMessageV3.java:1995)
	... 47 more
]]></error>
<system-out><![CDATA[
unique-id: [engine:junit-vintage]/[runner:com_google_protobuf.protobuf_java_util.StructsTest]/[test:test3pair_constructsObject(com_google_protobuf.protobuf_java_util.StructsTest)]
display-name: test3pair_constructsObject
]]></system-out>
</testcase>
<testcase name="testRejectFractionalUnsignedInt32" classname="com.google.protobuf.util.JsonFormatTest" time="0">
<system-out><![CDATA[
unique-id: [engine:junit-vintage]/[runner:com.google.protobuf.util.JsonFormatTest]/[test:testRejectFractionalUnsignedInt32(com.google.protobuf.util.JsonFormatTest)]
display-name: testRejectFractionalUnsignedInt32
]]></system-out>
</testcase>
<testcase name="testTimestampInvalidNanoSecond" classname="com.google.protobuf.util.TimestampsTest" time="0">
<system-out><![CDATA[
unique-id: [engine:junit-vintage]/[runner:com.google.protobuf.util.TimestampsTest]/[test:testTimestampInvalidNanoSecond(com.google.protobuf.util.TimestampsTest)]
display-name: testTimestampInvalidNanoSecond
]]></system-out>
</testcase>
<testcase name="testParserAcceptStringForNumericField" classname="com.google.protobuf.util.JsonFormatTest" time="0">
<system-out><![CDATA[
unique-id: [engine:junit-vintage]/[runner:com.google.protobuf.util.JsonFormatTest]/[test:testParserAcceptStringForNumericField(com.google.protobuf.util.JsonFormatTest)]
display-name: testParserAcceptStringForNumericField
]]></system-out>
</testcase>
<testcase name="testSubstract_usingVarArgs" classname="com_google_protobuf.protobuf_java_util.FieldMaskUtilTest" time="0">
<system-out><![CDATA[
unique-id: [engine:junit-vintage]/[runner:com_google_protobuf.protobuf_java_util.FieldMaskUtilTest]/[test:testSubstract_usingVarArgs(com_google_protobuf.protobuf_java_util.FieldMaskUtilTest)]
display-name: testSubstract_usingVarArgs
]]></system-out>
</testcase>
<testcase name="testConvertFromNanos" classname="com.google.protobuf.util.TimestampsTest" time="0">
<system-out><![CDATA[
unique-id: [engine:junit-vintage]/[runner:com.google.protobuf.util.TimestampsTest]/[test:testConvertFromNanos(com.google.protobuf.util.TimestampsTest)]
display-name: testConvertFromNanos
]]></system-out>
</testcase>
<testcase name="testArrayTypeMismatch" classname="com.google.protobuf.util.JsonFormatTest" time="0">
<system-out><![CDATA[
unique-id: [engine:junit-vintage]/[runner:com.google.protobuf.util.JsonFormatTest]/[test:testArrayTypeMismatch(com.google.protobuf.util.JsonFormatTest)]
display-name: testArrayTypeMismatch
]]></system-out>
</testcase>
<testcase name="testParserAcceptBase64Variants" classname="com.google.protobuf.util.JsonFormatTest" time="0">
<system-out><![CDATA[
unique-id: [engine:junit-vintage]/[runner:com.google.protobuf.util.JsonFormatTest]/[test:testParserAcceptBase64Variants(com.google.protobuf.util.JsonFormatTest)]
display-name: testParserAcceptBase64Variants
]]></system-out>
</testcase>
<testcase name="testTrim" classname="com_google_protobuf.protobuf_java_util.FieldMaskUtilTest" time="0">
<system-out><![CDATA[
unique-id: [engine:junit-vintage]/[runner:com_google_protobuf.protobuf_java_util.FieldMaskUtilTest]/[test:testTrim(com_google_protobuf.protobuf_java_util.FieldMaskUtilTest)]
display-name: testTrim
]]></system-out>
</testcase>
<testcase name="testPreservingProtoFieldNames" classname="com.google.protobuf.util.JsonFormatTest" time="0">
<system-out><![CDATA[
unique-id: [engine:junit-vintage]/[runner:com.google.protobuf.util.JsonFormatTest]/[test:testPreservingProtoFieldNames(com.google.protobuf.util.JsonFormatTest)]
display-name: testPreservingProtoFieldNames
]]></system-out>
</testcase>
<testcase name="testIllegalArgumentExceptionForMaxMilliseconds" classname="com.google.protobuf.util.TimestampsTest" time="0">
<system-out><![CDATA[
unique-id: [engine:junit-vintage]/[runner:com.google.protobuf.util.TimestampsTest]/[test:testIllegalArgumentExceptionForMaxMilliseconds(com.google.protobuf.util.TimestampsTest)]
display-name: testIllegalArgumentExceptionForMaxMilliseconds
]]></system-out>
</testcase>
<testcase name="testMinNanosecondsConversion" classname="com.google.protobuf.util.TimestampsTest" time="0">
<system-out><![CDATA[
unique-id: [engine:junit-vintage]/[runner:com.google.protobuf.util.TimestampsTest]/[test:testMinNanosecondsConversion(com.google.protobuf.util.TimestampsTest)]
display-name: testMinNanosecondsConversion
]]></system-out>
</testcase>
<testcase name="testInvalidMaxSecondsOverflow" classname="com.google.protobuf.util.TimestampsTest" time="0">
<system-out><![CDATA[
unique-id: [engine:junit-vintage]/[runner:com.google.protobuf.util.TimestampsTest]/[test:testInvalidMaxSecondsOverflow(com.google.protobuf.util.TimestampsTest)]
display-name: testInvalidMaxSecondsOverflow
]]></system-out>
</testcase>
<testcase name="testStruct" classname="com.google.protobuf.util.JsonFormatTest" time="0">
<error message="Generated message class &quot;com.google.protobuf.Struct&quot; missing method &quot;newBuilder&quot;." type="java.lang.IllegalStateException"><![CDATA[java.lang.IllegalStateException: Generated message class "com.google.protobuf.Struct" missing method "newBuilder".
	at com.google.protobuf.GeneratedMessageV3.getMethodOrDie(GeneratedMessageV3.java:1998)
	at com.google.protobuf.GeneratedMessageV3.access$1000(GeneratedMessageV3.java:79)
	at com.google.protobuf.GeneratedMessageV3$FieldAccessorTable$SingularMessageFieldAccessor.<init>(GeneratedMessageV3.java:3107)
	at com.google.protobuf.GeneratedMessageV3$FieldAccessorTable.ensureFieldAccessorsInitialized(GeneratedMessageV3.java:2121)
	at com_google_protobuf.protobuf_java_util.JsonTestProto$TestStruct.internalGetFieldAccessorTable(JsonTestProto.java:19624)
	at com.google.protobuf.GeneratedMessageV3.getDescriptorForType(GeneratedMessageV3.java:139)
	at com.google.protobuf.util.JsonFormat$PrinterImpl.print(JsonFormat.java:758)
	at com.google.protobuf.util.JsonFormat$Printer.appendTo(JsonFormat.java:367)
	at com.google.protobuf.util.JsonFormat$Printer.print(JsonFormat.java:377)
	at com.google.protobuf.util.JsonFormatTest.toJsonString(JsonFormatTest.java:155)
	at com.google.protobuf.util.JsonFormatTest.testStruct(JsonFormatTest.java:961)
	at java.base@25.0.2/java.lang.reflect.Method.invoke(Method.java:565)
	at org.junit.runners.model.FrameworkMethod$1.runReflectiveCall(FrameworkMethod.java:59)
	at org.junit.internal.runners.model.ReflectiveCallable.run(ReflectiveCallable.java:12)
	at org.junit.runners.model.FrameworkMethod.invokeExplosively(FrameworkMethod.java:56)
	at org.junit.internal.runners.statements.InvokeMethod.evaluate(InvokeMethod.java:17)
	at org.junit.runners.ParentRunner$3.evaluate(ParentRunner.java:306)
	at org.junit.runners.BlockJUnit4ClassRunner$1.evaluate(BlockJUnit4ClassRunner.java:100)
	at org.junit.runners.ParentRunner.runLeaf(ParentRunner.java:366)
	at org.junit.runners.BlockJUnit4ClassRunner.runChild(BlockJUnit4ClassRunner.java:103)
	at org.junit.runners.BlockJUnit4ClassRunner.runChild(BlockJUnit4ClassRunner.java:63)
	at org.junit.runners.ParentRunner$4.run(ParentRunner.java:331)
	at org.junit.runners.ParentRunner$1.schedule(ParentRunner.java:79)
	at org.junit.runners.ParentRunner.runChildren(ParentRunner.java:329)
	at org.junit.runners.ParentRunner.access$100(ParentRunner.java:66)
	at org.junit.runners.ParentRunner$2.evaluate(ParentRunner.java:293)
	at org.junit.internal.runners.statements.RunBefores.evaluate(RunBefores.java:26)
	at org.junit.internal.runners.statements.RunAfters.evaluate(RunAfters.java:27)
	at org.junit.runners.ParentRunner$3.evaluate(ParentRunner.java:306)
	at org.junit.runners.ParentRunner.run(ParentRunner.java:413)
	at org.junit.runner.JUnitCore.run(JUnitCore.java:137)
	at org.junit.runner.JUnitCore.run(JUnitCore.java:115)
	at org.junit.vintage.engine.execution.RunnerExecutor.execute(RunnerExecutor.java:42)
	at org.junit.vintage.engine.VintageTestEngine.executeAllChildren(VintageTestEngine.java:80)
	at org.junit.vintage.engine.VintageTestEngine.execute(VintageTestEngine.java:72)
	at org.junit.platform.launcher.core.EngineExecutionOrchestrator.execute(EngineExecutionOrchestrator.java:147)
	at org.junit.platform.launcher.core.EngineExecutionOrchestrator.execute(EngineExecutionOrchestrator.java:127)
	at org.junit.platform.launcher.core.EngineExecutionOrchestrator.execute(EngineExecutionOrchestrator.java:90)
	at org.junit.platform.launcher.core.EngineExecutionOrchestrator.lambda$execute$0(EngineExecutionOrchestrator.java:55)
	at org.junit.platform.launcher.core.EngineExecutionOrchestrator.withInterceptedStreams(EngineExecutionOrchestrator.java:102)
	at org.junit.platform.launcher.core.EngineExecutionOrchestrator.execute(EngineExecutionOrchestrator.java:54)
	at org.junit.platform.launcher.core.DefaultLauncher.execute(DefaultLauncher.java:114)
	at org.junit.platform.launcher.core.DefaultLauncher.execute(DefaultLauncher.java:95)
	at org.junit.platform.launcher.core.DefaultLauncherSession$DelegatingLauncher.execute(DefaultLauncherSession.java:91)
	at org.junit.platform.launcher.core.SessionPerRequestLauncher.execute(SessionPerRequestLauncher.java:60)
	at org.graalvm.junit.platform.NativeImageJUnitLauncher.main(NativeImageJUnitLauncher.java:132)
	at java.base@25.0.2/java.lang.invoke.LambdaForm$DMH/sa346b79c.invokeStaticInit(LambdaForm$DMH)
Caused by: java.lang.NoSuchMethodException: com.google.protobuf.Struct.newBuilder()
	at java.base@25.0.2/java.lang.Class.checkMethod(DynamicHub.java:1670)
	at java.base@25.0.2/java.lang.Class.getMethod(DynamicHub.java:1650)
	at com.google.protobuf.GeneratedMessageV3.getMethodOrDie(GeneratedMessageV3.java:1995)
	... 46 more
]]></error>
<system-out><![CDATA[
unique-id: [engine:junit-vintage]/[runner:com.google.protobuf.util.JsonFormatTest]/[test:testStruct(com.google.protobuf.util.JsonFormatTest)]
display-name: testStruct
]]></system-out>
</testcase>
<testcase name="testTimestampConversion" classname="com.google.protobuf.util.TimestampsTest" time="0">
<system-out><![CDATA[
unique-id: [engine:junit-vintage]/[runner:com.google.protobuf.util.TimestampsTest]/[test:testTimestampConversion(com.google.protobuf.util.TimestampsTest)]
display-name: testTimestampConversion
]]></system-out>
</testcase>
<testcase name="testConvertFromSeconds" classname="com.google.protobuf.util.TimestampsTest" time="0">
<system-out><![CDATA[
unique-id: [engine:junit-vintage]/[runner:com.google.protobuf.util.TimestampsTest]/[test:testConvertFromSeconds(com.google.protobuf.util.TimestampsTest)]
display-name: testConvertFromSeconds
]]></system-out>
</testcase>
<testcase name="testRepeatedUnknownEnum" classname="com.google.protobuf.util.JsonFormatTest" time="0">
<system-out><![CDATA[
unique-id: [engine:junit-vintage]/[runner:com.google.protobuf.util.JsonFormatTest]/[test:testRepeatedUnknownEnum(com.google.protobuf.util.JsonFormatTest)]
display-name: testRepeatedUnknownEnum
]]></system-out>
</testcase>
<testcase name="testTimestampInvalidFormatValueTooLarge" classname="com.google.protobuf.util.TimestampsTest" time="0">
<system-out><![CDATA[
unique-id: [engine:junit-vintage]/[runner:com.google.protobuf.util.TimestampsTest]/[test:testTimestampInvalidFormatValueTooLarge(com.google.protobuf.util.TimestampsTest)]
display-name: testTimestampInvalidFormatValueTooLarge
]]></system-out>
</testcase>
<testcase name="testWrappers" classname="com.google.protobuf.util.JsonFormatTest" time="0">
<error message="Generated message class &quot;com.google.protobuf.Int32Value&quot; missing method &quot;newBuilder&quot;." type="java.lang.IllegalStateException"><![CDATA[java.lang.IllegalStateException: Generated message class "com.google.protobuf.Int32Value" missing method "newBuilder".
	at com.google.protobuf.GeneratedMessageV3.getMethodOrDie(GeneratedMessageV3.java:1998)
	at com.google.protobuf.GeneratedMessageV3.access$1000(GeneratedMessageV3.java:79)
	at com.google.protobuf.GeneratedMessageV3$FieldAccessorTable$SingularMessageFieldAccessor.<init>(GeneratedMessageV3.java:3107)
	at com.google.protobuf.GeneratedMessageV3$FieldAccessorTable.ensureFieldAccessorsInitialized(GeneratedMessageV3.java:2121)
	at com_google_protobuf.protobuf_java_util.JsonTestProto$TestWrappers.internalGetFieldAccessorTable(JsonTestProto.java:15746)
	at com.google.protobuf.GeneratedMessageV3.getDescriptorForType(GeneratedMessageV3.java:139)
	at com.google.protobuf.util.JsonFormat$PrinterImpl.print(JsonFormat.java:758)
	at com.google.protobuf.util.JsonFormat$Printer.appendTo(JsonFormat.java:367)
	at com.google.protobuf.util.JsonFormat$Printer.print(JsonFormat.java:377)
	at com.google.protobuf.util.JsonFormatTest.toJsonString(JsonFormatTest.java:155)
	at com.google.protobuf.util.JsonFormatTest.testWrappers(JsonFormatTest.java:826)
	at java.base@25.0.2/java.lang.reflect.Method.invoke(Method.java:565)
	at org.junit.runners.model.FrameworkMethod$1.runReflectiveCall(FrameworkMethod.java:59)
	at org.junit.internal.runners.model.ReflectiveCallable.run(ReflectiveCallable.java:12)
	at org.junit.runners.model.FrameworkMethod.invokeExplosively(FrameworkMethod.java:56)
	at org.junit.internal.runners.statements.InvokeMethod.evaluate(InvokeMethod.java:17)
	at org.junit.runners.ParentRunner$3.evaluate(ParentRunner.java:306)
	at org.junit.runners.BlockJUnit4ClassRunner$1.evaluate(BlockJUnit4ClassRunner.java:100)
	at org.junit.runners.ParentRunner.runLeaf(ParentRunner.java:366)
	at org.junit.runners.BlockJUnit4ClassRunner.runChild(BlockJUnit4ClassRunner.java:103)
	at org.junit.runners.BlockJUnit4ClassRunner.runChild(BlockJUnit4ClassRunner.java:63)
	at org.junit.runners.ParentRunner$4.run(ParentRunner.java:331)
	at org.junit.runners.ParentRunner$1.schedule(ParentRunner.java:79)
	at org.junit.runners.ParentRunner.runChildren(ParentRunner.java:329)
	at org.junit.runners.ParentRunner.access$100(ParentRunner.java:66)
	at org.junit.runners.ParentRunner$2.evaluate(ParentRunner.java:293)
	at org.junit.internal.runners.statements.RunBefores.evaluate(RunBefores.java:26)
	at org.junit.internal.runners.statements.RunAfters.evaluate(RunAfters.java:27)
	at org.junit.runners.ParentRunner$3.evaluate(ParentRunner.java:306)
	at org.junit.runners.ParentRunner.run(ParentRunner.java:413)
	at org.junit.runner.JUnitCore.run(JUnitCore.java:137)
	at org.junit.runner.JUnitCore.run(JUnitCore.java:115)
	at org.junit.vintage.engine.execution.RunnerExecutor.execute(RunnerExecutor.java:42)
	at org.junit.vintage.engine.VintageTestEngine.executeAllChildren(VintageTestEngine.java:80)
	at org.junit.vintage.engine.VintageTestEngine.execute(VintageTestEngine.java:72)
	at org.junit.platform.launcher.core.EngineExecutionOrchestrator.execute(EngineExecutionOrchestrator.java:147)
	at org.junit.platform.launcher.core.EngineExecutionOrchestrator.execute(EngineExecutionOrchestrator.java:127)
	at org.junit.platform.launcher.core.EngineExecutionOrchestrator.execute(EngineExecutionOrchestrator.java:90)
	at org.junit.platform.launcher.core.EngineExecutionOrchestrator.lambda$execute$0(EngineExecutionOrchestrator.java:55)
	at org.junit.platform.launcher.core.EngineExecutionOrchestrator.withInterceptedStreams(EngineExecutionOrchestrator.java:102)
	at org.junit.platform.launcher.core.EngineExecutionOrchestrator.execute(EngineExecutionOrchestrator.java:54)
	at org.junit.platform.launcher.core.DefaultLauncher.execute(DefaultLauncher.java:114)
	at org.junit.platform.launcher.core.DefaultLauncher.execute(DefaultLauncher.java:95)
	at org.junit.platform.launcher.core.DefaultLauncherSession$DelegatingLauncher.execute(DefaultLauncherSession.java:91)
	at org.junit.platform.launcher.core.SessionPerRequestLauncher.execute(SessionPerRequestLauncher.java:60)
	at org.graalvm.junit.platform.NativeImageJUnitLauncher.main(NativeImageJUnitLauncher.java:132)
	at java.base@25.0.2/java.lang.invoke.LambdaForm$DMH/sa346b79c.invokeStaticInit(LambdaForm$DMH)
Caused by: java.lang.NoSuchMethodException: com.google.protobuf.Int32Value.newBuilder()
	at java.base@25.0.2/java.lang.Class.checkMethod(DynamicHub.java:1670)
	at java.base@25.0.2/java.lang.Class.getMethod(DynamicHub.java:1650)
	at com.google.protobuf.GeneratedMessageV3.getMethodOrDie(GeneratedMessageV3.java:1995)
	... 46 more
]]></error>
<system-out><![CDATA[
unique-id: [engine:junit-vintage]/[runner:com.google.protobuf.util.JsonFormatTest]/[test:testWrappers(com.google.protobuf.util.JsonFormatTest)]
display-name: testWrappers
]]></system-out>
</testcase>
<testcase name="testParserRejectInvalidEnumValue" classname="com.google.protobuf.util.JsonFormatTest" time="0">
<system-out><![CDATA[
unique-id: [engine:junit-vintage]/[runner:com.google.protobuf.util.JsonFormatTest]/[test:testParserRejectInvalidEnumValue(com.google.protobuf.util.JsonFormatTest)]
display-name: testParserRejectInvalidEnumValue
]]></system-out>
</testcase>
<testcase name="testTimestampInvalidFormatMissingT" classname="com.google.protobuf.util.TimestampsTest" time="0">
<system-out><![CDATA[
unique-id: [engine:junit-vintage]/[runner:com.google.protobuf.util.TimestampsTest]/[test:testTimestampInvalidFormatMissingT(com.google.protobuf.util.TimestampsTest)]
display-name: testTimestampInvalidFormatMissingT
]]></system-out>
</testcase>
<testcase name="testFromJsonString" classname="com_google_protobuf.protobuf_java_util.FieldMaskUtilTest" time="0">
<system-out><![CDATA[
unique-id: [engine:junit-vintage]/[runner:com_google_protobuf.protobuf_java_util.FieldMaskUtilTest]/[test:testFromJsonString(com_google_protobuf.protobuf_java_util.FieldMaskUtilTest)]
display-name: testFromJsonString
]]></system-out>
</testcase>
<testcase name="testOfListValue_ConstructsInstance" classname="com_google_protobuf.protobuf_java_util.ValuesTest" time="0">
<system-out><![CDATA[
unique-id: [engine:junit-vintage]/[runner:com_google_protobuf.protobuf_java_util.ValuesTest]/[test:testOfListValue_ConstructsInstance(com_google_protobuf.protobuf_java_util.ValuesTest)]
display-name: testOfListValue_ConstructsInstance
]]></system-out>
</testcase>
<testcase name="testInvalidMinMillisecondsOverflow" classname="com.google.protobuf.util.TimestampsTest" time="0">
<system-out><![CDATA[
unique-id: [engine:junit-vintage]/[runner:com.google.protobuf.util.TimestampsTest]/[test:testInvalidMinMillisecondsOverflow(com.google.protobuf.util.TimestampsTest)]
display-name: testInvalidMinMillisecondsOverflow
]]></system-out>
</testcase>
<testcase name="testJsonException_forwardsIOException" classname="com.google.protobuf.util.JsonFormatTest" time="0">
<system-out><![CDATA[
unique-id: [engine:junit-vintage]/[runner:com.google.protobuf.util.JsonFormatTest]/[test:testJsonException_forwardsIOException(com.google.protobuf.util.JsonFormatTest)]
display-name: testJsonException_forwardsIOException
]]></system-out>
</testcase>
<testcase name="testJsonException_forwardsJsonException" classname="com.google.protobuf.util.JsonFormatTest" time="0">
<system-out><![CDATA[
unique-id: [engine:junit-vintage]/[runner:com.google.protobuf.util.JsonFormatTest]/[test:testJsonException_forwardsJsonException(com.google.protobuf.util.JsonFormatTest)]
display-name: testJsonException_forwardsJsonException
]]></system-out>
</testcase>
<testcase name="testNullLastInDuplicateOneof" classname="com.google.protobuf.util.JsonFormatTest" time="0">
<error message="Generated message class &quot;com.google.protobuf.NullValue&quot; missing method &quot;valueOf&quot;." type="com.google.protobuf.InvalidProtocolBufferException"><![CDATA[com.google.protobuf.InvalidProtocolBufferException: Generated message class "com.google.protobuf.NullValue" missing method "valueOf".
	at com.google.protobuf.util.JsonFormat$ParserImpl.merge(JsonFormat.java:1343)
	at com.google.protobuf.util.JsonFormat$Parser.merge(JsonFormat.java:472)
	at com.google.protobuf.util.JsonFormatTest.mergeFromJson(JsonFormatTest.java:167)
	at com.google.protobuf.util.JsonFormatTest.testNullLastInDuplicateOneof(JsonFormatTest.java:546)
	at java.base@25.0.2/java.lang.reflect.Method.invoke(Method.java:565)
	at org.junit.runners.model.FrameworkMethod$1.runReflectiveCall(FrameworkMethod.java:59)
	at org.junit.internal.runners.model.ReflectiveCallable.run(ReflectiveCallable.java:12)
	at org.junit.runners.model.FrameworkMethod.invokeExplosively(FrameworkMethod.java:56)
	at org.junit.internal.runners.statements.InvokeMethod.evaluate(InvokeMethod.java:17)
	at org.junit.runners.ParentRunner$3.evaluate(ParentRunner.java:306)
	at org.junit.runners.BlockJUnit4ClassRunner$1.evaluate(BlockJUnit4ClassRunner.java:100)
	at org.junit.runners.ParentRunner.runLeaf(ParentRunner.java:366)
	at org.junit.runners.BlockJUnit4ClassRunner.runChild(BlockJUnit4ClassRunner.java:103)
	at org.junit.runners.BlockJUnit4ClassRunner.runChild(BlockJUnit4ClassRunner.java:63)
	at org.junit.runners.ParentRunner$4.run(ParentRunner.java:331)
	at org.junit.runners.ParentRunner$1.schedule(ParentRunner.java:79)
	at org.junit.runners.ParentRunner.runChildren(ParentRunner.java:329)
	at org.junit.runners.ParentRunner.access$100(ParentRunner.java:66)
	at org.junit.runners.ParentRunner$2.evaluate(ParentRunner.java:293)
	at org.junit.internal.runners.statements.RunBefores.evaluate(RunBefores.java:26)
	at org.junit.internal.runners.statements.RunAfters.evaluate(RunAfters.java:27)
	at org.junit.runners.ParentRunner$3.evaluate(ParentRunner.java:306)
	at org.junit.runners.ParentRunner.run(ParentRunner.java:413)
	at org.junit.runner.JUnitCore.run(JUnitCore.java:137)
	at org.junit.runner.JUnitCore.run(JUnitCore.java:115)
	at org.junit.vintage.engine.execution.RunnerExecutor.execute(RunnerExecutor.java:42)
	at org.junit.vintage.engine.VintageTestEngine.executeAllChildren(VintageTestEngine.java:80)
	at org.junit.vintage.engine.VintageTestEngine.execute(VintageTestEngine.java:72)
	at org.junit.platform.launcher.core.EngineExecutionOrchestrator.execute(EngineExecutionOrchestrator.java:147)
	at org.junit.platform.launcher.core.EngineExecutionOrchestrator.execute(EngineExecutionOrchestrator.java:127)
	at org.junit.platform.launcher.core.EngineExecutionOrchestrator.execute(EngineExecutionOrchestrator.java:90)
	at org.junit.platform.launcher.core.EngineExecutionOrchestrator.lambda$execute$0(EngineExecutionOrchestrator.java:55)
	at org.junit.platform.launcher.core.EngineExecutionOrchestrator.withInterceptedStreams(EngineExecutionOrchestrator.java:102)
	at org.junit.platform.launcher.core.EngineExecutionOrchestrator.execute(EngineExecutionOrchestrator.java:54)
	at org.junit.platform.launcher.core.DefaultLauncher.execute(DefaultLauncher.java:114)
	at org.junit.platform.launcher.core.DefaultLauncher.execute(DefaultLauncher.java:95)
	at org.junit.platform.launcher.core.DefaultLauncherSession$DelegatingLauncher.execute(DefaultLauncherSession.java:91)
	at org.junit.platform.launcher.core.SessionPerRequestLauncher.execute(SessionPerRequestLauncher.java:60)
	at org.graalvm.junit.platform.NativeImageJUnitLauncher.main(NativeImageJUnitLauncher.java:132)
	at java.base@25.0.2/java.lang.invoke.LambdaForm$DMH/sa346b79c.invokeStaticInit(LambdaForm$DMH)
Caused by: java.lang.IllegalStateException: Generated message class "com.google.protobuf.NullValue" missing method "valueOf".
	at com.google.protobuf.GeneratedMessageV3.getMethodOrDie(GeneratedMessageV3.java:1998)
	at com.google.protobuf.GeneratedMessageV3.access$1000(GeneratedMessageV3.java:79)
	at com.google.protobuf.GeneratedMessageV3$FieldAccessorTable$SingularEnumFieldAccessor.<init>(GeneratedMessageV3.java:2897)
	at com.google.protobuf.GeneratedMessageV3$FieldAccessorTable.ensureFieldAccessorsInitialized(GeneratedMessageV3.java:2129)
	at com_google_protobuf.protobuf_java_util.JsonTestProto$TestOneof$Builder.internalGetFieldAccessorTable(JsonTestProto.java:6623)
	at com.google.protobuf.GeneratedMessageV3$Builder.hasField(GeneratedMessageV3.java:731)
	at com.google.protobuf.util.JsonFormat$ParserImpl.mergeField(JsonFormat.java:1652)
	at com.google.protobuf.util.JsonFormat$ParserImpl.mergeMessage(JsonFormat.java:1500)
	at com.google.protobuf.util.JsonFormat$ParserImpl.merge(JsonFormat.java:1458)
	at com.google.protobuf.util.JsonFormat$ParserImpl.merge(JsonFormat.java:1340)
	... 39 more
Caused by: java.lang.NoSuchMethodException: com.google.protobuf.NullValue.valueOf(com.google.protobuf.Descriptors$EnumValueDescriptor)
	at java.base@25.0.2/java.lang.Class.checkMethod(DynamicHub.java:1670)
	at java.base@25.0.2/java.lang.Class.getMethod(DynamicHub.java:1650)
	at com.google.protobuf.GeneratedMessageV3.getMethodOrDie(GeneratedMessageV3.java:1995)
	... 48 more
]]></error>
<system-out><![CDATA[
unique-id: [engine:junit-vintage]/[runner:com.google.protobuf.util.JsonFormatTest]/[test:testNullLastInDuplicateOneof(com.google.protobuf.util.JsonFormatTest)]
display-name: testNullLastInDuplicateOneof
]]></system-out>
</testcase>
<testcase name="testToSecondsAsDouble" classname="com.google.protobuf.util.DurationsTest" time="0">
<system-out><![CDATA[
unique-id: [engine:junit-vintage]/[runner:com.google.protobuf.util.DurationsTest]/[test:testToSecondsAsDouble(com.google.protobuf.util.DurationsTest)]
display-name: testToSecondsAsDouble
]]></system-out>
</testcase>
<testcase name="testInvalidMaxMicrosecondsOverflow" classname="com.google.protobuf.util.TimestampsTest" time="0">
<system-out><![CDATA[
unique-id: [engine:junit-vintage]/[runner:com.google.protobuf.util.TimestampsTest]/[test:testInvalidMaxMicrosecondsOverflow(com.google.protobuf.util.TimestampsTest)]
display-name: testInvalidMaxMicrosecondsOverflow
]]></system-out>
</testcase>
<testcase name="testIllegalArgumentExceptionForMaxMicroseconds" classname="com.google.protobuf.util.TimestampsTest" time="0">
<system-out><![CDATA[
unique-id: [engine:junit-vintage]/[runner:com.google.protobuf.util.TimestampsTest]/[test:testIllegalArgumentExceptionForMaxMicroseconds(com.google.protobuf.util.TimestampsTest)]
display-name: testIllegalArgumentExceptionForMaxMicroseconds
]]></system-out>
</testcase>
<testcase name="testSubtract" classname="com.google.protobuf.util.DurationsTest" time="0">
<system-out><![CDATA[
unique-id: [engine:junit-vintage]/[runner:com.google.protobuf.util.DurationsTest]/[test:testSubtract(com.google.protobuf.util.DurationsTest)]
display-name: testSubtract
]]></system-out>
</testcase>
<testcase name="testIntersectFieldPath" classname="com.google.protobuf.util.FieldMaskTreeTest" time="0">
<system-out><![CDATA[
unique-id: [engine:junit-vintage]/[runner:com.google.protobuf.util.FieldMaskTreeTest]/[test:testIntersectFieldPath(com.google.protobuf.util.FieldMaskTreeTest)]
display-name: testIntersectFieldPath
]]></system-out>
</testcase>
<testcase name="testToString" classname="com_google_protobuf.protobuf_java_util.FieldMaskUtilTest" time="0">
<system-out><![CDATA[
unique-id: [engine:junit-vintage]/[runner:com_google_protobuf.protobuf_java_util.FieldMaskUtilTest]/[test:testToString(com_google_protobuf.protobuf_java_util.FieldMaskUtilTest)]
display-name: testToString
]]></system-out>
</testcase>
<testcase name="testNegativeOverflow" classname="com.google.protobuf.util.TimestampsTest" time="0">
<system-out><![CDATA[
unique-id: [engine:junit-vintage]/[runner:com.google.protobuf.util.TimestampsTest]/[test:testNegativeOverflow(com.google.protobuf.util.TimestampsTest)]
display-name: testNegativeOverflow
]]></system-out>
</testcase>
<testcase name="testMapEnumNullValueIsIgnored" classname="com.google.protobuf.util.JsonFormatTest" time="0">
<system-out><![CDATA[
unique-id: [engine:junit-vintage]/[runner:com.google.protobuf.util.JsonFormatTest]/[test:testMapEnumNullValueIsIgnored(com.google.protobuf.util.JsonFormatTest)]
display-name: testMapEnumNullValueIsIgnored
]]></system-out>
</testcase>
<testcase name="testUnknownEnumMap" classname="com.google.protobuf.util.JsonFormatTest" time="0">
<system-out><![CDATA[
unique-id: [engine:junit-vintage]/[runner:com.google.protobuf.util.JsonFormatTest]/[test:testUnknownEnumMap(com.google.protobuf.util.JsonFormatTest)]
display-name: testUnknownEnumMap
]]></system-out>
</testcase>
<testcase name="testTimeOperations" classname="com.google.protobuf.util.DurationsTest" time="0">
<system-out><![CDATA[
unique-id: [engine:junit-vintage]/[runner:com.google.protobuf.util.DurationsTest]/[test:testTimeOperations(com.google.protobuf.util.DurationsTest)]
display-name: testTimeOperations
]]></system-out>
</testcase>
<testcase name="testDurationInvalidFormat" classname="com.google.protobuf.util.DurationsTest" time="0">
<system-out><![CDATA[
unique-id: [engine:junit-vintage]/[runner:com.google.protobuf.util.DurationsTest]/[test:testDurationInvalidFormat(com.google.protobuf.util.DurationsTest)]
display-name: testDurationInvalidFormat
]]></system-out>
</testcase>
<testcase name="testTimestampInvalidFormatValueTooSmall" classname="com.google.protobuf.util.TimestampsTest" time="0">
<system-out><![CDATA[
unique-id: [engine:junit-vintage]/[runner:com.google.protobuf.util.TimestampsTest]/[test:testTimestampInvalidFormatValueTooSmall(com.google.protobuf.util.TimestampsTest)]
display-name: testTimestampInvalidFormatValueTooSmall
]]></system-out>
</testcase>
<testcase name="testOfNull_IsNullValue" classname="com_google_protobuf.protobuf_java_util.ValuesTest" time="0">
<system-out><![CDATA[
unique-id: [engine:junit-vintage]/[runner:com_google_protobuf.protobuf_java_util.ValuesTest]/[test:testOfNull_IsNullValue(com_google_protobuf.protobuf_java_util.ValuesTest)]
display-name: testOfNull_IsNullValue
]]></system-out>
</testcase>
<testcase name="testTimestampInvalidFormatNanosTooLarge" classname="com.google.protobuf.util.TimestampsTest" time="0">
<system-out><![CDATA[
unique-id: [engine:junit-vintage]/[runner:com.google.protobuf.util.TimestampsTest]/[test:testTimestampInvalidFormatNanosTooLarge(com.google.protobuf.util.TimestampsTest)]
display-name: testTimestampInvalidFormatNanosTooLarge
]]></system-out>
</testcase>
<testcase name="testParserUnknownFields" classname="com.google.protobuf.util.JsonFormatTest" time="0">
<system-out><![CDATA[
unique-id: [engine:junit-vintage]/[runner:com.google.protobuf.util.JsonFormatTest]/[test:testParserUnknownFields(com.google.protobuf.util.JsonFormatTest)]
display-name: testParserUnknownFields
]]></system-out>
</testcase>
<testcase name="testAdd" classname="com.google.protobuf.util.TimestampsTest" time="0">
<system-out><![CDATA[
unique-id: [engine:junit-vintage]/[runner:com.google.protobuf.util.TimestampsTest]/[test:testAdd(com.google.protobuf.util.TimestampsTest)]
display-name: testAdd
]]></system-out>
</testcase>
<testcase name="testComparator" classname="com.google.protobuf.util.DurationsTest" time="0">
<system-out><![CDATA[
unique-id: [engine:junit-vintage]/[runner:com.google.protobuf.util.DurationsTest]/[test:testComparator(com.google.protobuf.util.DurationsTest)]
display-name: testComparator
]]></system-out>
</testcase>
<testcase name="testFromDate_after9999CE" classname="com.google.protobuf.util.TimestampsTest" time="0">
<system-out><![CDATA[
unique-id: [engine:junit-vintage]/[runner:com.google.protobuf.util.TimestampsTest]/[test:testFromDate_after9999CE(com.google.protobuf.util.TimestampsTest)]
display-name: testFromDate_after9999CE
]]></system-out>
</testcase>
<testcase name="testFromDate_beforeYear1" classname="com.google.protobuf.util.TimestampsTest" time="0">
<system-out><![CDATA[
unique-id: [engine:junit-vintage]/[runner:com.google.protobuf.util.TimestampsTest]/[test:testFromDate_beforeYear1(com.google.protobuf.util.TimestampsTest)]
display-name: testFromDate_beforeYear1
]]></system-out>
</testcase>
<testcase name="testTimestampInvalidFormatMissingZ" classname="com.google.protobuf.util.TimestampsTest" time="0">
<system-out><![CDATA[
unique-id: [engine:junit-vintage]/[runner:com.google.protobuf.util.TimestampsTest]/[test:testTimestampInvalidFormatMissingZ(com.google.protobuf.util.TimestampsTest)]
display-name: testTimestampInvalidFormatMissingZ
]]></system-out>
</testcase>
<testcase name="testOfIterable_ReturnsTheValue" classname="com_google_protobuf.protobuf_java_util.ValuesTest" time="0">
<system-out><![CDATA[
unique-id: [engine:junit-vintage]/[runner:com_google_protobuf.protobuf_java_util.ValuesTest]/[test:testOfIterable_ReturnsTheValue(com_google_protobuf.protobuf_java_util.ValuesTest)]
display-name: testOfIterable_ReturnsTheValue
]]></system-out>
</testcase>
<testcase name="testRejectFractionalInt32" classname="com.google.protobuf.util.JsonFormatTest" time="0">
<system-out><![CDATA[
unique-id: [engine:junit-vintage]/[runner:com.google.protobuf.util.JsonFormatTest]/[test:testRejectFractionalInt32(com.google.protobuf.util.JsonFormatTest)]
display-name: testRejectFractionalInt32
]]></system-out>
</testcase>
<testcase name="testCompare" classname="com.google.protobuf.util.TimestampsTest" time="0">
<system-out><![CDATA[
unique-id: [engine:junit-vintage]/[runner:com.google.protobuf.util.TimestampsTest]/[test:testCompare(com.google.protobuf.util.TimestampsTest)]
display-name: testCompare
]]></system-out>
</testcase>
<testcase name="testOverflows" classname="com.google.protobuf.util.DurationsTest" time="0">
<system-out><![CDATA[
unique-id: [engine:junit-vintage]/[runner:com.google.protobuf.util.DurationsTest]/[test:testOverflows(com.google.protobuf.util.DurationsTest)]
display-name: testOverflows
]]></system-out>
</testcase>
<testcase name="testConvertToMicros" classname="com.google.protobuf.util.TimestampsTest" time="0">
<system-out><![CDATA[
unique-id: [engine:junit-vintage]/[runner:com.google.protobuf.util.TimestampsTest]/[test:testConvertToMicros(com.google.protobuf.util.TimestampsTest)]
display-name: testConvertToMicros
]]></system-out>
</testcase>
<testcase name="testRemoveFieldPath" classname="com.google.protobuf.util.FieldMaskTreeTest" time="0">
<system-out><![CDATA[
unique-id: [engine:junit-vintage]/[runner:com.google.protobuf.util.FieldMaskTreeTest]/[test:testRemoveFieldPath(com.google.protobuf.util.FieldMaskTreeTest)]
display-name: testRemoveFieldPath
]]></system-out>
</testcase>
<testcase name="testParserIgnoringUnknownFields" classname="com.google.protobuf.util.JsonFormatTest" time="0">
<system-out><![CDATA[
unique-id: [engine:junit-vintage]/[runner:com.google.protobuf.util.JsonFormatTest]/[test:testParserIgnoringUnknownFields(com.google.protobuf.util.JsonFormatTest)]
display-name: testParserIgnoringUnknownFields
]]></system-out>
</testcase>
<testcase name="testConvertFromMillisAboveTimestampMaxLimit" classname="com.google.protobuf.util.TimestampsTest" time="0">
<system-out><![CDATA[
unique-id: [engine:junit-vintage]/[runner:com.google.protobuf.util.TimestampsTest]/[test:testConvertFromMillisAboveTimestampMaxLimit(com.google.protobuf.util.TimestampsTest)]
display-name: testConvertFromMillisAboveTimestampMaxLimit
]]></system-out>
</testcase>
<testcase name="testUnion_usingVarArgs" classname="com_google_protobuf.protobuf_java_util.FieldMaskUtilTest" time="0">
<system-out><![CDATA[
unique-id: [engine:junit-vintage]/[runner:com_google_protobuf.protobuf_java_util.FieldMaskUtilTest]/[test:testUnion_usingVarArgs(com_google_protobuf.protobuf_java_util.FieldMaskUtilTest)]
display-name: testUnion_usingVarArgs
]]></system-out>
</testcase>
<testcase name="testEmptyWrapperTypesInAny" classname="com.google.protobuf.util.JsonFormatTest" time="0">
<error message="Generated message class &quot;com.google.protobuf.Any&quot; missing method &quot;getTypeUrl&quot;." type="com.google.protobuf.InvalidProtocolBufferException"><![CDATA[com.google.protobuf.InvalidProtocolBufferException: Generated message class "com.google.protobuf.Any" missing method "getTypeUrl".
	at com.google.protobuf.util.JsonFormat$ParserImpl.merge(JsonFormat.java:1343)
	at com.google.protobuf.util.JsonFormat$Parser.merge(JsonFormat.java:472)
	at com.google.protobuf.util.JsonFormatTest.testEmptyWrapperTypesInAny(JsonFormatTest.java:1842)
	at java.base@25.0.2/java.lang.reflect.Method.invoke(Method.java:565)
	at org.junit.runners.model.FrameworkMethod$1.runReflectiveCall(FrameworkMethod.java:59)
	at org.junit.internal.runners.model.ReflectiveCallable.run(ReflectiveCallable.java:12)
	at org.junit.runners.model.FrameworkMethod.invokeExplosively(FrameworkMethod.java:56)
	at org.junit.internal.runners.statements.InvokeMethod.evaluate(InvokeMethod.java:17)
	at org.junit.runners.ParentRunner$3.evaluate(ParentRunner.java:306)
	at org.junit.runners.BlockJUnit4ClassRunner$1.evaluate(BlockJUnit4ClassRunner.java:100)
	at org.junit.runners.ParentRunner.runLeaf(ParentRunner.java:366)
	at org.junit.runners.BlockJUnit4ClassRunner.runChild(BlockJUnit4ClassRunner.java:103)
	at org.junit.runners.BlockJUnit4ClassRunner.runChild(BlockJUnit4ClassRunner.java:63)
	at org.junit.runners.ParentRunner$4.run(ParentRunner.java:331)
	at org.junit.runners.ParentRunner$1.schedule(ParentRunner.java:79)
	at org.junit.runners.ParentRunner.runChildren(ParentRunner.java:329)
	at org.junit.runners.ParentRunner.access$100(ParentRunner.java:66)
	at org.junit.runners.ParentRunner$2.evaluate(ParentRunner.java:293)
	at org.junit.internal.runners.statements.RunBefores.evaluate(RunBefores.java:26)
	at org.junit.internal.runners.statements.RunAfters.evaluate(RunAfters.java:27)
	at org.junit.runners.ParentRunner$3.evaluate(ParentRunner.java:306)
	at org.junit.runners.ParentRunner.run(ParentRunner.java:413)
	at org.junit.runner.JUnitCore.run(JUnitCore.java:137)
	at org.junit.runner.JUnitCore.run(JUnitCore.java:115)
	at org.junit.vintage.engine.execution.RunnerExecutor.execute(RunnerExecutor.java:42)
	at org.junit.vintage.engine.VintageTestEngine.executeAllChildren(VintageTestEngine.java:80)
	at org.junit.vintage.engine.VintageTestEngine.execute(VintageTestEngine.java:72)
	at org.junit.platform.launcher.core.EngineExecutionOrchestrator.execute(EngineExecutionOrchestrator.java:147)
	at org.junit.platform.launcher.core.EngineExecutionOrchestrator.execute(EngineExecutionOrchestrator.java:127)
	at org.junit.platform.launcher.core.EngineExecutionOrchestrator.execute(EngineExecutionOrchestrator.java:90)
	at org.junit.platform.launcher.core.EngineExecutionOrchestrator.lambda$execute$0(EngineExecutionOrchestrator.java:55)
	at org.junit.platform.launcher.core.EngineExecutionOrchestrator.withInterceptedStreams(EngineExecutionOrchestrator.java:102)
	at org.junit.platform.launcher.core.EngineExecutionOrchestrator.execute(EngineExecutionOrchestrator.java:54)
	at org.junit.platform.launcher.core.DefaultLauncher.execute(DefaultLauncher.java:114)
	at org.junit.platform.launcher.core.DefaultLauncher.execute(DefaultLauncher.java:95)
	at org.junit.platform.launcher.core.DefaultLauncherSession$DelegatingLauncher.execute(DefaultLauncherSession.java:91)
	at org.junit.platform.launcher.core.SessionPerRequestLauncher.execute(SessionPerRequestLauncher.java:60)
	at org.graalvm.junit.platform.NativeImageJUnitLauncher.main(NativeImageJUnitLauncher.java:132)
	at java.base@25.0.2/java.lang.invoke.LambdaForm$DMH/sa346b79c.invokeStaticInit(LambdaForm$DMH)
Caused by: java.lang.IllegalStateException: Generated message class "com.google.protobuf.Any" missing method "getTypeUrl".
	at com.google.protobuf.GeneratedMessageV3.getMethodOrDie(GeneratedMessageV3.java:1998)
	at com.google.protobuf.GeneratedMessageV3.access$1000(GeneratedMessageV3.java:79)
	at com.google.protobuf.GeneratedMessageV3$FieldAccessorTable$SingularFieldAccessor$ReflectionInvoker.<init>(GeneratedMessageV3.java:2347)
	at com.google.protobuf.GeneratedMessageV3$FieldAccessorTable$SingularFieldAccessor.<init>(GeneratedMessageV3.java:2418)
	at com.google.protobuf.GeneratedMessageV3$FieldAccessorTable$SingularStringFieldAccessor.<init>(GeneratedMessageV3.java:3071)
	at com.google.protobuf.GeneratedMessageV3$FieldAccessorTable.ensureFieldAccessorsInitialized(GeneratedMessageV3.java:2137)
	at com.google.protobuf.Any$Builder.internalGetFieldAccessorTable(Any.java:372)
	at com.google.protobuf.GeneratedMessageV3$Builder.setField(GeneratedMessageV3.java:748)
	at com.google.protobuf.Any$Builder.setField(Any.java:441)
	at com.google.protobuf.Any$Builder.setField(Any.java:359)
	at com.google.protobuf.util.JsonFormat$ParserImpl.mergeAny(JsonFormat.java:1537)
	at com.google.protobuf.util.JsonFormat$ParserImpl.access$2000(JsonFormat.java:1299)
	at com.google.protobuf.util.JsonFormat$ParserImpl$1.merge(JsonFormat.java:1366)
	at com.google.protobuf.util.JsonFormat$ParserImpl.merge(JsonFormat.java:1455)
	at com.google.protobuf.util.JsonFormat$ParserImpl.merge(JsonFormat.java:1340)
	... 38 more
Caused by: java.lang.NoSuchMethodException: com.google.protobuf.Any.getTypeUrl()
	at java.base@25.0.2/java.lang.Class.checkMethod(DynamicHub.java:1670)
	at java.base@25.0.2/java.lang.Class.getMethod(DynamicHub.java:1650)
	at com.google.protobuf.GeneratedMessageV3.getMethodOrDie(GeneratedMessageV3.java:1995)
	... 52 more
]]></error>
<system-out><![CDATA[
unique-id: [engine:junit-vintage]/[runner:com.google.protobuf.util.JsonFormatTest]/[test:testEmptyWrapperTypesInAny(com.google.protobuf.util.JsonFormatTest)]
display-name: testEmptyWrapperTypesInAny
]]></system-out>
</testcase>
<testcase name="testRejectFractionalInt64" classname="com.google.protobuf.util.JsonFormatTest" time="0">
<system-out><![CDATA[
unique-id: [engine:junit-vintage]/[runner:com.google.protobuf.util.JsonFormatTest]/[test:testRejectFractionalInt64(com.google.protobuf.util.JsonFormatTest)]
display-name: testRejectFractionalInt64
]]></system-out>
</testcase>
<testcase name="testConvertToNanos" classname="com.google.protobuf.util.TimestampsTest" time="0">
<system-out><![CDATA[
unique-id: [engine:junit-vintage]/[runner:com.google.protobuf.util.TimestampsTest]/[test:testConvertToNanos(com.google.protobuf.util.TimestampsTest)]
display-name: testConvertToNanos
]]></system-out>
</testcase>
<testcase name="testInvalidMinNanosecondsOverflow" classname="com.google.protobuf.util.TimestampsTest" time="0">
<system-out><![CDATA[
unique-id: [engine:junit-vintage]/[runner:com.google.protobuf.util.TimestampsTest]/[test:testInvalidMinNanosecondsOverflow(com.google.protobuf.util.TimestampsTest)]
display-name: testInvalidMinNanosecondsOverflow
]]></system-out>
</testcase>
<testcase name="testParserRejectDuplicatedFields" classname="com.google.protobuf.util.JsonFormatTest" time="0">
<system-out><![CDATA[
unique-id: [engine:junit-vintage]/[runner:com.google.protobuf.util.JsonFormatTest]/[test:testParserRejectDuplicatedFields(com.google.protobuf.util.JsonFormatTest)]
display-name: testParserRejectDuplicatedFields
]]></system-out>
</testcase>
<testcase name="testIsPositive" classname="com.google.protobuf.util.DurationsTest" time="0">
<system-out><![CDATA[
unique-id: [engine:junit-vintage]/[runner:com.google.protobuf.util.DurationsTest]/[test:testIsPositive(com.google.protobuf.util.DurationsTest)]
display-name: testIsPositive
]]></system-out>
</testcase>
<testcase name="testAddFieldPath" classname="com.google.protobuf.util.FieldMaskTreeTest" time="0">
<system-out><![CDATA[
unique-id: [engine:junit-vintage]/[runner:com.google.protobuf.util.FieldMaskTreeTest]/[test:testAddFieldPath(com.google.protobuf.util.FieldMaskTreeTest)]
display-name: testAddFieldPath
]]></system-out>
</testcase>
<testcase name="testInvalidMicrosecondsMinOverflow" classname="com.google.protobuf.util.TimestampsTest" time="0">
<system-out><![CDATA[
unique-id: [engine:junit-vintage]/[runner:com.google.protobuf.util.TimestampsTest]/[test:testInvalidMicrosecondsMinOverflow(com.google.protobuf.util.TimestampsTest)]
display-name: testInvalidMicrosecondsMinOverflow
]]></system-out>
</testcase>
<testcase name="testIsValid_false" classname="com.google.protobuf.util.TimestampsTest" time="0">
<system-out><![CDATA[
unique-id: [engine:junit-vintage]/[runner:com.google.protobuf.util.TimestampsTest]/[test:testIsValid_false(com.google.protobuf.util.TimestampsTest)]
display-name: testIsValid_false
]]></system-out>
</testcase>
<testcase name="testConvertToMillis" classname="com.google.protobuf.util.TimestampsTest" time="0">
<system-out><![CDATA[
unique-id: [engine:junit-vintage]/[runner:com.google.protobuf.util.TimestampsTest]/[test:testConvertToMillis(com.google.protobuf.util.TimestampsTest)]
display-name: testConvertToMillis
]]></system-out>
</testcase>
<testcase name="testRecursionLimit" classname="com.google.protobuf.util.JsonFormatTest" time="0">
<system-out><![CDATA[
unique-id: [engine:junit-vintage]/[runner:com.google.protobuf.util.JsonFormatTest]/[test:testRecursionLimit(com.google.protobuf.util.JsonFormatTest)]
display-name: testRecursionLimit
]]></system-out>
</testcase>
<testcase name="testRejectMalformedFloat" classname="com.google.protobuf.util.JsonFormatTest" time="0">
<system-out><![CDATA[
unique-id: [engine:junit-vintage]/[runner:com.google.protobuf.util.JsonFormatTest]/[test:testRejectMalformedFloat(com.google.protobuf.util.JsonFormatTest)]
display-name: testRejectMalformedFloat
]]></system-out>
</testcase>
<testcase name="testIsValid_true" classname="com.google.protobuf.util.DurationsTest" time="0">
<system-out><![CDATA[
unique-id: [engine:junit-vintage]/[runner:com.google.protobuf.util.DurationsTest]/[test:testIsValid_true(com.google.protobuf.util.DurationsTest)]
display-name: testIsValid_true
]]></system-out>
</testcase>
<testcase name="testFromSqlTimestamp" classname="com.google.protobuf.util.TimestampsTest" time="0">
<system-out><![CDATA[
unique-id: [engine:junit-vintage]/[runner:com.google.protobuf.util.TimestampsTest]/[test:testFromSqlTimestamp(com.google.protobuf.util.TimestampsTest)]
display-name: testFromSqlTimestamp
]]></system-out>
</testcase>
<testcase name="testOverInvalidMinSecondsflow" classname="com.google.protobuf.util.TimestampsTest" time="0">
<system-out><![CDATA[
unique-id: [engine:junit-vintage]/[runner:com.google.protobuf.util.TimestampsTest]/[test:testOverInvalidMinSecondsflow(com.google.protobuf.util.TimestampsTest)]
display-name: testOverInvalidMinSecondsflow
]]></system-out>
</testcase>
<testcase name="testOfNumeric_ConstructsValue" classname="com_google_protobuf.protobuf_java_util.ValuesTest" time="0">
<system-out><![CDATA[
unique-id: [engine:junit-vintage]/[runner:com_google_protobuf.protobuf_java_util.ValuesTest]/[test:testOfNumeric_ConstructsValue(com_google_protobuf.protobuf_java_util.ValuesTest)]
display-name: testOfNumeric_ConstructsValue
]]></system-out>
</testcase>
<testcase name="testConvertToSeconds" classname="com.google.protobuf.util.TimestampsTest" time="0">
<system-out><![CDATA[
unique-id: [engine:junit-vintage]/[runner:com.google.protobuf.util.TimestampsTest]/[test:testConvertToSeconds(com.google.protobuf.util.TimestampsTest)]
display-name: testConvertToSeconds
]]></system-out>
</testcase>
<testcase name="testTimestampInvalidFormatDateTooSmall" classname="com.google.protobuf.util.TimestampsTest" time="0">
<system-out><![CDATA[
unique-id: [engine:junit-vintage]/[runner:com.google.protobuf.util.TimestampsTest]/[test:testTimestampInvalidFormatDateTooSmall(com.google.protobuf.util.TimestampsTest)]
display-name: testTimestampInvalidFormatDateTooSmall
]]></system-out>
</testcase>
<testcase name="testOfStruct_ConstructsValue" classname="com_google_protobuf.protobuf_java_util.ValuesTest" time="0">
<system-out><![CDATA[
unique-id: [engine:junit-vintage]/[runner:com_google_protobuf.protobuf_java_util.ValuesTest]/[test:testOfStruct_ConstructsValue(com_google_protobuf.protobuf_java_util.ValuesTest)]
display-name: testOfStruct_ConstructsValue
]]></system-out>
</testcase>
<testcase name="testOfBoolean_ConstructsValue" classname="com_google_protobuf.protobuf_java_util.ValuesTest" time="0">
<system-out><![CDATA[
unique-id: [engine:junit-vintage]/[runner:com_google_protobuf.protobuf_java_util.ValuesTest]/[test:testOfBoolean_ConstructsValue(com_google_protobuf.protobuf_java_util.ValuesTest)]
display-name: testOfBoolean_ConstructsValue
]]></system-out>
</testcase>
<testcase name="testConvertFromMicros" classname="com.google.protobuf.util.TimestampsTest" time="0">
<system-out><![CDATA[
unique-id: [engine:junit-vintage]/[runner:com.google.protobuf.util.TimestampsTest]/[test:testConvertFromMicros(com.google.protobuf.util.TimestampsTest)]
display-name: testConvertFromMicros
]]></system-out>
</testcase>
<testcase name="testIncludingDefaultValueFields" classname="com.google.protobuf.util.JsonFormatTest" time="0">
<error message="Generated message class &quot;com.google.protobuf.NullValue&quot; missing method &quot;valueOf&quot;." type="java.lang.IllegalStateException"><![CDATA[java.lang.IllegalStateException: Generated message class "com.google.protobuf.NullValue" missing method "valueOf".
	at com.google.protobuf.GeneratedMessageV3.getMethodOrDie(GeneratedMessageV3.java:1998)
	at com.google.protobuf.GeneratedMessageV3.access$1000(GeneratedMessageV3.java:79)
	at com.google.protobuf.GeneratedMessageV3$FieldAccessorTable$SingularEnumFieldAccessor.<init>(GeneratedMessageV3.java:2897)
	at com.google.protobuf.GeneratedMessageV3$FieldAccessorTable.ensureFieldAccessorsInitialized(GeneratedMessageV3.java:2129)
	at com_google_protobuf.protobuf_java_util.JsonTestProto$TestOneof.internalGetFieldAccessorTable(JsonTestProto.java:6274)
	at com.google.protobuf.GeneratedMessageV3.getDescriptorForType(GeneratedMessageV3.java:139)
	at com.google.protobuf.util.JsonFormat$PrinterImpl.print(JsonFormat.java:758)
	at com.google.protobuf.util.JsonFormat$Printer.appendTo(JsonFormat.java:367)
	at com.google.protobuf.util.JsonFormat$Printer.print(JsonFormat.java:377)
	at com.google.protobuf.util.JsonFormatTest.testIncludingDefaultValueFields(JsonFormatTest.java:1719)
	at java.base@25.0.2/java.lang.reflect.Method.invoke(Method.java:565)
	at org.junit.runners.model.FrameworkMethod$1.runReflectiveCall(FrameworkMethod.java:59)
	at org.junit.internal.runners.model.ReflectiveCallable.run(ReflectiveCallable.java:12)
	at org.junit.runners.model.FrameworkMethod.invokeExplosively(FrameworkMethod.java:56)
	at org.junit.internal.runners.statements.InvokeMethod.evaluate(InvokeMethod.java:17)
	at org.junit.runners.ParentRunner$3.evaluate(ParentRunner.java:306)
	at org.junit.runners.BlockJUnit4ClassRunner$1.evaluate(BlockJUnit4ClassRunner.java:100)
	at org.junit.runners.ParentRunner.runLeaf(ParentRunner.java:366)
	at org.junit.runners.BlockJUnit4ClassRunner.runChild(BlockJUnit4ClassRunner.java:103)
	at org.junit.runners.BlockJUnit4ClassRunner.runChild(BlockJUnit4ClassRunner.java:63)
	at org.junit.runners.ParentRunner$4.run(ParentRunner.java:331)
	at org.junit.runners.ParentRunner$1.schedule(ParentRunner.java:79)
	at org.junit.runners.ParentRunner.runChildren(ParentRunner.java:329)
	at org.junit.runners.ParentRunner.access$100(ParentRunner.java:66)
	at org.junit.runners.ParentRunner$2.evaluate(ParentRunner.java:293)
	at org.junit.internal.runners.statements.RunBefores.evaluate(RunBefores.java:26)
	at org.junit.internal.runners.statements.RunAfters.evaluate(RunAfters.java:27)
	at org.junit.runners.ParentRunner$3.evaluate(ParentRunner.java:306)
	at org.junit.runners.ParentRunner.run(ParentRunner.java:413)
	at org.junit.runner.JUnitCore.run(JUnitCore.java:137)
	at org.junit.runner.JUnitCore.run(JUnitCore.java:115)
	at org.junit.vintage.engine.execution.RunnerExecutor.execute(RunnerExecutor.java:42)
	at org.junit.vintage.engine.VintageTestEngine.executeAllChildren(VintageTestEngine.java:80)
	at org.junit.vintage.engine.VintageTestEngine.execute(VintageTestEngine.java:72)
	at org.junit.platform.launcher.core.EngineExecutionOrchestrator.execute(EngineExecutionOrchestrator.java:147)
	at org.junit.platform.launcher.core.EngineExecutionOrchestrator.execute(EngineExecutionOrchestrator.java:127)
	at org.junit.platform.launcher.core.EngineExecutionOrchestrator.execute(EngineExecutionOrchestrator.java:90)
	at org.junit.platform.launcher.core.EngineExecutionOrchestrator.lambda$execute$0(EngineExecutionOrchestrator.java:55)
	at org.junit.platform.launcher.core.EngineExecutionOrchestrator.withInterceptedStreams(EngineExecutionOrchestrator.java:102)
	at org.junit.platform.launcher.core.EngineExecutionOrchestrator.execute(EngineExecutionOrchestrator.java:54)
	at org.junit.platform.launcher.core.DefaultLauncher.execute(DefaultLauncher.java:114)
	at org.junit.platform.launcher.core.DefaultLauncher.execute(DefaultLauncher.java:95)
	at org.junit.platform.launcher.core.DefaultLauncherSession$DelegatingLauncher.execute(DefaultLauncherSession.java:91)
	at org.junit.platform.launcher.core.SessionPerRequestLauncher.execute(SessionPerRequestLauncher.java:60)
	at org.graalvm.junit.platform.NativeImageJUnitLauncher.main(NativeImageJUnitLauncher.java:132)
	at java.base@25.0.2/java.lang.invoke.LambdaForm$DMH/sa346b79c.invokeStaticInit(LambdaForm$DMH)
Caused by: java.lang.NoSuchMethodException: com.google.protobuf.NullValue.valueOf(com.google.protobuf.Descriptors$EnumValueDescriptor)
	at java.base@25.0.2/java.lang.Class.checkMethod(DynamicHub.java:1670)
	at java.base@25.0.2/java.lang.Class.getMethod(DynamicHub.java:1650)
	at com.google.protobuf.GeneratedMessageV3.getMethodOrDie(GeneratedMessageV3.java:1995)
	... 45 more
]]></error>
<system-out><![CDATA[
unique-id: [engine:junit-vintage]/[runner:com.google.protobuf.util.JsonFormatTest]/[test:testIncludingDefaultValueFields(com.google.protobuf.util.JsonFormatTest)]
display-name: testIncludingDefaultValueFields
]]></system-out>
</testcase>
<testcase name="testTimestampInvalidFormatNanosTooSmall" classname="com.google.protobuf.util.TimestampsTest" time="0">
<system-out><![CDATA[
unique-id: [engine:junit-vintage]/[runner:com.google.protobuf.util.TimestampsTest]/[test:testTimestampInvalidFormatNanosTooSmall(com.google.protobuf.util.TimestampsTest)]
display-name: testTimestampInvalidFormatNanosTooSmall
]]></system-out>
</testcase>
<testcase name="testParserRejectOutOfRangeNumericValues" classname="com.google.protobuf.util.JsonFormatTest" time="0">
<system-out><![CDATA[
unique-id: [engine:junit-vintage]/[runner:com.google.protobuf.util.JsonFormatTest]/[test:testParserRejectOutOfRangeNumericValues(com.google.protobuf.util.JsonFormatTest)]
display-name: testParserRejectOutOfRangeNumericValues
]]></system-out>
</testcase>
<testcase name="testParserRejectTrailingComma" classname="com.google.protobuf.util.JsonFormatTest" time="0.001">
<system-out><![CDATA[
unique-id: [engine:junit-vintage]/[runner:com.google.protobuf.util.JsonFormatTest]/[test:testParserRejectTrailingComma(com.google.protobuf.util.JsonFormatTest)]
display-name: testParserRejectTrailingComma
]]></system-out>
</testcase>
<testcase name="testSortedMapKeys" classname="com.google.protobuf.util.JsonFormatTest" time="0">
<system-out><![CDATA[
unique-id: [engine:junit-vintage]/[runner:com.google.protobuf.util.JsonFormatTest]/[test:testSortedMapKeys(com.google.protobuf.util.JsonFormatTest)]
display-name: testSortedMapKeys
]]></system-out>
</testcase>
<testcase name="testIsValid_true" classname="com.google.protobuf.util.TimestampsTest" time="0">
<system-out><![CDATA[
unique-id: [engine:junit-vintage]/[runner:com.google.protobuf.util.TimestampsTest]/[test:testIsValid_true(com.google.protobuf.util.TimestampsTest)]
display-name: testIsValid_true
]]></system-out>
</testcase>
<testcase name="testCompare" classname="com.google.protobuf.util.DurationsTest" time="0">
[...]
	at java.base@25.0.2/java.lang.Class.getMethod(DynamicHub.java:1650)
	at com.google.protobuf.GeneratedMessageV3.getMethodOrDie(GeneratedMessageV3.java:1995)
	... 44 more
]]></error>
<system-out><![CDATA[
unique-id: [engine:junit-vintage]/[runner:com.google.protobuf.util.JsonFormatTest]/[test:testAnyInMaps(com.google.protobuf.util.JsonFormatTest)]
display-name: testAnyInMaps
]]></system-out>
</testcase>
<testcase name="testMinMaxAreValid" classname="com.google.protobuf.util.DurationsTest" time="0">
<system-out><![CDATA[
unique-id: [engine:junit-vintage]/[runner:com.google.protobuf.util.DurationsTest]/[test:testMinMaxAreValid(com.google.protobuf.util.DurationsTest)]
display-name: testMinMaxAreValid
]]></system-out>
</testcase>
<testcase name="testSubtractDuration" classname="com.google.protobuf.util.TimestampsTest" time="0">
<system-out><![CDATA[
unique-id: [engine:junit-vintage]/[runner:com.google.protobuf.util.TimestampsTest]/[test:testSubtractDuration(com.google.protobuf.util.TimestampsTest)]
display-name: testSubtractDuration
]]></system-out>
</testcase>
<testcase name="testDurationConversion" classname="com.google.protobuf.util.DurationsTest" time="0">
<system-out><![CDATA[
unique-id: [engine:junit-vintage]/[runner:com.google.protobuf.util.DurationsTest]/[test:testDurationConversion(com.google.protobuf.util.DurationsTest)]
display-name: testDurationConversion
]]></system-out>
</testcase>
<testcase name="testParserIntegerEnumValue" classname="com.google.protobuf.util.JsonFormatTest" time="0">
<system-out><![CDATA[
unique-id: [engine:junit-vintage]/[runner:com.google.protobuf.util.JsonFormatTest]/[test:testParserIntegerEnumValue(com.google.protobuf.util.JsonFormatTest)]
display-name: testParserIntegerEnumValue
]]></system-out>
</testcase>
<testcase name="testUnion" classname="com_google_protobuf.protobuf_java_util.FieldMaskUtilTest" time="0">
<system-out><![CDATA[
unique-id: [engine:junit-vintage]/[runner:com_google_protobuf.protobuf_java_util.FieldMaskUtilTest]/[test:testUnion(com_google_protobuf.protobuf_java_util.FieldMaskUtilTest)]
display-name: testUnion
]]></system-out>
</testcase>
<testcase name="testCustomJsonName" classname="com.google.protobuf.util.JsonFormatTest" time="0">
<system-out><![CDATA[
unique-id: [engine:junit-vintage]/[runner:com.google.protobuf.util.JsonFormatTest]/[test:testCustomJsonName(com.google.protobuf.util.JsonFormatTest)]
display-name: testCustomJsonName
]]></system-out>
</testcase>
<testcase name="testOverflowsArithmeticException" classname="com.google.protobuf.util.TimestampsTest" time="0">
<system-out><![CDATA[
unique-id: [engine:junit-vintage]/[runner:com.google.protobuf.util.TimestampsTest]/[test:testOverflowsArithmeticException(com.google.protobuf.util.TimestampsTest)]
display-name: testOverflowsArithmeticException
]]></system-out>
</testcase>
<testcase name="testMergeFromFieldMask" classname="com.google.protobuf.util.FieldMaskTreeTest" time="0">
<system-out><![CDATA[
unique-id: [engine:junit-vintage]/[runner:com.google.protobuf.util.FieldMaskTreeTest]/[test:testMergeFromFieldMask(com.google.protobuf.util.FieldMaskTreeTest)]
display-name: testMergeFromFieldMask
]]></system-out>
</testcase>
<testcase name="testRoundtripConversions" classname="com.google.protobuf.util.DurationsTest" time="0">
<system-out><![CDATA[
unique-id: [engine:junit-vintage]/[runner:com.google.protobuf.util.DurationsTest]/[test:testRoundtripConversions(com.google.protobuf.util.DurationsTest)]
display-name: testRoundtripConversions
]]></system-out>
</testcase>
<testcase name="testAllFields" classname="com.google.protobuf.util.JsonFormatTest" time="0">
<system-out><![CDATA[
unique-id: [engine:junit-vintage]/[runner:com.google.protobuf.util.JsonFormatTest]/[test:testAllFields(com.google.protobuf.util.JsonFormatTest)]
display-name: testAllFields
]]></system-out>
</testcase>
<testcase name="testTimestamp" classname="com.google.protobuf.util.JsonFormatTest" time="0">
<error message="Generated message class &quot;com.google.protobuf.Timestamp&quot; missing method &quot;newBuilder&quot;." type="java.lang.IllegalStateException"><![CDATA[java.lang.IllegalStateException: Generated message class "com.google.protobuf.Timestamp" missing method "newBuilder".
	at com.google.protobuf.GeneratedMessageV3.getMethodOrDie(GeneratedMessageV3.java:1998)
	at com.google.protobuf.GeneratedMessageV3.access$1000(GeneratedMessageV3.java:79)
	at com.google.protobuf.GeneratedMessageV3$FieldAccessorTable$SingularMessageFieldAccessor.<init>(GeneratedMessageV3.java:3107)
	at com.google.protobuf.GeneratedMessageV3$FieldAccessorTable.ensureFieldAccessorsInitialized(GeneratedMessageV3.java:2121)
	at com_google_protobuf.protobuf_java_util.JsonTestProto$TestTimestamp.internalGetFieldAccessorTable(JsonTestProto.java:17794)
	at com.google.protobuf.GeneratedMessageV3.getDescriptorForType(GeneratedMessageV3.java:139)
	at com.google.protobuf.util.JsonFormat$PrinterImpl.print(JsonFormat.java:758)
	at com.google.protobuf.util.JsonFormat$Printer.appendTo(JsonFormat.java:367)
	at com.google.protobuf.util.JsonFormat$Printer.print(JsonFormat.java:377)
	at com.google.protobuf.util.JsonFormatTest.toJsonString(JsonFormatTest.java:155)
	at com.google.protobuf.util.JsonFormatTest.testTimestamp(JsonFormatTest.java:878)
	at java.base@25.0.2/java.lang.reflect.Method.invoke(Method.java:565)
	at org.junit.runners.model.FrameworkMethod$1.runReflectiveCall(FrameworkMethod.java:59)
	at org.junit.internal.runners.model.ReflectiveCallable.run(ReflectiveCallable.java:12)
	at org.junit.runners.model.FrameworkMethod.invokeExplosively(FrameworkMethod.java:56)
	at org.junit.internal.runners.statements.InvokeMethod.evaluate(InvokeMethod.java:17)
	at org.junit.runners.ParentRunner$3.evaluate(ParentRunner.java:306)
	at org.junit.runners.BlockJUnit4ClassRunner$1.evaluate(BlockJUnit4ClassRunner.java:100)
	at org.junit.runners.ParentRunner.runLeaf(ParentRunner.java:366)
	at org.junit.runners.BlockJUnit4ClassRunner.runChild(BlockJUnit4ClassRunner.java:103)
	at org.junit.runners.BlockJUnit4ClassRunner.runChild(BlockJUnit4ClassRunner.java:63)
	at org.junit.runners.ParentRunner$4.run(ParentRunner.java:331)
	at org.junit.runners.ParentRunner$1.schedule(ParentRunner.java:79)
	at org.junit.runners.ParentRunner.runChildren(ParentRunner.java:329)
	at org.junit.runners.ParentRunner.access$100(ParentRunner.java:66)
	at org.junit.runners.ParentRunner$2.evaluate(ParentRunner.java:293)
	at org.junit.internal.runners.statements.RunBefores.evaluate(RunBefores.java:26)
	at org.junit.internal.runners.statements.RunAfters.evaluate(RunAfters.java:27)
	at org.junit.runners.ParentRunner$3.evaluate(ParentRunner.java:306)
	at org.junit.runners.ParentRunner.run(ParentRunner.java:413)
	at org.junit.runner.JUnitCore.run(JUnitCore.java:137)
	at org.junit.runner.JUnitCore.run(JUnitCore.java:115)
	at org.junit.vintage.engine.execution.RunnerExecutor.execute(RunnerExecutor.java:42)
	at org.junit.vintage.engine.VintageTestEngine.executeAllChildren(VintageTestEngine.java:80)
	at org.junit.vintage.engine.VintageTestEngine.execute(VintageTestEngine.java:72)
	at org.junit.platform.launcher.core.EngineExecutionOrchestrator.execute(EngineExecutionOrchestrator.java:147)
	at org.junit.platform.launcher.core.EngineExecutionOrchestrator.execute(EngineExecutionOrchestrator.java:127)
	at org.junit.platform.launcher.core.EngineExecutionOrchestrator.execute(EngineExecutionOrchestrator.java:90)
	at org.junit.platform.launcher.core.EngineExecutionOrchestrator.lambda$execute$0(EngineExecutionOrchestrator.java:55)
	at org.junit.platform.launcher.core.EngineExecutionOrchestrator.withInterceptedStreams(EngineExecutionOrchestrator.java:102)
	at org.junit.platform.launcher.core.EngineExecutionOrchestrator.execute(EngineExecutionOrchestrator.java:54)
	at org.junit.platform.launcher.core.DefaultLauncher.execute(DefaultLauncher.java:114)
	at org.junit.platform.launcher.core.DefaultLauncher.execute(DefaultLauncher.java:95)
	at org.junit.platform.launcher.core.DefaultLauncherSession$DelegatingLauncher.execute(DefaultLauncherSession.java:91)
	at org.junit.platform.launcher.core.SessionPerRequestLauncher.execute(SessionPerRequestLauncher.java:60)
	at org.graalvm.junit.platform.NativeImageJUnitLauncher.main(NativeImageJUnitLauncher.java:132)
	at java.base@25.0.2/java.lang.invoke.LambdaForm$DMH/sa346b79c.invokeStaticInit(LambdaForm$DMH)
Caused by: java.lang.NoSuchMethodException: com.google.protobuf.Timestamp.newBuilder()
	at java.base@25.0.2/java.lang.Class.checkMethod(DynamicHub.java:1670)
	at java.base@25.0.2/java.lang.Class.getMethod(DynamicHub.java:1650)
	at com.google.protobuf.GeneratedMessageV3.getMethodOrDie(GeneratedMessageV3.java:1995)
	... 46 more
]]></error>
<system-out><![CDATA[
unique-id: [engine:junit-vintage]/[runner:com.google.protobuf.util.JsonFormatTest]/[test:testTimestamp(com.google.protobuf.util.JsonFormatTest)]
display-name: testTimestamp
]]></system-out>
</testcase>
<testcase name="testIntersection" classname="com_google_protobuf.protobuf_java_util.FieldMaskUtilTest" time="0">
<system-out><![CDATA[
unique-id: [engine:junit-vintage]/[runner:com_google_protobuf.protobuf_java_util.FieldMaskUtilTest]/[test:testIntersection(com_google_protobuf.protobuf_java_util.FieldMaskUtilTest)]
display-name: testIntersection
]]></system-out>
</testcase>
<testcase name="testDurationStringFormat" classname="com.google.protobuf.util.DurationsTest" time="0.002">
<system-out><![CDATA[
unique-id: [engine:junit-vintage]/[runner:com.google.protobuf.util.DurationsTest]/[test:testDurationStringFormat(com.google.protobuf.util.DurationsTest)]
display-name: testDurationStringFormat
]]></system-out>
</testcase>
<testcase name="testAnyFieldsWithCustomAddedTypeRegistry" classname="com.google.protobuf.util.JsonFormatTest" time="0">
<error message="Generated message class &quot;com.google.protobuf.Any&quot; missing method &quot;newBuilder&quot;." type="java.lang.IllegalStateException"><![CDATA[java.lang.IllegalStateException: Generated message class "com.google.protobuf.Any" missing method "newBuilder".
	at com.google.protobuf.GeneratedMessageV3.getMethodOrDie(GeneratedMessageV3.java:1998)
	at com.google.protobuf.GeneratedMessageV3.access$1000(GeneratedMessageV3.java:79)
	at com.google.protobuf.GeneratedMessageV3$FieldAccessorTable$SingularMessageFieldAccessor.<init>(GeneratedMessageV3.java:3107)
	at com.google.protobuf.GeneratedMessageV3$FieldAccessorTable.ensureFieldAccessorsInitialized(GeneratedMessageV3.java:2121)
	at com_google_protobuf.protobuf_java_util.JsonTestProto$TestAny.internalGetFieldAccessorTable(JsonTestProto.java:20632)
	at com.google.protobuf.GeneratedMessageV3.getDescriptorForType(GeneratedMessageV3.java:139)
	at com.google.protobuf.util.JsonFormat$PrinterImpl.print(JsonFormat.java:758)
	at com.google.protobuf.util.JsonFormat$Printer.appendTo(JsonFormat.java:367)
	at com.google.protobuf.util.JsonFormat$Printer.print(JsonFormat.java:377)
	at com.google.protobuf.util.JsonFormatTest.testAnyFieldsWithCustomAddedTypeRegistry(JsonFormatTest.java:1006)
	at java.base@25.0.2/java.lang.reflect.Method.invoke(Method.java:565)
	at org.junit.runners.model.FrameworkMethod$1.runReflectiveCall(FrameworkMethod.java:59)
	at org.junit.internal.runners.model.ReflectiveCallable.run(ReflectiveCallable.java:12)
	at org.junit.runners.model.FrameworkMethod.invokeExplosively(FrameworkMethod.java:56)
	at org.junit.internal.runners.statements.InvokeMethod.evaluate(InvokeMethod.java:17)
	at org.junit.runners.ParentRunner$3.evaluate(ParentRunner.java:306)
	at org.junit.runners.BlockJUnit4ClassRunner$1.evaluate(BlockJUnit4ClassRunner.java:100)
	at org.junit.runners.ParentRunner.runLeaf(ParentRunner.java:366)
	at org.junit.runners.BlockJUnit4ClassRunner.runChild(BlockJUnit4ClassRunner.java:103)
	at org.junit.runners.BlockJUnit4ClassRunner.runChild(BlockJUnit4ClassRunner.java:63)
	at org.junit.runners.ParentRunner$4.run(ParentRunner.java:331)
	at org.junit.runners.ParentRunner$1.schedule(ParentRunner.java:79)
	at org.junit.runners.ParentRunner.runChildren(ParentRunner.java:329)
	at org.junit.runners.ParentRunner.access$100(ParentRunner.java:66)
	at org.junit.runners.ParentRunner$2.evaluate(ParentRunner.java:293)
	at org.junit.internal.runners.statements.RunBefores.evaluate(RunBefores.java:26)
	at org.junit.internal.runners.statements.RunAfters.evaluate(RunAfters.java:27)
	at org.junit.runners.ParentRunner$3.evaluate(ParentRunner.java:306)
	at org.junit.runners.ParentRunner.run(ParentRunner.java:413)
	at org.junit.runner.JUnitCore.run(JUnitCore.java:137)
	at org.junit.runner.JUnitCore.run(JUnitCore.java:115)
	at org.junit.vintage.engine.execution.RunnerExecutor.execute(RunnerExecutor.java:42)
	at org.junit.vintage.engine.VintageTestEngine.executeAllChildren(VintageTestEngine.java:80)
	at org.junit.vintage.engine.VintageTestEngine.execute(VintageTestEngine.java:72)
	at org.junit.platform.launcher.core.EngineExecutionOrchestrator.execute(EngineExecutionOrchestrator.java:147)
	at org.junit.platform.launcher.core.EngineExecutionOrchestrator.execute(EngineExecutionOrchestrator.java:127)
	at org.junit.platform.launcher.core.EngineExecutionOrchestrator.execute(EngineExecutionOrchestrator.java:90)
	at org.junit.platform.launcher.core.EngineExecutionOrchestrator.lambda$execute$0(EngineExecutionOrchestrator.java:55)
	at org.junit.platform.launcher.core.EngineExecutionOrchestrator.withInterceptedStreams(EngineExecutionOrchestrator.java:102)
	at org.junit.platform.launcher.core.EngineExecutionOrchestrator.execute(EngineExecutionOrchestrator.java:54)
	at org.junit.platform.launcher.core.DefaultLauncher.execute(DefaultLauncher.java:114)
	at org.junit.platform.launcher.core.DefaultLauncher.execute(DefaultLauncher.java:95)
	at org.junit.platform.launcher.core.DefaultLauncherSession$DelegatingLauncher.execute(DefaultLauncherSession.java:91)
	at org.junit.platform.launcher.core.SessionPerRequestLauncher.execute(SessionPerRequestLauncher.java:60)
	at org.graalvm.junit.platform.NativeImageJUnitLauncher.main(NativeImageJUnitLauncher.java:132)
	at java.base@25.0.2/java.lang.invoke.LambdaForm$DMH/sa346b79c.invokeStaticInit(LambdaForm$DMH)
Caused by: java.lang.NoSuchMethodException: com.google.protobuf.Any.newBuilder()
	at java.base@25.0.2/java.lang.Class.checkMethod(DynamicHub.java:1670)
	at java.base@25.0.2/java.lang.Class.getMethod(DynamicHub.java:1650)
	at com.google.protobuf.GeneratedMessageV3.getMethodOrDie(GeneratedMessageV3.java:1995)
	... 45 more
]]></error>
<system-out><![CDATA[
unique-id: [engine:junit-vintage]/[runner:com.google.protobuf.util.JsonFormatTest]/[test:testAnyFieldsWithCustomAddedTypeRegistry(com.google.protobuf.util.JsonFormatTest)]
display-name: testAnyFieldsWithCustomAddedTypeRegistry
]]></system-out>
</testcase>
<testcase name="testTimestampConcurrentParsing" classname="com.google.protobuf.util.TimestampsTest" time="5.005">
<system-out><![CDATA[
unique-id: [engine:junit-vintage]/[runner:com.google.protobuf.util.TimestampsTest]/[test:testTimestampConcurrentParsing(com.google.protobuf.util.TimestampsTest)]
display-name: testTimestampConcurrentParsing
]]></system-out>
</testcase>
<testcase name="testMaxNanosecondsConversion" classname="com.google.protobuf.util.TimestampsTest" time="0">
<system-out><![CDATA[
unique-id: [engine:junit-vintage]/[runner:com.google.protobuf.util.TimestampsTest]/[test:testMaxNanosecondsConversion(com.google.protobuf.util.TimestampsTest)]
display-name: testMaxNanosecondsConversion
]]></system-out>
</testcase>
<testcase name="testRejectTooLargeFloat" classname="com.google.protobuf.util.JsonFormatTest" time="0">
<system-out><![CDATA[
unique-id: [engine:junit-vintage]/[runner:com.google.protobuf.util.JsonFormatTest]/[test:testRejectTooLargeFloat(com.google.protobuf.util.JsonFormatTest)]
display-name: testRejectTooLargeFloat
]]></system-out>
</testcase>
<testcase name="testTimestampInvalidTrailingText" classname="com.google.protobuf.util.TimestampsTest" time="0">
<system-out><![CDATA[
unique-id: [engine:junit-vintage]/[runner:com.google.protobuf.util.TimestampsTest]/[test:testTimestampInvalidTrailingText(com.google.protobuf.util.TimestampsTest)]
display-name: testTimestampInvalidTrailingText
]]></system-out>
</testcase>
<testcase name="testNowReturnsCurrentValidTimestamp" classname="com.google.protobuf.util.TimestampsTest" time="0">
<system-out><![CDATA[
unique-id: [engine:junit-vintage]/[runner:com.google.protobuf.util.TimestampsTest]/[test:testNowReturnsCurrentValidTimestamp(com.google.protobuf.util.TimestampsTest)]
display-name: testNowReturnsCurrentValidTimestamp
]]></system-out>
</testcase>
<testcase name="testRemoveFromFieldMask" classname="com.google.protobuf.util.FieldMaskTreeTest" time="0">
<system-out><![CDATA[
unique-id: [engine:junit-vintage]/[runner:com.google.protobuf.util.FieldMaskTreeTest]/[test:testRemoveFromFieldMask(com.google.protobuf.util.FieldMaskTreeTest)]
display-name: testRemoveFromFieldMask
]]></system-out>
</testcase>
<testcase name="testParserMissingTypeUrl" classname="com.google.protobuf.util.JsonFormatTest" time="0">
<system-out><![CDATA[
unique-id: [engine:junit-vintage]/[runner:com.google.protobuf.util.JsonFormatTest]/[test:testParserMissingTypeUrl(com.google.protobuf.util.JsonFormatTest)]
display-name: testParserMissingTypeUrl
]]></system-out>
</testcase>
<testcase name="testIllegalArgumentExceptionForMinMicroseconds" classname="com.google.protobuf.util.TimestampsTest" time="0">
<system-out><![CDATA[
unique-id: [engine:junit-vintage]/[runner:com.google.protobuf.util.TimestampsTest]/[test:testIllegalArgumentExceptionForMinMicroseconds(com.google.protobuf.util.TimestampsTest)]
display-name: testIllegalArgumentExceptionForMinMicroseconds
]]></system-out>
</testcase>
<testcase name="testCheckPositive" classname="com.google.protobuf.util.DurationsTest" time="0">
<system-out><![CDATA[
unique-id: [engine:junit-vintage]/[runner:com.google.protobuf.util.DurationsTest]/[test:testCheckPositive(com.google.protobuf.util.DurationsTest)]
display-name: testCheckPositive
]]></system-out>
</testcase>
<testcase name="testIsValid" classname="com_google_protobuf.protobuf_java_util.FieldMaskUtilTest" time="0">
<system-out><![CDATA[
unique-id: [engine:junit-vintage]/[runner:com_google_protobuf.protobuf_java_util.FieldMaskUtilTest]/[test:testIsValid(com_google_protobuf.protobuf_java_util.FieldMaskUtilTest)]
display-name: testIsValid
]]></system-out>
</testcase>
<testcase name="testUnknownEnumValues" classname="com.google.protobuf.util.JsonFormatTest" time="0">
<system-out><![CDATA[
unique-id: [engine:junit-vintage]/[runner:com.google.protobuf.util.JsonFormatTest]/[test:testUnknownEnumValues(com.google.protobuf.util.JsonFormatTest)]
display-name: testUnknownEnumValues
]]></system-out>
</testcase>
<testcase name="testParserUnexpectedTypeUrl" classname="com.google.protobuf.util.JsonFormatTest" time="0">
<system-out><![CDATA[
unique-id: [engine:junit-vintage]/[runner:com.google.protobuf.util.JsonFormatTest]/[test:testParserUnexpectedTypeUrl(com.google.protobuf.util.JsonFormatTest)]
display-name: testParserUnexpectedTypeUrl
]]></system-out>
</testcase>
<testcase name="testPreservesFloatingPointNegative0" classname="com.google.protobuf.util.JsonFormatTest" time="0">
<system-out><![CDATA[
unique-id: [engine:junit-vintage]/[runner:com.google.protobuf.util.JsonFormatTest]/[test:testPreservesFloatingPointNegative0(com.google.protobuf.util.JsonFormatTest)]
display-name: testPreservesFloatingPointNegative0
]]></system-out>
</testcase>
<testcase name="testConvertFromMillis" classname="com.google.protobuf.util.TimestampsTest" time="0">
<system-out><![CDATA[
unique-id: [engine:junit-vintage]/[runner:com.google.protobuf.util.TimestampsTest]/[test:testConvertFromMillis(com.google.protobuf.util.TimestampsTest)]
display-name: testConvertFromMillis
]]></system-out>
</testcase>
<system-out><![CDATA[
unique-id: [engine:junit-vintage]
display-name: JUnit Vintage
]]></system-out>
</testsuite>
