<?xml version="1.0" encoding="UTF-8"?>
<testsuite name="JUnit Jupiter" tests="7" skipped="0" failures="1" errors="0" time="0.001" hostname="kung-fu-workstation" timestamp="2026-05-03T09:19:34">
<properties>
[...]
</properties>
<testcase name="lowLevelPublicApiSupportsRefTypeOpsPatternMatchingAndValidationInspection()" classname="eu_timepit.refined_3.Refined_3Test" time="0">
<system-out><![CDATA[
unique-id: [engine:junit-jupiter]/[class:eu_timepit.refined_3.Refined_3Test]/[method:lowLevelPublicApiSupportsRefTypeOpsPatternMatchingAndValidationInspection()]
display-name: lowLevelPublicApiSupportsRefTypeOpsPatternMatchingAndValidationInspection()
]]></system-out>
</testcase>
<testcase name="refinedStringCompanionsProvideSafeConstructorsAndHelpers()" classname="eu_timepit.refined_3.Refined_3Test" time="0">
<system-out><![CDATA[
unique-id: [engine:junit-jupiter]/[class:eu_timepit.refined_3.Refined_3Test]/[method:refinedStringCompanionsProvideSafeConstructorsAndHelpers()]
display-name: refinedStringCompanionsProvideSafeConstructorsAndHelpers()
]]></system-out>
</testcase>
<testcase name="collectionPredicatesValidateIterableAndStringStructure()" classname="eu_timepit.refined_3.Refined_3Test" time="0">
<system-out><![CDATA[
unique-id: [engine:junit-jupiter]/[class:eu_timepit.refined_3.Refined_3Test]/[method:collectionPredicatesValidateIterableAndStringStructure()]
display-name: collectionPredicatesValidateIterableAndStringStructure()
]]></system-out>
</testcase>
<testcase name="refinedTypeAliasesForNetworkTimeCharactersAndDigestsValidateDomainRanges()" classname="eu_timepit.refined_3.Refined_3Test" time="0">
<system-out><![CDATA[
unique-id: [engine:junit-jupiter]/[class:eu_timepit.refined_3.Refined_3Test]/[method:refinedTypeAliasesForNetworkTimeCharactersAndDigestsValidateDomainRanges()]
display-name: refinedTypeAliasesForNetworkTimeCharactersAndDigestsValidateDomainRanges()
]]></system-out>
</testcase>
<testcase name="refinedTypeCompanionsValidateNumericAliasesAndExposeBounds()" classname="eu_timepit.refined_3.Refined_3Test" time="0">
<system-out><![CDATA[
unique-id: [engine:junit-jupiter]/[class:eu_timepit.refined_3.Refined_3Test]/[method:refinedTypeCompanionsValidateNumericAliasesAndExposeBounds()]
display-name: refinedTypeCompanionsValidateNumericAliasesAndExposeBounds()
]]></system-out>
</testcase>
<testcase name="stringPredicatesCoverParsingNetworkRegexAndTrimmingChecks()" classname="eu_timepit.refined_3.Refined_3Test" time="0">
<failure message="Expected Right but got Left(Url predicate failed: Accessing a URL protocol that was not enabled. The URL protocol https is supported but not enabled by default. It must be enabled by adding the --enable-url-protocols=https option to the native-image command.)" type="java.lang.AssertionError"><![CDATA[java.lang.AssertionError: Expected Right but got Left(Url predicate failed: Accessing a URL protocol that was not enabled. The URL protocol https is supported but not enabled by default. It must be enabled by adding the --enable-url-protocols=https option to the native-image command.)
	at eu_timepit.refined_3.Refined_3Test.expectRight$$anonfun$1(Refined_3Test.scala:199)
	at scala.util.Either.fold(Either.scala:198)
	at eu_timepit.refined_3.Refined_3Test.expectRight(Refined_3Test.scala:199)
	at eu_timepit.refined_3.Refined_3Test.stringPredicatesCoverParsingNetworkRegexAndTrimmingChecks(Refined_3Test.scala:80)
	at java.base@25.0.2/java.lang.reflect.Method.invoke(Method.java:565)
	at org.junit.platform.commons.util.ReflectionUtils.invokeMethod(ReflectionUtils.java:727)
	at org.junit.jupiter.engine.execution.MethodInvocation.proceed(MethodInvocation.java:60)
	at org.junit.jupiter.engine.execution.InvocationInterceptorChain$ValidatingInvocation.proceed(InvocationInterceptorChain.java:131)
	at org.junit.jupiter.api.AssertTimeoutPreemptively.lambda$submitTask$3(AssertTimeoutPreemptively.java:95)
	at java.base@25.0.2/java.util.concurrent.FutureTask.run(FutureTask.java:328)
	at java.base@25.0.2/java.util.concurrent.ThreadPoolExecutor.runWorker(ThreadPoolExecutor.java:1090)
	at java.base@25.0.2/java.util.concurrent.ThreadPoolExecutor$Worker.run(ThreadPoolExecutor.java:614)
	at java.base@25.0.2/java.lang.Thread.runWith(Thread.java:1487)
	at java.base@25.0.2/java.lang.Thread.run(Thread.java:1474)
	at org.graalvm.nativeimage.builder/com.oracle.svm.core.thread.PlatformThreads.threadStartRoutine(PlatformThreads.java:820)
	at org.graalvm.nativeimage.builder/com.oracle.svm.core.thread.PlatformThreads.threadStartRoutine(PlatformThreads.java:796)
]]></failure>
<system-out><![CDATA[
unique-id: [engine:junit-jupiter]/[class:eu_timepit.refined_3.Refined_3Test]/[method:stringPredicatesCoverParsingNetworkRegexAndTrimmingChecks()]
display-name: stringPredicatesCoverParsingNetworkRegexAndTrimmingChecks()
]]></system-out>
</testcase>
<testcase name="refineVSupportsPrimitiveNumericPredicatesAndBooleanCombinations()" classname="eu_timepit.refined_3.Refined_3Test" time="0">
<system-out><![CDATA[
unique-id: [engine:junit-jupiter]/[class:eu_timepit.refined_3.Refined_3Test]/[method:refineVSupportsPrimitiveNumericPredicatesAndBooleanCombinations()]
display-name: refineVSupportsPrimitiveNumericPredicatesAndBooleanCombinations()
]]></system-out>
</testcase>
<system-out><![CDATA[
unique-id: [engine:junit-jupiter]
display-name: JUnit Jupiter
]]></system-out>
</testsuite>
