<?xml version="1.0" encoding="UTF-8"?>
<testsuite name="JUnit Jupiter" tests="2" skipped="0" failures="1" errors="0" time="0" hostname="kung-fu-workstation" timestamp="2026-05-03T09:59:02">
<properties>
[...]
</properties>
<testcase name="exposesRetryableStatusCodes()" classname="io_opentelemetry.opentelemetry_exporter_common.RetryUtilTest" time="0">
<system-out><![CDATA[
unique-id: [engine:junit-jupiter]/[class:io_opentelemetry.opentelemetry_exporter_common.RetryUtilTest]/[method:exposesRetryableStatusCodes()]
display-name: exposesRetryableStatusCodes()
]]></system-out>
</testcase>
<testcase name="setsAuthenticatorOnHttpExporterBuilderDelegate()" classname="io_opentelemetry.opentelemetry_exporter_common.AuthenticatorTest" time="0">
<failure message="
Expecting code not to raise a throwable but caught
  &quot;java.lang.IllegalArgumentException: Unable to access delegate reflectively.
	at io.opentelemetry.exporter.internal.auth.Authenticator.setAuthenticatorOnDelegate(Authenticator.java:52)
	at io_opentelemetry.opentelemetry_exporter_common.AuthenticatorTest.lambda$setsAuthenticatorOnHttpExporterBuilderDelegate$1(AuthenticatorTest.java:23)
	at org.assertj.core.api.ThrowableAssert.catchThrowable(ThrowableAssert.java:63)
	at org.assertj.core.api.AssertionsForClassTypes.catchThrowable(AssertionsForClassTypes.java:878)
	at org.assertj.core.api.AssertionsForClassTypes.assertThatCode(AssertionsForClassTypes.java:849)
	at org.assertj.core.api.Assertions.assertThatCode(Assertions.java:1258)
	at io_opentelemetry.opentelemetry_exporter_common.AuthenticatorTest.setsAuthenticatorOnHttpExporterBuilderDelegate(AuthenticatorTest.java:23)
	at java.base@25.0.2/java.lang.reflect.Method.invoke(Method.java:565)
	at org.junit.platform.commons.util.ReflectionUtils.invokeMethod(ReflectionUtils.java:727)
	at org.junit.jupiter.engine.execution.MethodInvocation.proceed(MethodInvocation.java:60)
	at org.junit.jupiter.engine.execution.InvocationInterceptorChain$ValidatingInvocation.proceed(InvocationInterceptorChain.java:131)
	at org.junit.jupiter.api.AssertTimeoutPreemptively.lambda$submitTask$3(AssertTimeoutPreemptively.java:95)
	at java.base@25.0.2/java.util.concurrent.FutureTask.run(FutureTask.java:328)
	at java.base@25.0.2/java.util.concurrent.ThreadPoolExecutor.runWorker(ThreadPoolExecutor.java:1090)
	at java.base@25.0.2/java.util.concurrent.ThreadPoolExecutor$Worker.run(ThreadPoolExecutor.java:614)
	at java.base@25.0.2/java.lang.Thread.runWith(Thread.java:1487)
	at java.base@25.0.2/java.lang.Thread.run(Thread.java:1474)
	at org.graalvm.nativeimage.builder/com.oracle.svm.core.thread.PlatformThreads.threadStartRoutine(PlatformThreads.java:820)
	at org.graalvm.nativeimage.builder/com.oracle.svm.core.thread.PlatformThreads.threadStartRoutine(PlatformThreads.java:796)
Caused by: java.lang.NoSuchFieldException: delegate
	at java.base@25.0.2/java.lang.Class.checkField(DynamicHub.java:1628)
	at java.base@25.0.2/java.lang.Class.getDeclaredField(DynamicHub.java:1784)
	at io.opentelemetry.exporter.internal.auth.Authenticator.setAuthenticatorOnDelegate(Authenticator.java:40)
	... 18 more
&quot;" type="java.lang.AssertionError"><![CDATA[java.lang.AssertionError: 
Expecting code not to raise a throwable but caught
  "java.lang.IllegalArgumentException: Unable to access delegate reflectively.
	at io.opentelemetry.exporter.internal.auth.Authenticator.setAuthenticatorOnDelegate(Authenticator.java:52)
	at io_opentelemetry.opentelemetry_exporter_common.AuthenticatorTest.lambda$setsAuthenticatorOnHttpExporterBuilderDelegate$1(AuthenticatorTest.java:23)
	at org.assertj.core.api.ThrowableAssert.catchThrowable(ThrowableAssert.java:63)
	at org.assertj.core.api.AssertionsForClassTypes.catchThrowable(AssertionsForClassTypes.java:878)
	at org.assertj.core.api.AssertionsForClassTypes.assertThatCode(AssertionsForClassTypes.java:849)
	at org.assertj.core.api.Assertions.assertThatCode(Assertions.java:1258)
	at io_opentelemetry.opentelemetry_exporter_common.AuthenticatorTest.setsAuthenticatorOnHttpExporterBuilderDelegate(AuthenticatorTest.java:23)
	at java.base@25.0.2/java.lang.reflect.Method.invoke(Method.java:565)
	at org.junit.platform.commons.util.ReflectionUtils.invokeMethod(ReflectionUtils.java:727)
	at org.junit.jupiter.engine.execution.MethodInvocation.proceed(MethodInvocation.java:60)
	at org.junit.jupiter.engine.execution.InvocationInterceptorChain$ValidatingInvocation.proceed(InvocationInterceptorChain.java:131)
	at org.junit.jupiter.api.AssertTimeoutPreemptively.lambda$submitTask$3(AssertTimeoutPreemptively.java:95)
	at java.base@25.0.2/java.util.concurrent.FutureTask.run(FutureTask.java:328)
	at java.base@25.0.2/java.util.concurrent.ThreadPoolExecutor.runWorker(ThreadPoolExecutor.java:1090)
	at java.base@25.0.2/java.util.concurrent.ThreadPoolExecutor$Worker.run(ThreadPoolExecutor.java:614)
	at java.base@25.0.2/java.lang.Thread.runWith(Thread.java:1487)
	at java.base@25.0.2/java.lang.Thread.run(Thread.java:1474)
	at org.graalvm.nativeimage.builder/com.oracle.svm.core.thread.PlatformThreads.threadStartRoutine(PlatformThreads.java:820)
	at org.graalvm.nativeimage.builder/com.oracle.svm.core.thread.PlatformThreads.threadStartRoutine(PlatformThreads.java:796)
Caused by: java.lang.NoSuchFieldException: delegate
	at java.base@25.0.2/java.lang.Class.checkField(DynamicHub.java:1628)
	at java.base@25.0.2/java.lang.Class.getDeclaredField(DynamicHub.java:1784)
	at io.opentelemetry.exporter.internal.auth.Authenticator.setAuthenticatorOnDelegate(Authenticator.java:40)
	... 18 more
"
	at io_opentelemetry.opentelemetry_exporter_common.AuthenticatorTest.setsAuthenticatorOnHttpExporterBuilderDelegate(AuthenticatorTest.java:24)
	at java.base@25.0.2/java.lang.reflect.Method.invoke(Method.java:565)
	at org.junit.platform.commons.util.ReflectionUtils.invokeMethod(ReflectionUtils.java:727)
	at org.junit.jupiter.engine.execution.MethodInvocation.proceed(MethodInvocation.java:60)
	at org.junit.jupiter.engine.execution.InvocationInterceptorChain$ValidatingInvocation.proceed(InvocationInterceptorChain.java:131)
	at org.junit.jupiter.api.AssertTimeoutPreemptively.lambda$submitTask$3(AssertTimeoutPreemptively.java:95)
	at java.base@25.0.2/java.util.concurrent.FutureTask.run(FutureTask.java:328)
	at java.base@25.0.2/java.util.concurrent.ThreadPoolExecutor.runWorker(ThreadPoolExecutor.java:1090)
	at java.base@25.0.2/java.util.concurrent.ThreadPoolExecutor$Worker.run(ThreadPoolExecutor.java:614)
	at java.base@25.0.2/java.lang.Thread.runWith(Thread.java:1487)
	at java.base@25.0.2/java.lang.Thread.run(Thread.java:1474)
	at org.graalvm.nativeimage.builder/com.oracle.svm.core.thread.PlatformThreads.threadStartRoutine(PlatformThreads.java:820)
	at org.graalvm.nativeimage.builder/com.oracle.svm.core.thread.PlatformThreads.threadStartRoutine(PlatformThreads.java:796)
]]></failure>
<system-out><![CDATA[
unique-id: [engine:junit-jupiter]/[class:io_opentelemetry.opentelemetry_exporter_common.AuthenticatorTest]/[method:setsAuthenticatorOnHttpExporterBuilderDelegate()]
display-name: setsAuthenticatorOnHttpExporterBuilderDelegate()
]]></system-out>
</testcase>
<system-out><![CDATA[
unique-id: [engine:junit-jupiter]
display-name: JUnit Jupiter
]]></system-out>
</testsuite>
