<?xml version="1.0" encoding="UTF-8"?>
<testsuite name="JUnit Jupiter" tests="45" skipped="0" failures="0" errors="0" time="0.072" hostname="kung-fu-workstation" timestamp="2026-05-02T19:38:54">
<properties>
[...]
</properties>
<testcase name="proxyInvocationHandlerForwardsCallsToInnerImplementation()" classname="com_mchange.mchange_commons_java.ForwardingInvocationHandlerTest" time="0">
<system-out><![CDATA[
unique-id: [engine:junit-jupiter]/[class:com_mchange.mchange_commons_java.ForwardingInvocationHandlerTest]/[method:proxyInvocationHandlerForwardsCallsToInnerImplementation()]
display-name: proxyInvocationHandlerForwardsCallsToInnerImplementation()
]]></system-out>
</testcase>
<testcase name="createSynchronousCleanupSoftSetReturnsWorkingSetProxy()" classname="com_mchange.mchange_commons_java.SoftSetFactoryTest" time="0">
<system-out><![CDATA[
unique-id: [engine:junit-jupiter]/[class:com_mchange.mchange_commons_java.SoftSetFactoryTest]/[method:createSynchronousCleanupSoftSetReturnsWorkingSetProxy()]
display-name: createSynchronousCleanupSoftSetReturnsWorkingSetProxy()
]]></system-out>
</testcase>
<testcase name="getStackTracesReturnsManagedWorkerThreadDump()" classname="com_mchange.mchange_commons_java.ThreadPoolAsynchronousRunnerTest" time="0">
<system-out><![CDATA[
unique-id: [engine:junit-jupiter]/[class:com_mchange.mchange_commons_java.ThreadPoolAsynchronousRunnerTest]/[method:getStackTracesReturnsManagedWorkerThreadDump()]
display-name: getStackTracesReturnsManagedWorkerThreadDump()
]]></system-out>
</testcase>
<testcase name="classForSimpleNameResolvesExplicitImportedClass()" classname="com_mchange.mchange_commons_java.ClassUtilsTest" time="0">
<system-out><![CDATA[
unique-id: [engine:junit-jupiter]/[class:com_mchange.mchange_commons_java.ClassUtilsTest]/[method:classForSimpleNameResolvesExplicitImportedClass()]
display-name: classForSimpleNameResolvesExplicitImportedClass()
]]></system-out>
</testcase>
<testcase name="initLoadsConfiguredJdbcDriverClassBeforeCreatingThePool()" classname="com_mchange.mchange_commons_java.ConnectionBundlePoolBeanTest" time="0">
<system-out><![CDATA[
unique-id: [engine:junit-jupiter]/[class:com_mchange.mchange_commons_java.ConnectionBundlePoolBeanTest]/[method:initLoadsConfiguredJdbcDriverClassBeforeCreatingThePool()]
display-name: initLoadsConfiguredJdbcDriverClassBeforeCreatingThePool()
]]></system-out>
</testcase>
<testcase name="textFieldActionWritesUserModificationBackToBean()" classname="com_mchange.mchange_commons_java.PropertyComponentBindingUtilityTest" time="0">
<system-out><![CDATA[
unique-id: [engine:junit-jupiter]/[class:com_mchange.mchange_commons_java.PropertyComponentBindingUtilityTest]/[method:textFieldActionWritesUserModificationBackToBean()]
display-name: textFieldActionWritesUserModificationBackToBean()
]]></system-out>
</testcase>
<testcase name="serializeToByteArrayAndDeserializeFromByteArrayRoundTripSerializablePayload()" classname="com_mchange.mchange_commons_java.SerializableUtilsTest" time="0">
<system-out><![CDATA[
unique-id: [engine:junit-jupiter]/[class:com_mchange.mchange_commons_java.SerializableUtilsTest]/[method:serializeToByteArrayAndDeserializeFromByteArrayRoundTripSerializablePayload()]
display-name: serializeToByteArrayAndDeserializeFromByteArrayRoundTripSerializablePayload()
]]></system-out>
</testcase>
<testcase name="marshallObjectToFileAndUnmarshallObjectFromFileRoundTripSerializablePayload(Path)" classname="com_mchange.mchange_commons_java.SerializableUtilsTest" time="0">
<system-out><![CDATA[
unique-id: [engine:junit-jupiter]/[class:com_mchange.mchange_commons_java.SerializableUtilsTest]/[method:marshallObjectToFileAndUnmarshallObjectFromFileRoundTripSerializablePayload(java.nio.file.Path)]
display-name: marshallObjectToFileAndUnmarshallObjectFromFileRoundTripSerializablePayload(Path)
]]></system-out>
</testcase>
<testcase name="overwriteAccessiblePropertiesFromMapAppliesDirectAndCoercedValues()" classname="com_mchange.mchange_commons_java.BeansUtilsTest" time="0">
<system-out><![CDATA[
unique-id: [engine:junit-jupiter]/[class:com_mchange.mchange_commons_java.BeansUtilsTest]/[method:overwriteAccessiblePropertiesFromMapAppliesDirectAndCoercedValues()]
display-name: overwriteAccessiblePropertiesFromMapAppliesDirectAndCoercedValues()
]]></system-out>
</testcase>
<testcase name="decodeUsesOptionalFinderLoadedDuringStaticInitialization()" classname="com_mchange.mchange_commons_java.DecodeUtilsTest" time="0">
<system-out><![CDATA[
unique-id: [engine:junit-jupiter]/[class:com_mchange.mchange_commons_java.DecodeUtilsTest]/[method:decodeUsesOptionalFinderLoadedDuringStaticInitialization()]
display-name: decodeUsesOptionalFinderLoadedDuringStaticInitialization()
]]></system-out>
</testcase>
<testcase name="attemptCloneClonesTreeSetUsingBuiltInPath()" classname="com_mchange.mchange_commons_java.CollectionUtilsTest" time="0">
<system-out><![CDATA[
unique-id: [engine:junit-jupiter]/[class:com_mchange.mchange_commons_java.CollectionUtilsTest]/[method:attemptCloneClonesTreeSetUsingBuiltInPath()]
display-name: attemptCloneClonesTreeSetUsingBuiltInPath()
]]></system-out>
</testcase>
<testcase name="overwriteSpecificAccessiblePropertiesUsesSetterFromCompatibleTargetType()" classname="com_mchange.mchange_commons_java.BeansUtilsTest" time="0">
<system-out><![CDATA[
unique-id: [engine:junit-jupiter]/[class:com_mchange.mchange_commons_java.BeansUtilsTest]/[method:overwriteSpecificAccessiblePropertiesUsesSetterFromCompatibleTargetType()]
display-name: overwriteSpecificAccessiblePropertiesUsesSetterFromCompatibleTargetType()
]]></system-out>
</testcase>
<testcase name="classForSimpleNameResolvesClassFromImportedPackage()" classname="com_mchange.mchange_commons_java.ClassUtilsTest" time="0">
<system-out><![CDATA[
unique-id: [engine:junit-jupiter]/[class:com_mchange.mchange_commons_java.ClassUtilsTest]/[method:classForSimpleNameResolvesClassFromImportedPackage()]
display-name: classForSimpleNameResolvesClassFromImportedPackage()
]]></system-out>
</testcase>
<testcase name="createSynchronousCleanupSoftKeyCachedStoreCachesAndRefreshesValues()" classname="com_mchange.mchange_commons_java.CachedStoreFactoryTest" time="0">
<system-out><![CDATA[
unique-id: [engine:junit-jupiter]/[class:com_mchange.mchange_commons_java.CachedStoreFactoryTest]/[method:createSynchronousCleanupSoftKeyCachedStoreCachesAndRefreshesValues()]
display-name: createSynchronousCleanupSoftKeyCachedStoreCachesAndRefreshesValues()
]]></system-out>
</testcase>
<testcase name="getObjectInstanceRecreatesJavaBeanPropertiesFromReference()" classname="com_mchange.mchange_commons_java.JavaBeanObjectFactoryTest" time="0">
<system-out><![CDATA[
unique-id: [engine:junit-jupiter]/[class:com_mchange.mchange_commons_java.JavaBeanObjectFactoryTest]/[method:getObjectInstanceRecreatesJavaBeanPropertiesFromReference()]
display-name: getObjectInstanceRecreatesJavaBeanPropertiesFromReference()
]]></system-out>
</testcase>
<testcase name="findInPublicScopeReturnsPublicParentMethodForPackagePrivateOverride()" classname="com_mchange.mchange_commons_java.ReflectUtilsTest" time="0">
<system-out><![CDATA[
unique-id: [engine:junit-jupiter]/[class:com_mchange.mchange_commons_java.ReflectUtilsTest]/[method:findInPublicScopeReturnsPublicParentMethodForPackagePrivateOverride()]
display-name: findInPublicScopeReturnsPublicParentMethodForPackagePrivateOverride()
]]></system-out>
</testcase>
<testcase name="findPropertyEditorInstantiatesConfiguredEditorClass()" classname="com_mchange.mchange_commons_java.BeansUtilsTest" time="0">
<system-out><![CDATA[
unique-id: [engine:junit-jupiter]/[class:com_mchange.mchange_commons_java.BeansUtilsTest]/[method:findPropertyEditorInstantiatesConfiguredEditorClass()]
display-name: findPropertyEditorInstantiatesConfiguredEditorClass()
]]></system-out>
</testcase>
<testcase name="attemptCloneClonesTreeMapUsingBuiltInPath()" classname="com_mchange.mchange_commons_java.CollectionUtilsTest" time="0">
<system-out><![CDATA[
unique-id: [engine:junit-jupiter]/[class:com_mchange.mchange_commons_java.CollectionUtilsTest]/[method:attemptCloneClonesTreeMapUsingBuiltInPath()]
display-name: attemptCloneClonesTreeMapUsingBuiltInPath()
]]></system-out>
</testcase>
<testcase name="attemptCloneClonesArrayListUsingBuiltInPath()" classname="com_mchange.mchange_commons_java.CollectionUtilsTest" time="0">
<system-out><![CDATA[
unique-id: [engine:junit-jupiter]/[class:com_mchange.mchange_commons_java.CollectionUtilsTest]/[method:attemptCloneClonesArrayListUsingBuiltInPath()]
display-name: attemptCloneClonesArrayListUsingBuiltInPath()
]]></system-out>
</testcase>
<testcase name="resolveEntityLoadsSiblingPackageResourceFromSystemIdFileName()" classname="com_mchange.mchange_commons_java.ResourceEntityResolverTest" time="0">
<system-out><![CDATA[
unique-id: [engine:junit-jupiter]/[class:com_mchange.mchange_commons_java.ResourceEntityResolverTest]/[method:resolveEntityLoadsSiblingPackageResourceFromSystemIdFileName()]
display-name: resolveEntityLoadsSiblingPackageResourceFromSystemIdFileName()
]]></system-out>
</testcase>
<testcase name="findProxyConstructorReturnsInvocationHandlerConstructorForProxyInterface()" classname="com_mchange.mchange_commons_java.ReflectUtilsTest" time="0">
<system-out><![CDATA[
unique-id: [engine:junit-jupiter]/[class:com_mchange.mchange_commons_java.ReflectUtilsTest]/[method:findProxyConstructorReturnsInvocationHandlerConstructorForProxyInterface()]
display-name: findProxyConstructorReturnsInvocationHandlerConstructorForProxyInterface()
]]></system-out>
</testcase>
<testcase name="logrbResolvesMessagesFromResourceBundle()" classname="com_mchange.mchange_commons_java.FallbackMLogDollarFallbackMLoggerTest" time="0">
<system-out><![CDATA[
unique-id: [engine:junit-jupiter]/[class:com_mchange.mchange_commons_java.FallbackMLogDollarFallbackMLoggerTest]/[method:logrbResolvesMessagesFromResourceBundle()]
display-name: logrbResolvesMessagesFromResourceBundle()
]]></system-out>
</testcase>
<testcase name="formatMessageLoadsMessagePatternFromResourceBundle()" classname="com_mchange.mchange_commons_java.LogUtilsTest" time="0">
<system-out><![CDATA[
unique-id: [engine:junit-jupiter]/[class:com_mchange.mchange_commons_java.LogUtilsTest]/[method:formatMessageLoadsMessagePatternFromResourceBundle()]
display-name: formatMessageLoadsMessagePatternFromResourceBundle()
]]></system-out>
</testcase>
<testcase name="extractAccessiblePropertiesToMapReadsBeanProperties()" classname="com_mchange.mchange_commons_java.BeansUtilsTest" time="0">
<system-out><![CDATA[
unique-id: [engine:junit-jupiter]/[class:com_mchange.mchange_commons_java.BeansUtilsTest]/[method:extractAccessiblePropertiesToMapReadsBeanProperties()]
display-name: extractAccessiblePropertiesToMapReadsBeanProperties()
]]></system-out>
</testcase>
<testcase name="attemptCloneClonesHashMapUsingBuiltInPath()" classname="com_mchange.mchange_commons_java.CollectionUtilsTest" time="0">
<system-out><![CDATA[
unique-id: [engine:junit-jupiter]/[class:com_mchange.mchange_commons_java.CollectionUtilsTest]/[method:attemptCloneClonesHashMapUsingBuiltInPath()]
display-name: attemptCloneClonesHashMapUsingBuiltInPath()
]]></system-out>
</testcase>
<testcase name="mainDropsSchemaUsingCredentialsAndReflectedSchemaClass()" classname="com_mchange.mchange_commons_java.SchemaManagerTest" time="0">
<system-out><![CDATA[
unique-id: [engine:junit-jupiter]/[class:com_mchange.mchange_commons_java.SchemaManagerTest]/[method:mainDropsSchemaUsingCredentialsAndReflectedSchemaClass()]
display-name: mainDropsSchemaUsingCredentialsAndReflectedSchemaClass()
]]></system-out>
</testcase>
<testcase name="findInPublicScopeReturnsPublicInterfaceMethodWhenNoPublicParentDeclaresIt()" classname="com_mchange.mchange_commons_java.ReflectUtilsTest" time="0">
<system-out><![CDATA[
unique-id: [engine:junit-jupiter]/[class:com_mchange.mchange_commons_java.ReflectUtilsTest]/[method:findInPublicScopeReturnsPublicInterfaceMethodWhenNoPublicParentDeclaresIt()]
display-name: findInPublicScopeReturnsPublicInterfaceMethodWhenNoPublicParentDeclaresIt()
]]></system-out>
</testcase>
<testcase name="forNameResolvesPrimitiveAndFullyQualifiedClassNames()" classname="com_mchange.mchange_commons_java.ClassUtilsTest" time="0">
<system-out><![CDATA[
unique-id: [engine:junit-jupiter]/[class:com_mchange.mchange_commons_java.ClassUtilsTest]/[method:forNameResolvesPrimitiveAndFullyQualifiedClassNames()]
display-name: forNameResolvesPrimitiveAndFullyQualifiedClassNames()
]]></system-out>
</testcase>
<testcase name="overwriteAccessiblePropertiesCopiesBeanValues()" classname="com_mchange.mchange_commons_java.BeansUtilsTest" time="0">
<system-out><![CDATA[
unique-id: [engine:junit-jupiter]/[class:com_mchange.mchange_commons_java.BeansUtilsTest]/[method:overwriteAccessiblePropertiesCopiesBeanValues()]
display-name: overwriteAccessiblePropertiesCopiesBeanValues()
]]></system-out>
</testcase>
<testcase name="decodeUsesDecoderClassDeclaredInEncodedMap()" classname="com_mchange.mchange_commons_java.DecodeUtilsTest" time="0">
<system-out><![CDATA[
unique-id: [engine:junit-jupiter]/[class:com_mchange.mchange_commons_java.DecodeUtilsTest]/[method:decodeUsesDecoderClassDeclaredInEncodedMap()]
display-name: decodeUsesDecoderClassDeclaredInEncodedMap()
]]></system-out>
</testcase>
<testcase name="reflectiveHoldsLockReportsWhetherCurrentThreadOwnsMonitor()" classname="com_mchange.mchange_commons_java.ThreadUtilsTest" time="0">
<system-out><![CDATA[
unique-id: [engine:junit-jupiter]/[class:com_mchange.mchange_commons_java.ThreadUtilsTest]/[method:reflectiveHoldsLockReportsWhetherCurrentThreadOwnsMonitor()]
display-name: reflectiveHoldsLockReportsWhetherCurrentThreadOwnsMonitor()
]]></system-out>
</testcase>
<testcase name="containsMethodAsSupertypeFindsMatchingInterfaceMethod()" classname="com_mchange.mchange_commons_java.ClassUtilsTest" time="0">
<system-out><![CDATA[
unique-id: [engine:junit-jupiter]/[class:com_mchange.mchange_commons_java.ClassUtilsTest]/[method:containsMethodAsSupertypeFindsMatchingInterfaceMethod()]
display-name: containsMethodAsSupertypeFindsMatchingInterfaceMethod()
]]></system-out>
</testcase>
<testcase name="referenceToObjectInstantiatesConfiguredFactoryAndDelegatesReferenceResolution()" classname="com_mchange.mchange_commons_java.ReferenceableUtilsTest" time="0">
<system-out><![CDATA[
unique-id: [engine:junit-jupiter]/[class:com_mchange.mchange_commons_java.ReferenceableUtilsTest]/[method:referenceToObjectInstantiatesConfiguredFactoryAndDelegatesReferenceResolution()]
display-name: referenceToObjectInstantiatesConfiguredFactoryAndDelegatesReferenceResolution()
]]></system-out>
</testcase>
<testcase name="overwriteSpecificAccessiblePropertiesFindsMatchingSetterOnDifferentTargetType()" classname="com_mchange.mchange_commons_java.BeansUtilsTest" time="0">
<system-out><![CDATA[
unique-id: [engine:junit-jupiter]/[class:com_mchange.mchange_commons_java.BeansUtilsTest]/[method:overwriteSpecificAccessiblePropertiesFindsMatchingSetterOnDifferentTargetType()]
display-name: overwriteSpecificAccessiblePropertiesFindsMatchingSetterOnDifferentTargetType()
]]></system-out>
</testcase>
<testcase name="pendingTasksTriggerDeadlockDetectionAndRecovery()" classname="com_mchange.mchange_commons_java.ThreadPoolAsynchronousRunnerTest" time="0.051">
<system-out><![CDATA[
unique-id: [engine:junit-jupiter]/[class:com_mchange.mchange_commons_java.ThreadPoolAsynchronousRunnerTest]/[method:pendingTasksTriggerDeadlockDetectionAndRecovery()]
display-name: pendingTasksTriggerDeadlockDetectionAndRecovery()
]]></system-out>
</testcase>
<testcase name="refreshConfigLoadsConfiguredNameTransformer()" classname="com_mchange.mchange_commons_java.MLogTest" time="0">
<system-out><![CDATA[
unique-id: [engine:junit-jupiter]/[class:com_mchange.mchange_commons_java.MLogTest]/[method:refreshConfigLoadsConfiguredNameTransformer()]
display-name: refreshConfigLoadsConfiguredNameTransformer()
]]></system-out>
</testcase>
<testcase name="forNameWithImportsReturnsFullyQualifiedClassBeforeTryingImports()" classname="com_mchange.mchange_commons_java.ClassUtilsTest" time="0">
<system-out><![CDATA[
unique-id: [engine:junit-jupiter]/[class:com_mchange.mchange_commons_java.ClassUtilsTest]/[method:forNameWithImportsReturnsFullyQualifiedClassBeforeTryingImports()]
display-name: forNameWithImportsReturnsFullyQualifiedClassBeforeTryingImports()
]]></system-out>
</testcase>
<testcase name="textFieldBindingReadsInitialBeanValueAndListensForBeanChanges()" classname="com_mchange.mchange_commons_java.PropertyComponentBindingUtilityTest" time="0.01">
<system-out><![CDATA[
unique-id: [engine:junit-jupiter]/[class:com_mchange.mchange_commons_java.PropertyComponentBindingUtilityTest]/[method:textFieldBindingReadsInitialBeanValueAndListensForBeanChanges()]
display-name: textFieldBindingReadsInitialBeanValueAndListensForBeanChanges()
]]></system-out>
</testcase>
<testcase name="classForSimpleNameResolvesJavaLangClassBeforeImportedPackages()" classname="com_mchange.mchange_commons_java.ClassUtilsTest" time="0">
<system-out><![CDATA[
unique-id: [engine:junit-jupiter]/[class:com_mchange.mchange_commons_java.ClassUtilsTest]/[method:classForSimpleNameResolvesJavaLangClassBeforeImportedPackages()]
display-name: classForSimpleNameResolvesJavaLangClassBeforeImportedPackages()
]]></system-out>
</testcase>
<testcase name="toArrayCreatesTypedArrayWhenProvidedArrayIsTooSmall()" classname="com_mchange.mchange_commons_java.IteratorUtilsTest" time="0">
<system-out><![CDATA[
unique-id: [engine:junit-jupiter]/[class:com_mchange.mchange_commons_java.IteratorUtilsTest]/[method:toArrayCreatesTypedArrayWhenProvidedArrayIsTooSmall()]
display-name: toArrayCreatesTypedArrayWhenProvidedArrayIsTooSmall()
]]></system-out>
</testcase>
<testcase name="createSynchronizedWrapperDelegatesInterfaceMethodCallsToWrappedObject()" classname="com_mchange.mchange_commons_java.SynchronizerDollar1Test" time="0">
<system-out><![CDATA[
unique-id: [engine:junit-jupiter]/[class:com_mchange.mchange_commons_java.SynchronizerDollar1Test]/[method:createSynchronizedWrapperDelegatesInterfaceMethodCallsToWrappedObject()]
display-name: createSynchronizedWrapperDelegatesInterfaceMethodCallsToWrappedObject()
]]></system-out>
</testcase>
<testcase name="mainCreatesSchemaUsingReflectedSchemaClass()" classname="com_mchange.mchange_commons_java.SchemaManagerTest" time="0">
<system-out><![CDATA[
unique-id: [engine:junit-jupiter]/[class:com_mchange.mchange_commons_java.SchemaManagerTest]/[method:mainCreatesSchemaUsingReflectedSchemaClass()]
display-name: mainCreatesSchemaUsingReflectedSchemaClass()
]]></system-out>
</testcase>
<testcase name="writeDelegatorIncludesInheritedInterfaceMethods()" classname="com_mchange.mchange_commons_java.DelegatorGeneratorTest" time="0">
<system-out><![CDATA[
unique-id: [engine:junit-jupiter]/[class:com_mchange.mchange_commons_java.DelegatorGeneratorTest]/[method:writeDelegatorIncludesInheritedInterfaceMethods()]
display-name: writeDelegatorIncludesInheritedInterfaceMethods()
]]></system-out>
</testcase>
<testcase name="marshallObjectToFileAndUnmarshallObjectFromFileRoundTripSerializablePayload(Path)" classname="com_mchange.mchange_commons_java.IoSerializableUtilsTest" time="0.001">
<system-out><![CDATA[
unique-id: [engine:junit-jupiter]/[class:com_mchange.mchange_commons_java.IoSerializableUtilsTest]/[method:marshallObjectToFileAndUnmarshallObjectFromFileRoundTripSerializablePayload(java.nio.file.Path)]
display-name: marshallObjectToFileAndUnmarshallObjectFromFileRoundTripSerializablePayload(Path)
]]></system-out>
</testcase>
<testcase name="objectToByteArrayAndObjectFromByteArrayRoundTripSerializablePayload()" classname="com_mchange.mchange_commons_java.ObjectUtilsTest" time="0">
<system-out><![CDATA[
unique-id: [engine:junit-jupiter]/[class:com_mchange.mchange_commons_java.ObjectUtilsTest]/[method:objectToByteArrayAndObjectFromByteArrayRoundTripSerializablePayload()]
display-name: objectToByteArrayAndObjectFromByteArrayRoundTripSerializablePayload()
]]></system-out>
</testcase>
<system-out><![CDATA[
unique-id: [engine:junit-jupiter]
display-name: JUnit Jupiter
]]></system-out>
</testsuite>
