<?xml version="1.0" encoding="UTF-8"?>
<testsuite name="JUnit Jupiter" tests="7" skipped="0" failures="0" errors="7" time="0.014" hostname="kung-fu-workstation" timestamp="2026-05-02T21:37:18">
<properties>
[...]
</properties>
<testcase name="snapshotsProvideStableReadViewAcrossUpdates()" classname="org_fusesource_leveldbjni.leveldbjni.LeveldbjniTest" time="0">
<error message="Could not initialize class org.fusesource.leveldbjni.JniDBFactory" type="java.lang.NoClassDefFoundError"><![CDATA[java.lang.NoClassDefFoundError: Could not initialize class org.fusesource.leveldbjni.JniDBFactory
	at org_fusesource_leveldbjni.leveldbjni.LeveldbjniTest.snapshotsProvideStableReadViewAcrossUpdates(LeveldbjniTest.java:105)
	at java.base@25.0.2/java.lang.reflect.Method.invoke(Method.java:565)
	at org.junit.platform.commons.util.ReflectionUtils.invokeMethod(ReflectionUtils.java:727)
	at org.junit.jupiter.engine.execution.MethodInvocation.proceed(MethodInvocation.java:60)
	at org.junit.jupiter.engine.execution.InvocationInterceptorChain$ValidatingInvocation.proceed(InvocationInterceptorChain.java:131)
	at org.junit.jupiter.api.AssertTimeoutPreemptively.lambda$submitTask$3(AssertTimeoutPreemptively.java:95)
	at java.base@25.0.2/java.util.concurrent.FutureTask.run(FutureTask.java:328)
	at java.base@25.0.2/java.util.concurrent.ThreadPoolExecutor.runWorker(ThreadPoolExecutor.java:1090)
	at java.base@25.0.2/java.util.concurrent.ThreadPoolExecutor$Worker.run(ThreadPoolExecutor.java:614)
	at java.base@25.0.2/java.lang.Thread.runWith(Thread.java:1487)
	at java.base@25.0.2/java.lang.Thread.run(Thread.java:1474)
	at org.graalvm.nativeimage.builder/com.oracle.svm.core.thread.PlatformThreads.threadStartRoutine(PlatformThreads.java:820)
	at org.graalvm.nativeimage.builder/com.oracle.svm.core.thread.PlatformThreads.threadStartRoutine(PlatformThreads.java:796)
]]></error>
<system-out><![CDATA[
unique-id: [engine:junit-jupiter]/[class:org_fusesource_leveldbjni.leveldbjni.LeveldbjniTest]/[method:snapshotsProvideStableReadViewAcrossUpdates()]
display-name: snapshotsProvideStableReadViewAcrossUpdates()
]]></system-out>
</testcase>
<testcase name="factoryRejectsInvalidOpenModesAndConvertsStrings()" classname="org_fusesource_leveldbjni.leveldbjni.LeveldbjniTest" time="0.003">
<error message="Could not initialize class org.fusesource.leveldbjni.JniDBFactory" type="java.lang.NoClassDefFoundError"><![CDATA[java.lang.NoClassDefFoundError: Could not initialize class org.fusesource.leveldbjni.JniDBFactory
	at org_fusesource_leveldbjni.leveldbjni.LeveldbjniTest.factoryRejectsInvalidOpenModesAndConvertsStrings(LeveldbjniTest.java:224)
	at java.base@25.0.2/java.lang.reflect.Method.invoke(Method.java:565)
	at org.junit.platform.commons.util.ReflectionUtils.invokeMethod(ReflectionUtils.java:727)
	at org.junit.jupiter.engine.execution.MethodInvocation.proceed(MethodInvocation.java:60)
	at org.junit.jupiter.engine.execution.InvocationInterceptorChain$ValidatingInvocation.proceed(InvocationInterceptorChain.java:131)
	at org.junit.jupiter.api.AssertTimeoutPreemptively.lambda$submitTask$3(AssertTimeoutPreemptively.java:95)
	at java.base@25.0.2/java.util.concurrent.FutureTask.run(FutureTask.java:328)
	at java.base@25.0.2/java.util.concurrent.ThreadPoolExecutor.runWorker(ThreadPoolExecutor.java:1090)
	at java.base@25.0.2/java.util.concurrent.ThreadPoolExecutor$Worker.run(ThreadPoolExecutor.java:614)
	at java.base@25.0.2/java.lang.Thread.runWith(Thread.java:1487)
	at java.base@25.0.2/java.lang.Thread.run(Thread.java:1474)
	at org.graalvm.nativeimage.builder/com.oracle.svm.core.thread.PlatformThreads.threadStartRoutine(PlatformThreads.java:820)
	at org.graalvm.nativeimage.builder/com.oracle.svm.core.thread.PlatformThreads.threadStartRoutine(PlatformThreads.java:796)
]]></error>
<system-out><![CDATA[
unique-id: [engine:junit-jupiter]/[class:org_fusesource_leveldbjni.leveldbjni.LeveldbjniTest]/[method:factoryRejectsInvalidOpenModesAndConvertsStrings()]
display-name: factoryRejectsInvalidOpenModesAndConvertsStrings()
]]></system-out>
</testcase>
<testcase name="suspendAndResumeCompactionsKeepsDatabaseAvailableForWrites()" classname="org_fusesource_leveldbjni.leveldbjni.LeveldbjniTest" time="0.003">
<error message="Could not initialize class org.fusesource.leveldbjni.JniDBFactory" type="java.lang.NoClassDefFoundError"><![CDATA[java.lang.NoClassDefFoundError: Could not initialize class org.fusesource.leveldbjni.JniDBFactory
	at org_fusesource_leveldbjni.leveldbjni.LeveldbjniTest.suspendAndResumeCompactionsKeepsDatabaseAvailableForWrites(LeveldbjniTest.java:201)
	at java.base@25.0.2/java.lang.reflect.Method.invoke(Method.java:565)
	at org.junit.platform.commons.util.ReflectionUtils.invokeMethod(ReflectionUtils.java:727)
	at org.junit.jupiter.engine.execution.MethodInvocation.proceed(MethodInvocation.java:60)
	at org.junit.jupiter.engine.execution.InvocationInterceptorChain$ValidatingInvocation.proceed(InvocationInterceptorChain.java:131)
	at org.junit.jupiter.api.AssertTimeoutPreemptively.lambda$submitTask$3(AssertTimeoutPreemptively.java:95)
	at java.base@25.0.2/java.util.concurrent.FutureTask.run(FutureTask.java:328)
	at java.base@25.0.2/java.util.concurrent.ThreadPoolExecutor.runWorker(ThreadPoolExecutor.java:1090)
	at java.base@25.0.2/java.util.concurrent.ThreadPoolExecutor$Worker.run(ThreadPoolExecutor.java:614)
	at java.base@25.0.2/java.lang.Thread.runWith(Thread.java:1487)
	at java.base@25.0.2/java.lang.Thread.run(Thread.java:1474)
	at org.graalvm.nativeimage.builder/com.oracle.svm.core.thread.PlatformThreads.threadStartRoutine(PlatformThreads.java:820)
	at org.graalvm.nativeimage.builder/com.oracle.svm.core.thread.PlatformThreads.threadStartRoutine(PlatformThreads.java:796)
]]></error>
<system-out><![CDATA[
unique-id: [engine:junit-jupiter]/[class:org_fusesource_leveldbjni.leveldbjni.LeveldbjniTest]/[method:suspendAndResumeCompactionsKeepsDatabaseAvailableForWrites()]
display-name: suspendAndResumeCompactionsKeepsDatabaseAvailableForWrites()
]]></system-out>
</testcase>
<testcase name="storesReadsDeletesAndReopensDatabase()" classname="org_fusesource_leveldbjni.leveldbjni.LeveldbjniTest" time="0">
<error message="Could not initialize class org.fusesource.leveldbjni.JniDBFactory" type="java.lang.NoClassDefFoundError"><![CDATA[java.lang.NoClassDefFoundError: Could not initialize class org.fusesource.leveldbjni.JniDBFactory
	at org_fusesource_leveldbjni.leveldbjni.LeveldbjniTest.storesReadsDeletesAndReopensDatabase(LeveldbjniTest.java:40)
	at java.base@25.0.2/java.lang.reflect.Method.invoke(Method.java:565)
	at org.junit.platform.commons.util.ReflectionUtils.invokeMethod(ReflectionUtils.java:727)
	at org.junit.jupiter.engine.execution.MethodInvocation.proceed(MethodInvocation.java:60)
	at org.junit.jupiter.engine.execution.InvocationInterceptorChain$ValidatingInvocation.proceed(InvocationInterceptorChain.java:131)
	at org.junit.jupiter.api.AssertTimeoutPreemptively.lambda$submitTask$3(AssertTimeoutPreemptively.java:95)
	at java.base@25.0.2/java.util.concurrent.FutureTask.run(FutureTask.java:328)
	at java.base@25.0.2/java.util.concurrent.ThreadPoolExecutor.runWorker(ThreadPoolExecutor.java:1090)
	at java.base@25.0.2/java.util.concurrent.ThreadPoolExecutor$Worker.run(ThreadPoolExecutor.java:614)
	at java.base@25.0.2/java.lang.Thread.runWith(Thread.java:1487)
	at java.base@25.0.2/java.lang.Thread.run(Thread.java:1474)
	at org.graalvm.nativeimage.builder/com.oracle.svm.core.thread.PlatformThreads.threadStartRoutine(PlatformThreads.java:820)
	at org.graalvm.nativeimage.builder/com.oracle.svm.core.thread.PlatformThreads.threadStartRoutine(PlatformThreads.java:796)
]]></error>
<system-out><![CDATA[
unique-id: [engine:junit-jupiter]/[class:org_fusesource_leveldbjni.leveldbjni.LeveldbjniTest]/[method:storesReadsDeletesAndReopensDatabase()]
display-name: storesReadsDeletesAndReopensDatabase()
]]></system-out>
</testcase>
<testcase name="customComparatorControlsIteratorOrdering()" classname="org_fusesource_leveldbjni.leveldbjni.LeveldbjniTest" time="0.003">
<error message="Could not initialize class org.fusesource.leveldbjni.JniDBFactory" type="java.lang.NoClassDefFoundError"><![CDATA[java.lang.NoClassDefFoundError: Could not initialize class org.fusesource.leveldbjni.JniDBFactory
	at org_fusesource_leveldbjni.leveldbjni.LeveldbjniTest.customComparatorControlsIteratorOrdering(LeveldbjniTest.java:137)
	at java.base@25.0.2/java.lang.reflect.Method.invoke(Method.java:565)
	at org.junit.platform.commons.util.ReflectionUtils.invokeMethod(ReflectionUtils.java:727)
	at org.junit.jupiter.engine.execution.MethodInvocation.proceed(MethodInvocation.java:60)
	at org.junit.jupiter.engine.execution.InvocationInterceptorChain$ValidatingInvocation.proceed(InvocationInterceptorChain.java:131)
	at org.junit.jupiter.api.AssertTimeoutPreemptively.lambda$submitTask$3(AssertTimeoutPreemptively.java:95)
	at java.base@25.0.2/java.util.concurrent.FutureTask.run(FutureTask.java:328)
	at java.base@25.0.2/java.util.concurrent.ThreadPoolExecutor.runWorker(ThreadPoolExecutor.java:1090)
	at java.base@25.0.2/java.util.concurrent.ThreadPoolExecutor$Worker.run(ThreadPoolExecutor.java:614)
	at java.base@25.0.2/java.lang.Thread.runWith(Thread.java:1487)
	at java.base@25.0.2/java.lang.Thread.run(Thread.java:1474)
	at org.graalvm.nativeimage.builder/com.oracle.svm.core.thread.PlatformThreads.threadStartRoutine(PlatformThreads.java:820)
	at org.graalvm.nativeimage.builder/com.oracle.svm.core.thread.PlatformThreads.threadStartRoutine(PlatformThreads.java:796)
]]></error>
<system-out><![CDATA[
unique-id: [engine:junit-jupiter]/[class:org_fusesource_leveldbjni.leveldbjni.LeveldbjniTest]/[method:customComparatorControlsIteratorOrdering()]
display-name: customComparatorControlsIteratorOrdering()
]]></system-out>
</testcase>
<testcase name="writeBatchAppliesAtomicMutationsAndIteratorNavigatesKeys()" classname="org_fusesource_leveldbjni.leveldbjni.LeveldbjniTest" time="0">
<error message="Could not initialize class org.fusesource.leveldbjni.JniDBFactory" type="java.lang.NoClassDefFoundError"><![CDATA[java.lang.NoClassDefFoundError: Could not initialize class org.fusesource.leveldbjni.JniDBFactory
	at org_fusesource_leveldbjni.leveldbjni.LeveldbjniTest.writeBatchAppliesAtomicMutationsAndIteratorNavigatesKeys(LeveldbjniTest.java:65)
	at java.base@25.0.2/java.lang.reflect.Method.invoke(Method.java:565)
	at org.junit.platform.commons.util.ReflectionUtils.invokeMethod(ReflectionUtils.java:727)
	at org.junit.jupiter.engine.execution.MethodInvocation.proceed(MethodInvocation.java:60)
	at org.junit.jupiter.engine.execution.InvocationInterceptorChain$ValidatingInvocation.proceed(InvocationInterceptorChain.java:131)
	at org.junit.jupiter.api.AssertTimeoutPreemptively.lambda$submitTask$3(AssertTimeoutPreemptively.java:95)
	at java.base@25.0.2/java.util.concurrent.FutureTask.run(FutureTask.java:328)
	at java.base@25.0.2/java.util.concurrent.ThreadPoolExecutor.runWorker(ThreadPoolExecutor.java:1090)
	at java.base@25.0.2/java.util.concurrent.ThreadPoolExecutor$Worker.run(ThreadPoolExecutor.java:614)
	at java.base@25.0.2/java.lang.Thread.runWith(Thread.java:1487)
	at java.base@25.0.2/java.lang.Thread.run(Thread.java:1474)
	at org.graalvm.nativeimage.builder/com.oracle.svm.core.thread.PlatformThreads.threadStartRoutine(PlatformThreads.java:820)
	at org.graalvm.nativeimage.builder/com.oracle.svm.core.thread.PlatformThreads.threadStartRoutine(PlatformThreads.java:796)
]]></error>
<system-out><![CDATA[
unique-id: [engine:junit-jupiter]/[class:org_fusesource_leveldbjni.leveldbjni.LeveldbjniTest]/[method:writeBatchAppliesAtomicMutationsAndIteratorNavigatesKeys()]
display-name: writeBatchAppliesAtomicMutationsAndIteratorNavigatesKeys()
]]></system-out>
</testcase>
<testcase name="exposesPropertiesApproximateSizesCompactionRepairAndDestroy()" classname="org_fusesource_leveldbjni.leveldbjni.LeveldbjniTest" time="0">
<error message="Could not load library. Reasons: [Can't load library: leveldbjni64-1.8 | java.library.path = [/usr/lib64, /lib64, /lib, /usr/lib], Can't load library: leveldbjni-1.8 | java.library.path = [/usr/lib64, /lib64, /lib, /usr/lib], Can't load library: leveldbjni | java.library.path = [/usr/lib64, /lib64, /lib, /usr/lib]]" type="java.lang.UnsatisfiedLinkError"><![CDATA[java.lang.UnsatisfiedLinkError: Could not load library. Reasons: [Can't load library: leveldbjni64-1.8 | java.library.path = [/usr/lib64, /lib64, /lib, /usr/lib], Can't load library: leveldbjni-1.8 | java.library.path = [/usr/lib64, /lib64, /lib, /usr/lib], Can't load library: leveldbjni | java.library.path = [/usr/lib64, /lib64, /lib, /usr/lib]]
	at org.fusesource.hawtjni.runtime.Library.doLoad(Library.java:182)
	at org.fusesource.hawtjni.runtime.Library.load(Library.java:140)
	at org.fusesource.leveldbjni.JniDBFactory.<clinit>(JniDBFactory.java:48)
	at org_fusesource_leveldbjni.leveldbjni.LeveldbjniTest.exposesPropertiesApproximateSizesCompactionRepairAndDestroy(LeveldbjniTest.java:168)
	at java.base@25.0.2/java.lang.reflect.Method.invoke(Method.java:565)
	at org.junit.platform.commons.util.ReflectionUtils.invokeMethod(ReflectionUtils.java:727)
	at org.junit.jupiter.engine.execution.MethodInvocation.proceed(MethodInvocation.java:60)
	at org.junit.jupiter.engine.execution.InvocationInterceptorChain$ValidatingInvocation.proceed(InvocationInterceptorChain.java:131)
	at org.junit.jupiter.api.AssertTimeoutPreemptively.lambda$submitTask$3(AssertTimeoutPreemptively.java:95)
	at java.base@25.0.2/java.util.concurrent.FutureTask.run(FutureTask.java:328)
	at java.base@25.0.2/java.util.concurrent.ThreadPoolExecutor.runWorker(ThreadPoolExecutor.java:1090)
	at java.base@25.0.2/java.util.concurrent.ThreadPoolExecutor$Worker.run(ThreadPoolExecutor.java:614)
	at java.base@25.0.2/java.lang.Thread.runWith(Thread.java:1487)
	at java.base@25.0.2/java.lang.Thread.run(Thread.java:1474)
	at org.graalvm.nativeimage.builder/com.oracle.svm.core.thread.PlatformThreads.threadStartRoutine(PlatformThreads.java:820)
	at org.graalvm.nativeimage.builder/com.oracle.svm.core.thread.PlatformThreads.threadStartRoutine(PlatformThreads.java:796)
]]></error>
<system-out><![CDATA[
unique-id: [engine:junit-jupiter]/[class:org_fusesource_leveldbjni.leveldbjni.LeveldbjniTest]/[method:exposesPropertiesApproximateSizesCompactionRepairAndDestroy()]
display-name: exposesPropertiesApproximateSizesCompactionRepairAndDestroy()
]]></system-out>
</testcase>
<system-out><![CDATA[
unique-id: [engine:junit-jupiter]
display-name: JUnit Jupiter
]]></system-out>
</testsuite>
